<?xml version="1.0" encoding="UTF-8"?>
<coverage generated="1603674944067" clover="3.2.0">
  <project timestamp="1603674944067" name="All files">
    <metrics statements="4200" coveredstatements="40" conditionals="4522" coveredconditionals="23" methods="1183" coveredmethods="9" elements="9905" coveredelements="72" complexity="0" loc="4200" ncloc="4200" packages="22" files="175" classes="175"/>
    <package name="vue-number-format">
      <metrics statements="2" coveredstatements="0" conditionals="0" coveredconditionals="0" methods="0" coveredmethods="0"/>
      <file name="babel.config.js" path="/home/igortrindade/Code/vue-number-format/babel.config.js">
        <metrics statements="1" coveredstatements="0" conditionals="0" coveredconditionals="0" methods="0" coveredmethods="0"/>
        <line num="2" count="0" type="stmt"/>
      </file>
      <file name="jest.config.js" path="/home/igortrindade/Code/vue-number-format/jest.config.js">
        <metrics statements="1" coveredstatements="0" conditionals="0" coveredconditionals="0" methods="0" coveredmethods="0"/>
        <line num="6" count="0" type="stmt"/>
      </file>
      <file name="rollup.config.js" path="/home/igortrindade/Code/vue-number-format/rollup.config.js">
        <metrics statements="0" coveredstatements="0" conditionals="0" coveredconditionals="0" methods="0" coveredmethods="0"/>
      </file>
    </package>
    <package name="vue-number-format.coverage.lcov-report">
      <metrics statements="106" coveredstatements="0" conditionals="323" coveredconditionals="0" methods="52" coveredmethods="0"/>
      <file name="block-navigation.js" path="/home/igortrindade/Code/vue-number-format/coverage/lcov-report/block-navigation.js">
        <metrics statements="28" coveredstatements="0" conditionals="15" coveredconditionals="0" methods="6" coveredmethods="0"/>
        <line num="2" count="0" type="stmt"/>
        <line num="4" count="0" type="stmt"/>
        <line num="7" count="0" type="stmt"/>
        <line num="10" count="0" type="stmt"/>
        <line num="14" count="0" type="stmt"/>
        <line num="20" count="0" type="stmt"/>
        <line num="25" count="0" type="stmt"/>
        <line num="28" count="0" type="stmt"/>
        <line num="32" count="0" type="stmt"/>
        <line num="33" count="0" type="stmt"/>
        <line num="34" count="0" type="stmt"/>
        <line num="42" count="0" type="stmt"/>
        <line num="43" count="0" type="cond" truecount="0" falsecount="4"/>
        <line num="44" count="0" type="stmt"/>
        <line num="45" count="0" type="cond" truecount="0" falsecount="2"/>
        <line num="46" count="0" type="stmt"/>
        <line num="49" count="0" type="stmt"/>
        <line num="53" count="0" type="stmt"/>
        <line num="55" count="0" type="cond" truecount="0" falsecount="2"/>
        <line num="59" count="0" type="stmt"/>
        <line num="62" count="0" type="stmt"/>
        <line num="65" count="0" type="stmt"/>
        <line num="66" count="0" type="cond" truecount="0" falsecount="5"/>
        <line num="69" count="0" type="stmt"/>
        <line num="70" count="0" type="stmt"/>
        <line num="74" count="0" type="stmt"/>
        <line num="75" count="0" type="stmt"/>
        <line num="79" count="0" type="stmt"/>
      </file>
      <file name="prettify.js" path="/home/igortrindade/Code/vue-number-format/coverage/lcov-report/prettify.js">
        <metrics statements="1" coveredstatements="0" conditionals="286" coveredconditionals="0" methods="29" coveredmethods="0"/>
        <line num="2" count="0" type="cond" truecount="0" falsecount="286"/>
      </file>
      <file name="sorter.js" path="/home/igortrindade/Code/vue-number-format/coverage/lcov-report/sorter.js">
        <metrics statements="77" coveredstatements="0" conditionals="22" coveredconditionals="0" methods="17" coveredmethods="0"/>
        <line num="2" count="0" type="stmt"/>
        <line num="5" count="0" type="stmt"/>
        <line num="12" count="0" type="stmt"/>
        <line num="16" count="0" type="stmt"/>
        <line num="20" count="0" type="stmt"/>
        <line num="24" count="0" type="stmt"/>
        <line num="29" count="0" type="stmt"/>
        <line num="31" count="0" type="stmt"/>
        <line num="35" count="0" type="stmt"/>
        <line num="36" count="0" type="stmt"/>
        <line num="37" count="0" type="stmt"/>
        <line num="42" count="0" type="stmt"/>
        <line num="43" count="0" type="cond" truecount="0" falsecount="2"/>
        <line num="44" count="0" type="stmt"/>
        <line num="45" count="0" type="stmt"/>
        <line num="49" count="0" type="stmt"/>
        <line num="54" count="0" type="stmt"/>
        <line num="57" count="0" type="stmt"/>
        <line num="60" count="0" type="stmt"/>
        <line num="61" count="0" type="stmt"/>
        <line num="62" count="0" type="stmt"/>
        <line num="63" count="0" type="stmt"/>
        <line num="64" count="0" type="cond" truecount="0" falsecount="2"/>
        <line num="65" count="0" type="stmt"/>
        <line num="67" count="0" type="stmt"/>
        <line num="69" count="0" type="stmt"/>
        <line num="73" count="0" type="stmt"/>
        <line num="76" count="0" type="stmt"/>
        <line num="77" count="0" type="stmt"/>
        <line num="82" count="0" type="stmt"/>
        <line num="83" count="0" type="stmt"/>
        <line num="84" count="0" type="stmt"/>
        <line num="85" count="0" type="stmt"/>
        <line num="86" count="0" type="cond" truecount="0" falsecount="4"/>
        <line num="88" count="0" type="stmt"/>
        <line num="89" count="0" type="stmt"/>
        <line num="90" count="0" type="stmt"/>
        <line num="91" count="0" type="stmt"/>
        <line num="94" count="0" type="cond" truecount="0" falsecount="2"/>
        <line num="95" count="0" type="stmt"/>
        <line num="96" count="0" type="stmt"/>
        <line num="100" count="0" type="stmt"/>
        <line num="101" count="0" type="stmt"/>
        <line num="102" count="0" type="stmt"/>
        <line num="105" count="0" type="stmt"/>
        <line num="107" count="0" type="stmt"/>
        <line num="108" count="0" type="stmt"/>
        <line num="113" count="0" type="stmt"/>
        <line num="114" count="0" type="stmt"/>
        <line num="116" count="0" type="stmt"/>
        <line num="117" count="0" type="stmt"/>
        <line num="121" count="0" type="cond" truecount="0" falsecount="2"/>
        <line num="129" count="0" type="stmt"/>
        <line num="130" count="0" type="stmt"/>
        <line num="132" count="0" type="stmt"/>
        <line num="133" count="0" type="stmt"/>
        <line num="135" count="0" type="cond" truecount="0" falsecount="2"/>
        <line num="136" count="0" type="stmt"/>
        <line num="138" count="0" type="stmt"/>
        <line num="139" count="0" type="stmt"/>
        <line num="140" count="0" type="stmt"/>
        <line num="141" count="0" type="stmt"/>
        <line num="142" count="0" type="stmt"/>
        <line num="145" count="0" type="stmt"/>
        <line num="146" count="0" type="cond" truecount="0" falsecount="2"/>
        <line num="149" count="0" type="stmt"/>
        <line num="150" count="0" type="cond" truecount="0" falsecount="2"/>
        <line num="151" count="0" type="stmt"/>
        <line num="153" count="0" type="stmt"/>
        <line num="159" count="0" type="stmt"/>
        <line num="160" count="0" type="cond" truecount="0" falsecount="2"/>
        <line num="161" count="0" type="stmt"/>
        <line num="163" count="0" type="stmt"/>
        <line num="164" count="0" type="stmt"/>
        <line num="165" count="0" type="stmt"/>
        <line num="166" count="0" type="stmt"/>
        <line num="170" count="0" type="stmt"/>
      </file>
    </package>
    <package name="vue-number-format.docs.js.webpack:">
      <metrics statements="72" coveredstatements="0" conditionals="72" coveredconditionals="0" methods="23" coveredmethods="0"/>
      <file name="defaultOptions.js" path="/home/igortrindade/Code/vue-number-format/docs/js/webpack:/defaultOptions.js">
        <metrics statements="1" coveredstatements="0" conditionals="0" coveredconditionals="0" methods="1" coveredmethods="0"/>
        <line num="1" count="0" type="stmt"/>
      </file>
      <file name="index.js" path="/home/igortrindade/Code/vue-number-format/docs/js/webpack:/index.js">
        <metrics statements="15" coveredstatements="0" conditionals="18" coveredconditionals="0" methods="3" coveredmethods="0"/>
        <line num="1" count="0" type="stmt"/>
        <line num="7" count="0" type="stmt"/>
        <line num="8" count="0" type="cond" truecount="0" falsecount="2"/>
        <line num="9" count="0" type="stmt"/>
        <line num="13" count="0" type="stmt"/>
        <line num="17" count="0" type="stmt"/>
        <line num="28" count="0" type="cond" truecount="0" falsecount="4"/>
        <line num="29" count="0" type="stmt"/>
        <line num="30" count="0" type="stmt"/>
        <line num="32" count="0" type="cond" truecount="0" falsecount="4"/>
        <line num="33" count="0" type="stmt"/>
        <line num="34" count="0" type="stmt"/>
        <line num="41" count="0" type="stmt"/>
        <line num="45" count="0" type="stmt"/>
        <line num="46" count="0" type="stmt"/>
      </file>
      <file name="utils.js" path="/home/igortrindade/Code/vue-number-format/docs/js/webpack:/utils.js">
        <metrics statements="41" coveredstatements="0" conditionals="44" coveredconditionals="0" methods="13" coveredmethods="0"/>
        <line num="12" count="0" type="stmt"/>
        <line num="14" count="0" type="cond" truecount="0" falsecount="4"/>
        <line num="15" count="0" type="stmt"/>
        <line num="16" count="0" type="cond" truecount="0" falsecount="3"/>
        <line num="19" count="0" type="cond" truecount="0" falsecount="2"/>
        <line num="20" count="0" type="stmt"/>
        <line num="21" count="0" type="stmt"/>
        <line num="22" count="0" type="stmt"/>
        <line num="23" count="0" type="stmt"/>
        <line num="24" count="0" type="stmt"/>
        <line num="26" count="0" type="stmt"/>
        <line num="28" count="0" type="stmt"/>
        <line num="30" count="0" type="cond" truecount="0" falsecount="4"/>
        <line num="31" count="0" type="stmt"/>
        <line num="32" count="0" type="cond" truecount="0" falsecount="2"/>
        <line num="33" count="0" type="stmt"/>
        <line num="34" count="0" type="stmt"/>
        <line num="35" count="0" type="stmt"/>
        <line num="40" count="0" type="stmt"/>
        <line num="42" count="0" type="stmt"/>
        <line num="43" count="0" type="stmt"/>
        <line num="44" count="0" type="cond" truecount="0" falsecount="2"/>
        <line num="48" count="0" type="stmt"/>
        <line num="51" count="0" type="cond" truecount="0" falsecount="4"/>
        <line num="52" count="0" type="stmt"/>
        <line num="53" count="0" type="stmt"/>
        <line num="59" count="0" type="stmt"/>
        <line num="63" count="0" type="cond" truecount="0" falsecount="2"/>
        <line num="68" count="0" type="stmt"/>
        <line num="72" count="0" type="stmt"/>
        <line num="73" count="0" type="stmt"/>
        <line num="74" count="0" type="stmt"/>
        <line num="78" count="0" type="stmt"/>
        <line num="82" count="0" type="cond" truecount="0" falsecount="2"/>
        <line num="86" count="0" type="cond" truecount="0" falsecount="2"/>
        <line num="89" count="0" type="cond" truecount="0" falsecount="4"/>
        <line num="90" count="0" type="cond" truecount="0" falsecount="2"/>
        <line num="91" count="0" type="cond" truecount="0" falsecount="2"/>
        <line num="92" count="0" type="stmt"/>
        <line num="93" count="0" type="cond" truecount="0" falsecount="3"/>
        <line num="94" count="0" type="cond" truecount="0" falsecount="2"/>
      </file>
      <file name="vue-number-format.vue" path="/home/igortrindade/Code/vue-number-format/docs/js/webpack:/vue-number-format.vue">
        <metrics statements="13" coveredstatements="0" conditionals="10" coveredconditionals="0" methods="6" coveredmethods="0"/>
        <line num="2" count="0" type="stmt"/>
        <line num="5" count="0" type="cond" truecount="0" falsecount="2"/>
        <line num="6" count="0" type="cond" truecount="0" falsecount="2"/>
        <line num="14" count="0" type="stmt"/>
        <line num="35" count="0" type="stmt"/>
        <line num="41" count="0" type="stmt"/>
        <line num="48" count="0" type="stmt"/>
        <line num="52" count="0" type="stmt"/>
        <line num="53" count="0" type="stmt"/>
        <line num="54" count="0" type="stmt"/>
        <line num="58" count="0" type="stmt"/>
        <line num="66" count="0" type="stmt"/>
        <line num="67" count="0" type="cond" truecount="0" falsecount="2"/>
      </file>
      <file name="vue-number-format.vue?e653" path="/home/igortrindade/Code/vue-number-format/docs/js/webpack:/vue-number-format.vue?e653">
        <metrics statements="2" coveredstatements="0" conditionals="0" coveredconditionals="0" methods="0" coveredmethods="0"/>
        <line num="4" count="0" type="stmt"/>
        <line num="6" count="0" type="stmt"/>
      </file>
    </package>
    <package name="vue-number-format.docs.js.webpack:.(webpack).buildin">
      <metrics statements="6" coveredstatements="0" conditionals="4" coveredconditionals="0" methods="2" coveredmethods="0"/>
      <file name="global.js" path="/home/igortrindade/Code/vue-number-format/docs/js/webpack:/(webpack)/buildin/global.js">
        <metrics statements="6" coveredstatements="0" conditionals="4" coveredconditionals="0" methods="2" coveredmethods="0"/>
        <line num="4" count="0" type="stmt"/>
        <line num="5" count="0" type="stmt"/>
        <line num="8" count="0" type="stmt"/>
        <line num="10" count="0" type="cond" truecount="0" falsecount="2"/>
        <line num="13" count="0" type="cond" truecount="0" falsecount="2"/>
        <line num="20" count="0" type="stmt"/>
      </file>
    </package>
    <package name="vue-number-format.docs.js.webpack:.node_modules.@babel.runtime.helpers.esm">
      <metrics statements="4" coveredstatements="0" conditionals="10" coveredconditionals="0" methods="4" coveredmethods="0"/>
      <file name="typeof.js" path="/home/igortrindade/Code/vue-number-format/docs/js/webpack:/node_modules/@babel/runtime/helpers/esm/typeof.js">
        <metrics statements="4" coveredstatements="0" conditionals="10" coveredconditionals="0" methods="4" coveredmethods="0"/>
        <line num="1" count="0" type="stmt"/>
        <line num="6" count="0" type="stmt"/>
        <line num="10" count="0" type="cond" truecount="0" falsecount="6"/>
        <line num="14" count="0" type="stmt"/>
      </file>
    </package>
    <package name="vue-number-format.docs.js.webpack:.node_modules.@vue.reactivity.dist">
      <metrics statements="239" coveredstatements="0" conditionals="278" coveredconditionals="0" methods="80" coveredmethods="0"/>
      <file name="reactivity.esm-bundler.js" path="/home/igortrindade/Code/vue-number-format/docs/js/webpack:/node_modules/@vue/reactivity/dist/reactivity.esm-bundler.js">
        <metrics statements="239" coveredstatements="0" conditionals="278" coveredconditionals="0" methods="80" coveredmethods="0"/>
        <line num="3" count="0" type="stmt"/>
        <line num="4" count="0" type="stmt"/>
        <line num="6" count="0" type="stmt"/>
        <line num="7" count="0" type="stmt"/>
        <line num="9" count="0" type="cond" truecount="0" falsecount="2"/>
        <line num="12" count="0" type="cond" truecount="0" falsecount="2"/>
        <line num="15" count="0" type="stmt"/>
        <line num="19" count="0" type="stmt"/>
        <line num="22" count="0" type="cond" truecount="0" falsecount="2"/>
        <line num="30" count="0" type="stmt"/>
        <line num="32" count="0" type="stmt"/>
        <line num="33" count="0" type="cond" truecount="0" falsecount="2"/>
        <line num="34" count="0" type="cond" truecount="0" falsecount="2"/>
        <line num="36" count="0" type="cond" truecount="0" falsecount="2"/>
        <line num="37" count="0" type="stmt"/>
        <line num="38" count="0" type="stmt"/>
        <line num="42" count="0" type="stmt"/>
        <line num="45" count="0" type="stmt"/>
        <line num="58" count="0" type="stmt"/>
        <line num="61" count="0" type="stmt"/>
        <line num="62" count="0" type="cond" truecount="0" falsecount="2"/>
        <line num="63" count="0" type="stmt"/>
        <line num="64" count="0" type="stmt"/>
        <line num="66" count="0" type="stmt"/>
        <line num="69" count="0" type="stmt"/>
        <line num="70" count="0" type="stmt"/>
        <line num="72" count="0" type="stmt"/>
        <line num="76" count="0" type="stmt"/>
        <line num="80" count="0" type="stmt"/>
        <line num="81" count="0" type="cond" truecount="0" falsecount="2"/>
        <line num="84" count="0" type="cond" truecount="0" falsecount="4"/>
        <line num="85" count="0" type="stmt"/>
        <line num="87" count="0" type="stmt"/>
        <line num="88" count="0" type="cond" truecount="0" falsecount="2"/>
        <line num="91" count="0" type="stmt"/>
        <line num="92" count="0" type="cond" truecount="0" falsecount="2"/>
        <line num="109" count="0" type="stmt"/>
        <line num="110" count="0" type="cond" truecount="0" falsecount="2"/>
        <line num="112" count="0" type="stmt"/>
        <line num="114" count="0" type="stmt"/>
        <line num="115" count="0" type="stmt"/>
        <line num="116" count="0" type="cond" truecount="0" falsecount="2"/>
        <line num="117" count="0" type="stmt"/>
        <line num="124" count="0" type="cond" truecount="0" falsecount="2"/>
        <line num="127" count="0" type="stmt"/>
        <line num="129" count="0" type="cond" truecount="0" falsecount="4"/>
        <line num="130" count="0" type="stmt"/>
        <line num="142" count="0" type="cond" truecount="0" falsecount="2"/>
        <line num="144" count="0" type="stmt"/>
        <line num="154" count="0" type="stmt"/>
        <line num="156" count="0" type="cond" truecount="0" falsecount="2"/>
        <line num="162" count="0" type="stmt"/>
        <line num="164" count="0" type="cond" truecount="0" falsecount="2"/>
        <line num="167" count="0" type="stmt"/>
        <line num="170" count="0" type="stmt"/>
        <line num="182" count="0" type="stmt"/>
        <line num="189" count="0" type="stmt"/>
        <line num="192" count="0" type="stmt"/>
        <line num="193" count="0" type="stmt"/>
        <line num="195" count="0" type="stmt"/>
        <line num="196" count="0" type="stmt"/>
        <line num="197" count="0" type="stmt"/>
        <line num="198" count="0" type="stmt"/>
        <line num="199" count="0" type="stmt"/>
        <line num="200" count="0" type="stmt"/>
        <line num="201" count="0" type="stmt"/>
        <line num="202" count="0" type="stmt"/>
        <line num="203" count="0" type="stmt"/>
        <line num="204" count="0" type="stmt"/>
        <line num="205" count="0" type="stmt"/>
        <line num="208" count="0" type="stmt"/>
        <line num="209" count="0" type="cond" truecount="0" falsecount="2"/>
        <line num="219" count="0" type="stmt"/>
        <line num="220" count="0" type="stmt"/>
        <line num="221" count="0" type="stmt"/>
        <line num="222" count="0" type="stmt"/>
        <line num="224" count="0" type="stmt"/>
        <line num="228" count="0" type="stmt"/>
        <line num="229" count="0" type="cond" truecount="0" falsecount="2"/>
        <line num="230" count="0" type="stmt"/>
        <line num="232" count="0" type="cond" truecount="0" falsecount="2"/>
        <line num="233" count="0" type="stmt"/>
        <line num="235" count="0" type="cond" truecount="0" falsecount="4"/>
        <line num="237" count="0" type="stmt"/>
        <line num="239" count="0" type="stmt"/>
        <line num="240" count="0" type="cond" truecount="0" falsecount="4"/>
        <line num="241" count="0" type="stmt"/>
        <line num="243" count="0" type="stmt"/>
        <line num="244" count="0" type="cond" truecount="0" falsecount="2"/>
        <line num="247" count="0" type="stmt"/>
        <line num="252" count="0" type="cond" truecount="0" falsecount="2"/>
        <line num="253" count="0" type="stmt"/>
        <line num="255" count="0" type="cond" truecount="0" falsecount="2"/>
        <line num="257" count="0" type="cond" truecount="0" falsecount="2"/>
        <line num="258" count="0" type="cond" truecount="0" falsecount="2"/>
        <line num="260" count="0" type="stmt"/>
        <line num="269" count="0" type="stmt"/>
        <line num="270" count="0" type="stmt"/>
        <line num="272" count="0" type="stmt"/>
        <line num="273" count="0" type="stmt"/>
        <line num="274" count="0" type="cond" truecount="0" falsecount="4"/>
        <line num="278" count="0" type="stmt"/>
        <line num="281" count="0" type="cond" truecount="0" falsecount="2"/>
        <line num="284" count="0" type="stmt"/>
        <line num="294" count="0" type="stmt"/>
        <line num="298" count="0" type="stmt"/>
        <line num="299" count="0" type="stmt"/>
        <line num="300" count="0" type="stmt"/>
        <line num="304" count="0" type="stmt"/>
        <line num="307" count="0" type="stmt"/>
        <line num="311" count="0" type="stmt"/>
        <line num="315" count="0" type="stmt"/>
        <line num="317" count="0" type="stmt"/>
        <line num="324" count="0" type="stmt"/>
        <line num="330" count="0" type="stmt"/>
        <line num="336" count="0" type="stmt"/>
        <line num="339" count="0" type="stmt"/>
        <line num="346" count="0" type="stmt"/>
        <line num="350" count="0" type="cond" truecount="0" falsecount="2"/>
        <line num="351" count="0" type="cond" truecount="0" falsecount="2"/>
        <line num="352" count="0" type="stmt"/>
        <line num="353" count="0" type="stmt"/>
        <line num="357" count="0" type="stmt"/>
        <line num="358" count="0" type="stmt"/>
        <line num="359" count="0" type="stmt"/>
        <line num="360" count="0" type="cond" truecount="0" falsecount="3"/>
        <line num="364" count="0" type="stmt"/>
        <line num="365" count="0" type="cond" truecount="0" falsecount="4"/>
        <line num="366" count="0" type="stmt"/>
        <line num="374" count="0" type="stmt"/>
        <line num="375" count="0" type="stmt"/>
        <line num="376" count="0" type="stmt"/>
        <line num="381" count="0" type="stmt"/>
        <line num="388" count="0" type="stmt"/>
        <line num="391" count="0" type="stmt"/>
        <line num="392" count="0" type="stmt"/>
        <line num="393" count="0" type="stmt"/>
        <line num="394" count="0" type="stmt"/>
        <line num="395" count="0" type="stmt"/>
        <line num="399" count="0" type="stmt"/>
        <line num="402" count="0" type="stmt"/>
        <line num="403" count="0" type="stmt"/>
        <line num="404" count="0" type="stmt"/>
        <line num="405" count="0" type="stmt"/>
        <line num="406" count="0" type="cond" truecount="0" falsecount="2"/>
        <line num="413" count="0" type="stmt"/>
        <line num="414" count="0" type="stmt"/>
        <line num="421" count="0" type="stmt"/>
        <line num="424" count="0" type="stmt"/>
        <line num="425" count="0" type="stmt"/>
        <line num="426" count="0" type="stmt"/>
        <line num="427" count="0" type="cond" truecount="0" falsecount="2"/>
        <line num="434" count="0" type="cond" truecount="0" falsecount="2"/>
        <line num="436" count="0" type="stmt"/>
        <line num="440" count="0" type="stmt"/>
        <line num="443" count="0" type="stmt"/>
        <line num="444" count="0" type="stmt"/>
        <line num="445" count="0" type="stmt"/>
        <line num="451" count="0" type="stmt"/>
        <line num="455" count="0" type="stmt"/>
        <line num="458" count="0" type="stmt"/>
        <line num="459" count="0" type="stmt"/>
        <line num="460" count="0" type="stmt"/>
        <line num="461" count="0" type="stmt"/>
        <line num="462" count="0" type="cond" truecount="0" falsecount="4"/>
        <line num="464" count="0" type="cond" truecount="0" falsecount="2"/>
        <line num="468" count="0" type="stmt"/>
        <line num="473" count="0" type="stmt"/>
        <line num="474" count="0" type="stmt"/>
        <line num="475" count="0" type="stmt"/>
        <line num="476" count="0" type="stmt"/>
        <line num="477" count="0" type="cond" truecount="0" falsecount="3"/>
        <line num="478" count="0" type="cond" truecount="0" falsecount="2"/>
        <line num="479" count="0" type="stmt"/>
        <line num="480" count="0" type="cond" truecount="0" falsecount="4"/>
        <line num="485" count="0" type="cond" truecount="0" falsecount="2"/>
        <line num="488" count="0" type="stmt"/>
        <line num="489" count="0" type="stmt"/>
        <line num="498" count="0" type="stmt"/>
        <line num="504" count="0" type="stmt"/>
        <line num="509" count="0" type="cond" truecount="0" falsecount="2"/>
        <line num="512" count="0" type="stmt"/>
        <line num="514" count="0" type="stmt"/>
        <line num="517" count="0" type="stmt"/>
        <line num="526" count="0" type="stmt"/>
        <line num="528" count="0" type="stmt"/>
        <line num="531" count="0" type="stmt"/>
        <line num="540" count="0" type="stmt"/>
        <line num="542" count="0" type="stmt"/>
        <line num="545" count="0" type="stmt"/>
        <line num="548" count="0" type="stmt"/>
        <line num="556" count="0" type="stmt"/>
        <line num="557" count="0" type="stmt"/>
        <line num="558" count="0" type="stmt"/>
        <line num="563" count="0" type="stmt"/>
        <line num="568" count="0" type="stmt"/>
        <line num="569" count="0" type="cond" truecount="0" falsecount="2"/>
        <line num="583" count="0" type="stmt"/>
        <line num="586" count="0" type="stmt"/>
        <line num="589" count="0" type="stmt"/>
        <line num="604" count="0" type="stmt"/>
        <line num="605" count="0" type="stmt"/>
        <line num="607" count="0" type="stmt"/>
        <line num="610" count="0" type="stmt"/>
        <line num="615" count="0" type="stmt"/>
        <line num="617" count="0" type="stmt"/>
        <line num="621" count="0" type="cond" truecount="0" falsecount="2"/>
        <line num="627" count="0" type="cond" truecount="0" falsecount="2"/>
        <line num="636" count="0" type="stmt"/>
        <line num="639" count="0" type="stmt"/>
        <line num="649" count="0" type="cond" truecount="0" falsecount="2"/>
        <line num="653" count="0" type="stmt"/>
        <line num="657" count="0" type="cond" truecount="0" falsecount="5"/>
        <line num="659" count="0" type="stmt"/>
        <line num="662" count="0" type="cond" truecount="0" falsecount="2"/>
        <line num="663" count="0" type="stmt"/>
        <line num="664" count="0" type="cond" truecount="0" falsecount="2"/>
        <line num="665" count="0" type="stmt"/>
        <line num="668" count="0" type="stmt"/>
        <line num="669" count="0" type="cond" truecount="0" falsecount="2"/>
        <line num="670" count="0" type="stmt"/>
        <line num="672" count="0" type="cond" truecount="0" falsecount="2"/>
        <line num="674" count="0" type="stmt"/>
        <line num="677" count="0" type="stmt"/>
        <line num="683" count="0" type="cond" truecount="0" falsecount="2"/>
        <line num="686" count="0" type="cond" truecount="0" falsecount="2"/>
        <line num="689" count="0" type="cond" truecount="0" falsecount="3"/>
        <line num="698" count="0" type="cond" truecount="0" falsecount="2"/>
        <line num="735" count="0" type="cond" truecount="0" falsecount="2"/>
        <line num="737" count="0" type="stmt"/>
        <line num="738" count="0" type="stmt"/>
        <line num="740" count="0" type="stmt"/>
        <line num="741" count="0" type="cond" truecount="0" falsecount="2"/>
        <line num="751" count="0" type="stmt"/>
        <line num="803" count="0" type="stmt"/>
        <line num="809" count="0" type="cond" truecount="0" falsecount="2"/>
        <line num="823" count="0" type="stmt"/>
        <line num="826" count="0" type="stmt"/>
        <line num="844" count="0" type="cond" truecount="0" falsecount="2"/>
      </file>
    </package>
    <package name="vue-number-format.docs.js.webpack:.node_modules.@vue.runtime-core.dist">
      <metrics statements="1121" coveredstatements="0" conditionals="1591" coveredconditionals="0" methods="258" coveredmethods="0"/>
      <file name="runtime-core.esm-bundler.js" path="/home/igortrindade/Code/vue-number-format/docs/js/webpack:/node_modules/@vue/runtime-core/dist/runtime-core.esm-bundler.js">
        <metrics statements="1121" coveredstatements="0" conditionals="1591" coveredconditionals="0" methods="258" coveredmethods="0"/>
        <line num="153" count="0" type="stmt"/>
        <line num="154" count="0" type="cond" truecount="0" falsecount="2"/>
        <line num="157" count="0" type="stmt"/>
        <line num="159" count="0" type="stmt"/>
        <line num="162" count="0" type="cond" truecount="0" falsecount="2"/>
        <line num="163" count="0" type="stmt"/>
        <line num="166" count="0" type="stmt"/>
        <line num="169" count="0" type="stmt"/>
        <line num="171" count="0" type="stmt"/>
        <line num="172" count="0" type="stmt"/>
        <line num="173" count="0" type="stmt"/>
        <line num="175" count="0" type="stmt"/>
        <line num="178" count="0" type="cond" truecount="0" falsecount="2"/>
        <line num="179" count="0" type="cond" truecount="0" falsecount="2"/>
        <line num="180" count="0" type="stmt"/>
        <line num="182" count="0" type="stmt"/>
        <line num="184" count="0" type="stmt"/>
        <line num="185" count="0" type="stmt"/>
        <line num="186" count="0" type="stmt"/>
        <line num="187" count="0" type="cond" truecount="0" falsecount="2"/>
        <line num="188" count="0" type="stmt"/>
        <line num="189" count="0" type="cond" truecount="0" falsecount="2"/>
        <line num="190" count="0" type="stmt"/>
        <line num="194" count="0" type="stmt"/>
        <line num="197" count="0" type="stmt"/>
        <line num="198" count="0" type="cond" truecount="0" falsecount="2"/>
        <line num="200" count="0" type="stmt"/>
        <line num="203" count="0" type="stmt"/>
        <line num="225" count="0" type="stmt"/>
        <line num="229" count="0" type="stmt"/>
        <line num="230" count="0" type="stmt"/>
        <line num="231" count="0" type="stmt"/>
        <line num="232" count="0" type="stmt"/>
        <line num="233" count="0" type="stmt"/>
        <line num="234" count="0" type="stmt"/>
        <line num="235" count="0" type="stmt"/>
        <line num="236" count="0" type="stmt"/>
        <line num="237" count="0" type="stmt"/>
        <line num="238" count="0" type="stmt"/>
        <line num="239" count="0" type="stmt"/>
        <line num="240" count="0" type="stmt"/>
        <line num="241" count="0" type="stmt"/>
        <line num="244" count="0" type="cond" truecount="0" falsecount="2"/>
        <line num="245" count="0" type="cond" truecount="0" falsecount="4"/>
        <line num="254" count="0" type="cond" truecount="0" falsecount="4"/>
        <line num="262" count="0" type="cond" truecount="0" falsecount="3"/>
        <line num="268" count="0" type="stmt"/>
        <line num="269" count="0" type="cond" truecount="0" falsecount="2"/>
        <line num="274" count="0" type="stmt"/>
        <line num="289" count="0" type="stmt"/>
        <line num="292" count="0" type="stmt"/>
        <line num="295" count="0" type="cond" truecount="0" falsecount="2"/>
        <line num="302" count="0" type="stmt"/>
        <line num="306" count="0" type="stmt"/>
        <line num="308" count="0" type="stmt"/>
        <line num="316" count="0" type="cond" truecount="0" falsecount="2"/>
        <line num="317" count="0" type="stmt"/>
        <line num="320" count="0" type="cond" truecount="0" falsecount="2"/>
        <line num="322" count="0" type="stmt"/>
        <line num="328" count="0" type="stmt"/>
        <line num="329" count="0" type="stmt"/>
        <line num="333" count="0" type="stmt"/>
        <line num="335" count="0" type="stmt"/>
        <line num="339" count="0" type="cond" truecount="0" falsecount="2"/>
        <line num="341" count="0" type="stmt"/>
        <line num="356" count="0" type="stmt"/>
        <line num="357" count="0" type="stmt"/>
        <line num="358" count="0" type="stmt"/>
        <line num="359" count="0" type="stmt"/>
        <line num="360" count="0" type="cond" truecount="0" falsecount="2"/>
        <line num="369" count="0" type="stmt"/>
        <line num="402" count="0" type="stmt"/>
        <line num="422" count="0" type="stmt"/>
        <line num="553" count="0" type="cond" truecount="0" falsecount="2"/>
        <line num="574" count="0" type="stmt"/>
        <line num="575" count="0" type="stmt"/>
        <line num="577" count="0" type="cond" truecount="0" falsecount="2"/>
        <line num="578" count="0" type="cond" truecount="0" falsecount="4"/>
        <line num="579" count="0" type="cond" truecount="0" falsecount="2"/>
        <line num="580" count="0" type="cond" truecount="0" falsecount="2"/>
        <line num="581" count="0" type="stmt"/>
        <line num="582" count="0" type="cond" truecount="0" falsecount="2"/>
        <line num="602" count="0" type="stmt"/>
        <line num="603" count="0" type="cond" truecount="0" falsecount="3"/>
        <line num="613" count="0" type="stmt"/>
        <line num="614" count="0" type="cond" truecount="0" falsecount="2"/>
        <line num="615" count="0" type="cond" truecount="0" falsecount="2"/>
        <line num="618" count="0" type="cond" truecount="0" falsecount="2"/>
        <line num="619" count="0" type="stmt"/>
        <line num="621" count="0" type="stmt"/>
        <line num="625" count="0" type="cond" truecount="0" falsecount="4"/>
        <line num="626" count="0" type="stmt"/>
        <line num="628" count="0" type="stmt"/>
        <line num="629" count="0" type="stmt"/>
        <line num="631" count="0" type="stmt"/>
        <line num="632" count="0" type="cond" truecount="0" falsecount="2"/>
        <line num="633" count="0" type="stmt"/>
        <line num="634" count="0" type="stmt"/>
        <line num="635" count="0" type="cond" truecount="0" falsecount="3"/>
        <line num="647" count="0" type="cond" truecount="0" falsecount="2"/>
        <line num="651" count="0" type="cond" truecount="0" falsecount="2"/>
        <line num="662" count="0" type="cond" truecount="0" falsecount="4"/>
        <line num="672" count="0" type="stmt"/>
        <line num="674" count="0" type="stmt"/>
        <line num="684" count="0" type="stmt"/>
        <line num="686" count="0" type="stmt"/>
        <line num="690" count="0" type="stmt"/>
        <line num="692" count="0" type="cond" truecount="0" falsecount="2"/>
        <line num="695" count="0" type="cond" truecount="0" falsecount="2"/>
        <line num="696" count="0" type="stmt"/>
        <line num="701" count="0" type="stmt"/>
        <line num="703" count="0" type="stmt"/>
        <line num="725" count="0" type="stmt"/>
        <line num="731" count="0" type="cond" truecount="0" falsecount="4"/>
        <line num="732" count="0" type="stmt"/>
        <line num="733" count="0" type="stmt"/>
        <line num="734" count="0" type="cond" truecount="0" falsecount="4"/>
        <line num="782" count="0" type="cond" truecount="0" falsecount="2"/>
        <line num="805" count="0" type="stmt"/>
        <line num="809" count="0" type="stmt"/>
        <line num="846" count="0" type="stmt"/>
        <line num="851" count="0" type="cond" truecount="0" falsecount="4"/>
        <line num="853" count="0" type="stmt"/>
        <line num="855" count="0" type="stmt"/>
        <line num="860" count="0" type="stmt"/>
        <line num="862" count="0" type="stmt"/>
        <line num="863" count="0" type="stmt"/>
        <line num="864" count="0" type="stmt"/>
        <line num="865" count="0" type="cond" truecount="0" falsecount="3"/>
        <line num="869" count="0" type="stmt"/>
        <line num="878" count="0" type="stmt"/>
        <line num="879" count="0" type="stmt"/>
        <line num="880" count="0" type="stmt"/>
        <line num="888" count="0" type="cond" truecount="0" falsecount="4"/>
        <line num="889" count="0" type="stmt"/>
        <line num="891" count="0" type="cond" truecount="0" falsecount="4"/>
        <line num="892" count="0" type="cond" truecount="0" falsecount="2"/>
        <line num="895" count="0" type="stmt"/>
        <line num="897" count="0" type="cond" truecount="0" falsecount="2"/>
        <line num="898" count="0" type="stmt"/>
        <line num="904" count="0" type="cond" truecount="0" falsecount="2"/>
        <line num="905" count="0" type="stmt"/>
        <line num="906" count="0" type="stmt"/>
        <line num="907" count="0" type="stmt"/>
        <line num="908" count="0" type="cond" truecount="0" falsecount="4"/>
        <line num="910" count="0" type="stmt"/>
        <line num="918" count="0" type="cond" truecount="0" falsecount="7"/>
        <line num="934" count="0" type="stmt"/>
        <line num="937" count="0" type="stmt"/>
        <line num="938" count="0" type="cond" truecount="0" falsecount="2"/>
        <line num="939" count="0" type="stmt"/>
        <line num="941" count="0" type="stmt"/>
        <line num="942" count="0" type="stmt"/>
        <line num="943" count="0" type="cond" truecount="0" falsecount="4"/>
        <line num="945" count="0" type="stmt"/>
        <line num="948" count="0" type="stmt"/>
        <line num="952" count="0" type="cond" truecount="0" falsecount="2"/>
        <line num="958" count="0" type="stmt"/>
        <line num="1323" count="0" type="stmt"/>
        <line num="1334" count="0" type="stmt"/>
        <line num="1343" count="0" type="cond" truecount="0" falsecount="2"/>
        <line num="1344" count="0" type="stmt"/>
        <line num="1345" count="0" type="stmt"/>
        <line num="1350" count="0" type="stmt"/>
        <line num="1353" count="0" type="cond" truecount="0" falsecount="2"/>
        <line num="1377" count="0" type="stmt"/>
        <line num="1378" count="0" type="stmt"/>
        <line num="1412" count="0" type="cond" truecount="0" falsecount="2"/>
        <line num="1413" count="0" type="stmt"/>
        <line num="1414" count="0" type="stmt"/>
        <line num="1418" count="0" type="cond" truecount="0" falsecount="2"/>
        <line num="1421" count="0" type="stmt"/>
        <line num="1422" count="0" type="stmt"/>
        <line num="1423" count="0" type="stmt"/>
        <line num="1428" count="0" type="stmt"/>
        <line num="1431" count="0" type="stmt"/>
        <line num="1435" count="0" type="stmt"/>
        <line num="1464" count="0" type="stmt"/>
        <line num="1465" count="0" type="stmt"/>
        <line num="1466" count="0" type="stmt"/>
        <line num="1489" count="0" type="stmt"/>
        <line num="1490" count="0" type="stmt"/>
        <line num="1491" count="0" type="stmt"/>
        <line num="1492" count="0" type="cond" truecount="0" falsecount="4"/>
        <line num="1501" count="0" type="cond" truecount="0" falsecount="2"/>
        <line num="1504" count="0" type="stmt"/>
        <line num="1505" count="0" type="stmt"/>
        <line num="1506" count="0" type="stmt"/>
        <line num="1508" count="0" type="stmt"/>
        <line num="1509" count="0" type="cond" truecount="0" falsecount="2"/>
        <line num="1512" count="0" type="cond" truecount="0" falsecount="2"/>
        <line num="1513" count="0" type="stmt"/>
        <line num="1516" count="0" type="stmt"/>
        <line num="1517" count="0" type="stmt"/>
        <line num="1521" count="0" type="stmt"/>
        <line num="1528" count="0" type="stmt"/>
        <line num="1532" count="0" type="stmt"/>
        <line num="1533" count="0" type="cond" truecount="0" falsecount="5"/>
        <line num="1555" count="0" type="cond" truecount="0" falsecount="2"/>
        <line num="1556" count="0" type="stmt"/>
        <line num="1557" count="0" type="cond" truecount="0" falsecount="3"/>
        <line num="1564" count="0" type="stmt"/>
        <line num="1570" count="0" type="stmt"/>
        <line num="1571" count="0" type="cond" truecount="0" falsecount="2"/>
        <line num="1572" count="0" type="stmt"/>
        <line num="1573" count="0" type="stmt"/>
        <line num="1575" count="0" type="cond" truecount="0" falsecount="2"/>
        <line num="1576" count="0" type="stmt"/>
        <line num="1581" count="0" type="cond" truecount="0" falsecount="2"/>
        <line num="1592" count="0" type="cond" truecount="0" falsecount="2"/>
        <line num="1593" count="0" type="stmt"/>
        <line num="1594" count="0" type="stmt"/>
        <line num="1595" count="0" type="stmt"/>
        <line num="1596" count="0" type="stmt"/>
        <line num="1601" count="0" type="stmt"/>
        <line num="1602" count="0" type="cond" truecount="0" falsecount="2"/>
        <line num="1603" count="0" type="stmt"/>
        <line num="1605" count="0" type="cond" truecount="0" falsecount="4"/>
        <line num="1606" count="0" type="stmt"/>
        <line num="1607" count="0" type="cond" truecount="0" falsecount="2"/>
        <line num="1617" count="0" type="cond" truecount="0" falsecount="2"/>
        <line num="1627" count="0" type="stmt"/>
        <line num="1630" count="0" type="cond" truecount="0" falsecount="4"/>
        <line num="1631" count="0" type="stmt"/>
        <line num="1633" count="0" type="stmt"/>
        <line num="1634" count="0" type="stmt"/>
        <line num="1635" count="0" type="stmt"/>
        <line num="1637" count="0" type="stmt"/>
        <line num="1638" count="0" type="cond" truecount="0" falsecount="2"/>
        <line num="1639" count="0" type="stmt"/>
        <line num="1640" count="0" type="stmt"/>
        <line num="1641" count="0" type="stmt"/>
        <line num="1642" count="0" type="stmt"/>
        <line num="1644" count="0" type="cond" truecount="0" falsecount="3"/>
        <line num="1656" count="0" type="cond" truecount="0" falsecount="4"/>
        <line num="1657" count="0" type="stmt"/>
        <line num="1659" count="0" type="cond" truecount="0" falsecount="2"/>
        <line num="1660" count="0" type="stmt"/>
        <line num="1661" count="0" type="stmt"/>
        <line num="1664" count="0" type="stmt"/>
        <line num="1665" count="0" type="cond" truecount="0" falsecount="2"/>
        <line num="1670" count="0" type="cond" truecount="0" falsecount="2"/>
        <line num="1671" count="0" type="stmt"/>
        <line num="1674" count="0" type="stmt"/>
        <line num="1675" count="0" type="stmt"/>
        <line num="1676" count="0" type="cond" truecount="0" falsecount="2"/>
        <line num="1677" count="0" type="stmt"/>
        <line num="1678" count="0" type="stmt"/>
        <line num="1680" count="0" type="cond" truecount="0" falsecount="2"/>
        <line num="1681" count="0" type="stmt"/>
        <line num="1682" count="0" type="stmt"/>
        <line num="1683" count="0" type="stmt"/>
        <line num="1694" count="0" type="stmt"/>
        <line num="1697" count="0" type="stmt"/>
        <line num="1708" count="0" type="cond" truecount="0" falsecount="2"/>
        <line num="1709" count="0" type="cond" truecount="0" falsecount="2"/>
        <line num="1712" count="0" type="stmt"/>
        <line num="1715" count="0" type="cond" truecount="0" falsecount="2"/>
        <line num="1716" count="0" type="stmt"/>
        <line num="1717" count="0" type="cond" truecount="0" falsecount="2"/>
        <line num="1718" count="0" type="stmt"/>
        <line num="1722" count="0" type="cond" truecount="0" falsecount="2"/>
        <line num="1723" count="0" type="cond" truecount="0" falsecount="2"/>
        <line num="1725" count="0" type="stmt"/>
        <line num="1856" count="0" type="cond" truecount="0" falsecount="2"/>
        <line num="1857" count="0" type="cond" truecount="0" falsecount="2"/>
        <line num="1861" count="0" type="cond" truecount="0" falsecount="2"/>
        <line num="1863" count="0" type="cond" truecount="0" falsecount="2"/>
        <line num="1864" count="0" type="stmt"/>
        <line num="1868" count="0" type="stmt"/>
        <line num="1873" count="0" type="stmt"/>
        <line num="1876" count="0" type="stmt"/>
        <line num="1884" count="0" type="stmt"/>
        <line num="1896" count="0" type="cond" truecount="0" falsecount="3"/>
        <line num="1899" count="0" type="stmt"/>
        <line num="1900" count="0" type="stmt"/>
        <line num="1901" count="0" type="stmt"/>
        <line num="1902" count="0" type="stmt"/>
        <line num="1903" count="0" type="stmt"/>
        <line num="1904" count="0" type="stmt"/>
        <line num="1905" count="0" type="stmt"/>
        <line num="1906" count="0" type="stmt"/>
        <line num="1907" count="0" type="cond" truecount="0" falsecount="1"/>
        <line num="1908" count="0" type="stmt"/>
        <line num="1916" count="0" type="stmt"/>
        <line num="1924" count="0" type="stmt"/>
        <line num="1942" count="0" type="stmt"/>
        <line num="1944" count="0" type="cond" truecount="0" falsecount="2"/>
        <line num="1948" count="0" type="cond" truecount="0" falsecount="2"/>
        <line num="1952" count="0" type="cond" truecount="0" falsecount="2"/>
        <line num="1953" count="0" type="stmt"/>
        <line num="1970" count="0" type="cond" truecount="0" falsecount="2"/>
        <line num="1975" count="0" type="cond" truecount="0" falsecount="4"/>
        <line num="1981" count="0" type="stmt"/>
        <line num="1989" count="0" type="cond" truecount="0" falsecount="4"/>
        <line num="1990" count="0" type="stmt"/>
        <line num="1991" count="0" type="stmt"/>
        <line num="1994" count="0" type="stmt"/>
        <line num="1995" count="0" type="stmt"/>
        <line num="1996" count="0" type="stmt"/>
        <line num="1999" count="0" type="cond" truecount="0" falsecount="2"/>
        <line num="2000" count="0" type="stmt"/>
        <line num="2001" count="0" type="cond" truecount="0" falsecount="2"/>
        <line num="2004" count="0" type="cond" truecount="0" falsecount="2"/>
        <line num="2006" count="0" type="stmt"/>
        <line num="2023" count="0" type="stmt"/>
        <line num="2028" count="0" type="stmt"/>
        <line num="2034" count="0" type="cond" truecount="0" falsecount="4"/>
        <line num="2038" count="0" type="cond" truecount="0" falsecount="2"/>
        <line num="2049" count="0" type="stmt"/>
        <line num="2071" count="0" type="stmt"/>
        <line num="2072" count="0" type="stmt"/>
        <line num="2080" count="0" type="stmt"/>
        <line num="2081" count="0" type="stmt"/>
        <line num="2082" count="0" type="cond" truecount="0" falsecount="2"/>
        <line num="2084" count="0" type="stmt"/>
        <line num="2087" count="0" type="cond" truecount="0" falsecount="4"/>
        <line num="2088" count="0" type="stmt"/>
        <line num="2091" count="0" type="cond" truecount="0" falsecount="2"/>
        <line num="2092" count="0" type="stmt"/>
        <line num="2094" count="0" type="cond" truecount="0" falsecount="2"/>
        <line num="2095" count="0" type="stmt"/>
        <line num="2096" count="0" type="stmt"/>
        <line num="2099" count="0" type="cond" truecount="0" falsecount="4"/>
        <line num="2100" count="0" type="stmt"/>
        <line num="2101" count="0" type="stmt"/>
        <line num="2105" count="0" type="stmt"/>
        <line num="2106" count="0" type="stmt"/>
        <line num="2109" count="0" type="stmt"/>
        <line num="2113" count="0" type="stmt"/>
        <line num="2120" count="0" type="stmt"/>
        <line num="2123" count="0" type="stmt"/>
        <line num="2125" count="0" type="stmt"/>
        <line num="2127" count="0" type="stmt"/>
        <line num="2128" count="0" type="stmt"/>
        <line num="2151" count="0" type="stmt"/>
        <line num="2152" count="0" type="stmt"/>
        <line num="2154" count="0" type="stmt"/>
        <line num="2155" count="0" type="cond" truecount="0" falsecount="2"/>
        <line num="2156" count="0" type="cond" truecount="0" falsecount="4"/>
        <line num="2157" count="0" type="stmt"/>
        <line num="2166" count="0" type="stmt"/>
        <line num="2167" count="0" type="stmt"/>
        <line num="2173" count="0" type="stmt"/>
        <line num="2174" count="0" type="cond" truecount="0" falsecount="2"/>
        <line num="2175" count="0" type="stmt"/>
        <line num="2179" count="0" type="stmt"/>
        <line num="2180" count="0" type="cond" truecount="0" falsecount="2"/>
        <line num="2181" count="0" type="stmt"/>
        <line num="2183" count="0" type="stmt"/>
        <line num="2184" count="0" type="stmt"/>
        <line num="2185" count="0" type="stmt"/>
        <line num="2186" count="0" type="cond" truecount="0" falsecount="2"/>
        <line num="2187" count="0" type="stmt"/>
        <line num="2188" count="0" type="stmt"/>
        <line num="2189" count="0" type="cond" truecount="0" falsecount="2"/>
        <line num="2190" count="0" type="stmt"/>
        <line num="2200" count="0" type="cond" truecount="0" falsecount="6"/>
        <line num="2203" count="0" type="stmt"/>
        <line num="2207" count="0" type="cond" truecount="0" falsecount="2"/>
        <line num="2211" count="0" type="stmt"/>
        <line num="2214" count="0" type="stmt"/>
        <line num="2216" count="0" type="cond" truecount="0" falsecount="2"/>
        <line num="2218" count="0" type="stmt"/>
        <line num="2219" count="0" type="stmt"/>
        <line num="2222" count="0" type="stmt"/>
        <line num="2230" count="0" type="stmt"/>
        <line num="2236" count="0" type="stmt"/>
        <line num="2238" count="0" type="stmt"/>
        <line num="2239" count="0" type="stmt"/>
        <line num="2244" count="0" type="stmt"/>
        <line num="2249" count="0" type="cond" truecount="0" falsecount="1"/>
        <line num="2250" count="0" type="stmt"/>
        <line num="2251" count="0" type="stmt"/>
        <line num="2252" count="0" type="stmt"/>
        <line num="2253" count="0" type="cond" truecount="0" falsecount="2"/>
        <line num="2256" count="0" type="stmt"/>
        <line num="2260" count="0" type="stmt"/>
        <line num="2261" count="0" type="cond" truecount="0" falsecount="2"/>
        <line num="2262" count="0" type="cond" truecount="0" falsecount="2"/>
        <line num="2263" count="0" type="cond" truecount="0" falsecount="2"/>
        <line num="2266" count="0" type="stmt"/>
        <line num="2270" count="0" type="cond" truecount="0" falsecount="2"/>
        <line num="2274" count="0" type="stmt"/>
        <line num="2275" count="0" type="cond" truecount="0" falsecount="4"/>
        <line num="2284" count="0" type="stmt"/>
        <line num="2285" count="0" type="stmt"/>
        <line num="2286" count="0" type="stmt"/>
        <line num="2287" count="0" type="cond" truecount="0" falsecount="2"/>
        <line num="2288" count="0" type="cond" truecount="0" falsecount="2"/>
        <line num="2289" count="0" type="cond" truecount="0" falsecount="2"/>
        <line num="2294" count="0" type="stmt"/>
        <line num="2297" count="0" type="stmt"/>
        <line num="2298" count="0" type="stmt"/>
        <line num="2299" count="0" type="cond" truecount="0" falsecount="2"/>
        <line num="2313" count="0" type="stmt"/>
        <line num="2324" count="0" type="stmt"/>
        <line num="2328" count="0" type="cond" truecount="0" falsecount="2"/>
        <line num="2329" count="0" type="stmt"/>
        <line num="2331" count="0" type="stmt"/>
        <line num="2332" count="0" type="stmt"/>
        <line num="2333" count="0" type="stmt"/>
        <line num="2334" count="0" type="cond" truecount="0" falsecount="2"/>
        <line num="2349" count="0" type="stmt"/>
        <line num="2361" count="0" type="stmt"/>
        <line num="2364" count="0" type="stmt"/>
        <line num="2371" count="0" type="cond" truecount="0" falsecount="2"/>
        <line num="2374" count="0" type="stmt"/>
        <line num="2378" count="0" type="stmt"/>
        <line num="2385" count="0" type="cond" truecount="0" falsecount="2"/>
        <line num="2397" count="0" type="stmt"/>
        <line num="2398" count="0" type="stmt"/>
        <line num="2399" count="0" type="stmt"/>
        <line num="2400" count="0" type="stmt"/>
        <line num="2402" count="0" type="stmt"/>
        <line num="2416" count="0" type="cond" truecount="0" falsecount="2"/>
        <line num="2417" count="0" type="stmt"/>
        <line num="2418" count="0" type="stmt"/>
        <line num="2421" count="0" type="stmt"/>
        <line num="2424" count="0" type="stmt"/>
        <line num="2433" count="0" type="stmt"/>
        <line num="2615" count="0" type="cond" truecount="0" falsecount="2"/>
        <line num="2618" count="0" type="stmt"/>
        <line num="2619" count="0" type="cond" truecount="0" falsecount="2"/>
        <line num="2631" count="0" type="stmt"/>
        <line num="2634" count="0" type="stmt"/>
        <line num="2640" count="0" type="cond" truecount="0" falsecount="2"/>
        <line num="2643" count="0" type="stmt"/>
        <line num="2644" count="0" type="stmt"/>
        <line num="2645" count="0" type="cond" truecount="0" falsecount="2"/>
        <line num="2646" count="0" type="stmt"/>
        <line num="2648" count="0" type="stmt"/>
        <line num="2650" count="0" type="stmt"/>
        <line num="2658" count="0" type="cond" truecount="0" falsecount="2"/>
        <line num="2659" count="0" type="stmt"/>
        <line num="2660" count="0" type="cond" truecount="0" falsecount="2"/>
        <line num="2661" count="0" type="cond" truecount="0" falsecount="2"/>
        <line num="2671" count="0" type="stmt"/>
        <line num="2672" count="0" type="stmt"/>
        <line num="2673" count="0" type="stmt"/>
        <line num="2677" count="0" type="stmt"/>
        <line num="2678" count="0" type="cond" truecount="0" falsecount="2"/>
        <line num="2687" count="0" type="cond" truecount="0" falsecount="2"/>
        <line num="2690" count="0" type="cond" truecount="0" falsecount="2"/>
        <line num="2691" count="0" type="stmt"/>
        <line num="2694" count="0" type="stmt"/>
        <line num="2700" count="0" type="stmt"/>
        <line num="2702" count="0" type="stmt"/>
        <line num="2703" count="0" type="stmt"/>
        <line num="2704" count="0" type="stmt"/>
        <line num="2705" count="0" type="cond" truecount="0" falsecount="2"/>
        <line num="2706" count="0" type="stmt"/>
        <line num="2707" count="0" type="stmt"/>
        <line num="2708" count="0" type="cond" truecount="0" falsecount="2"/>
        <line num="2709" count="0" type="stmt"/>
        <line num="2711" count="0" type="cond" truecount="0" falsecount="2"/>
        <line num="2712" count="0" type="stmt"/>
        <line num="2716" count="0" type="stmt"/>
        <line num="2717" count="0" type="stmt"/>
        <line num="2721" count="0" type="stmt"/>
        <line num="2726" count="0" type="stmt"/>
        <line num="2727" count="0" type="stmt"/>
        <line num="2729" count="0" type="stmt"/>
        <line num="2730" count="0" type="cond" truecount="0" falsecount="2"/>
        <line num="2731" count="0" type="stmt"/>
        <line num="2732" count="0" type="stmt"/>
        <line num="2742" count="0" type="stmt"/>
        <line num="2747" count="0" type="stmt"/>
        <line num="2749" count="0" type="stmt"/>
        <line num="2750" count="0" type="stmt"/>
        <line num="2751" count="0" type="stmt"/>
        <line num="2752" count="0" type="stmt"/>
        <line num="2753" count="0" type="cond" truecount="0" falsecount="2"/>
        <line num="2754" count="0" type="stmt"/>
        <line num="2755" count="0" type="stmt"/>
        <line num="2779" count="0" type="cond" truecount="0" falsecount="2"/>
        <line num="2785" count="0" type="cond" truecount="0" falsecount="2"/>
        <line num="2786" count="0" type="stmt"/>
        <line num="2787" count="0" type="cond" truecount="0" falsecount="3"/>
        <line num="2843" count="0" type="stmt"/>
        <line num="2844" count="0" type="cond" truecount="0" falsecount="2"/>
        <line num="2845" count="0" type="stmt"/>
        <line num="2846" count="0" type="stmt"/>
        <line num="2847" count="0" type="cond" truecount="0" falsecount="2"/>
        <line num="2850" count="0" type="stmt"/>
        <line num="2851" count="0" type="cond" truecount="0" falsecount="2"/>
        <line num="2863" count="0" type="stmt"/>
        <line num="2880" count="0" type="stmt"/>
        <line num="2882" count="0" type="cond" truecount="0" falsecount="1"/>
        <line num="2883" count="0" type="cond" truecount="0" falsecount="3"/>
        <line num="2887" count="0" type="stmt"/>
        <line num="2888" count="0" type="stmt"/>
        <line num="2889" count="0" type="stmt"/>
        <line num="2890" count="0" type="stmt"/>
        <line num="2898" count="0" type="stmt"/>
        <line num="2901" count="0" type="stmt"/>
        <line num="2921" count="0" type="stmt"/>
        <line num="2941" count="0" type="stmt"/>
        <line num="2947" count="0" type="stmt"/>
        <line num="2960" count="0" type="stmt"/>
        <line num="2970" count="0" type="cond" truecount="0" falsecount="2"/>
        <line num="2971" count="0" type="stmt"/>
        <line num="2993" count="0" type="stmt"/>
        <line num="3003" count="0" type="cond" truecount="0" falsecount="2"/>
        <line num="3021" count="0" type="stmt"/>
        <line num="3024" count="0" type="stmt"/>
        <line num="3386" count="0" type="stmt"/>
        <line num="3399" count="0" type="stmt"/>
        <line num="3401" count="0" type="stmt"/>
        <line num="3402" count="0" type="cond" truecount="0" falsecount="2"/>
        <line num="3403" count="0" type="cond" truecount="0" falsecount="4"/>
        <line num="3404" count="0" type="stmt"/>
        <line num="3412" count="0" type="cond" truecount="0" falsecount="2"/>
        <line num="3418" count="0" type="stmt"/>
        <line num="3424" count="0" type="cond" truecount="0" falsecount="2"/>
        <line num="3425" count="0" type="cond" truecount="0" falsecount="2"/>
        <line num="3426" count="0" type="stmt"/>
        <line num="3439" count="0" type="cond" truecount="0" falsecount="2"/>
        <line num="3440" count="0" type="stmt"/>
        <line num="3441" count="0" type="stmt"/>
        <line num="3449" count="0" type="stmt"/>
        <line num="3457" count="0" type="cond" truecount="0" falsecount="2"/>
        <line num="3458" count="0" type="stmt"/>
        <line num="3459" count="0" type="stmt"/>
        <line num="3461" count="0" type="stmt"/>
        <line num="3469" count="0" type="cond" truecount="0" falsecount="2"/>
        <line num="3495" count="0" type="stmt"/>
        <line num="3507" count="0" type="stmt"/>
        <line num="3509" count="0" type="cond" truecount="0" falsecount="1"/>
        <line num="3512" count="0" type="cond" truecount="0" falsecount="5"/>
        <line num="3514" count="0" type="cond" truecount="0" falsecount="3"/>
        <line num="3523" count="0" type="stmt"/>
        <line num="3524" count="0" type="stmt"/>
        <line num="3526" count="0" type="stmt"/>
        <line num="3527" count="0" type="stmt"/>
        <line num="3529" count="0" type="stmt"/>
        <line num="3530" count="0" type="stmt"/>
        <line num="3532" count="0" type="cond" truecount="0" falsecount="2"/>
        <line num="3538" count="0" type="stmt"/>
        <line num="3540" count="0" type="stmt"/>
        <line num="3541" count="0" type="stmt"/>
        <line num="3543" count="0" type="stmt"/>
        <line num="3560" count="0" type="cond" truecount="0" falsecount="3"/>
        <line num="3564" count="0" type="stmt"/>
        <line num="3565" count="0" type="cond" truecount="0" falsecount="2"/>
        <line num="3566" count="0" type="stmt"/>
        <line num="3569" count="0" type="stmt"/>
        <line num="3570" count="0" type="cond" truecount="0" falsecount="2"/>
        <line num="3575" count="0" type="stmt"/>
        <line num="3576" count="0" type="stmt"/>
        <line num="3584" count="0" type="stmt"/>
        <line num="3628" count="0" type="stmt"/>
        <line num="3629" count="0" type="cond" truecount="0" falsecount="2"/>
        <line num="3637" count="0" type="stmt"/>
        <line num="3640" count="0" type="stmt"/>
        <line num="3641" count="0" type="cond" truecount="0" falsecount="2"/>
        <line num="3649" count="0" type="stmt"/>
        <line num="3665" count="0" type="cond" truecount="0" falsecount="2"/>
        <line num="3666" count="0" type="stmt"/>
        <line num="3667" count="0" type="cond" truecount="0" falsecount="2"/>
        <line num="3668" count="0" type="stmt"/>
        <line num="3676" count="0" type="stmt"/>
        <line num="3688" count="0" type="cond" truecount="0" falsecount="2"/>
        <line num="3693" count="0" type="cond" truecount="0" falsecount="5"/>
        <line num="3696" count="0" type="cond" truecount="0" falsecount="2"/>
        <line num="3704" count="0" type="cond" truecount="0" falsecount="2"/>
        <line num="3710" count="0" type="stmt"/>
        <line num="3714" count="0" type="cond" truecount="0" falsecount="2"/>
        <line num="3715" count="0" type="stmt"/>
        <line num="3718" count="0" type="cond" truecount="0" falsecount="3"/>
        <line num="3721" count="0" type="stmt"/>
        <line num="3722" count="0" type="stmt"/>
        <line num="3731" count="0" type="cond" truecount="0" falsecount="1"/>
        <line num="3732" count="0" type="stmt"/>
        <line num="3733" count="0" type="stmt"/>
        <line num="3736" count="0" type="stmt"/>
        <line num="3739" count="0" type="stmt"/>
        <line num="3740" count="0" type="stmt"/>
        <line num="3741" count="0" type="stmt"/>
        <line num="3744" count="0" type="stmt"/>
        <line num="3745" count="0" type="cond" truecount="0" falsecount="2"/>
        <line num="3746" count="0" type="cond" truecount="0" falsecount="2"/>
        <line num="3760" count="0" type="cond" truecount="0" falsecount="2"/>
        <line num="3765" count="0" type="cond" truecount="0" falsecount="2"/>
        <line num="3767" count="0" type="stmt"/>
        <line num="3788" count="0" type="cond" truecount="0" falsecount="2"/>
        <line num="3790" count="0" type="stmt"/>
        <line num="3791" count="0" type="stmt"/>
        <line num="3792" count="0" type="stmt"/>
        <line num="3793" count="0" type="stmt"/>
        <line num="3794" count="0" type="stmt"/>
        <line num="3804" count="0" type="cond" truecount="0" falsecount="3"/>
        <line num="3810" count="0" type="cond" truecount="0" falsecount="3"/>
        <line num="3814" count="0" type="cond" truecount="0" falsecount="2"/>
        <line num="3815" count="0" type="stmt"/>
        <line num="3830" count="0" type="cond" truecount="0" falsecount="2"/>
        <line num="3836" count="0" type="stmt"/>
        <line num="3837" count="0" type="stmt"/>
        <line num="3838" count="0" type="stmt"/>
        <line num="3839" count="0" type="stmt"/>
        <line num="3844" count="0" type="cond" truecount="0" falsecount="4"/>
        <line num="3855" count="0" type="stmt"/>
        <line num="3858" count="0" type="stmt"/>
        <line num="3859" count="0" type="cond" truecount="0" falsecount="2"/>
        <line num="3860" count="0" type="stmt"/>
        <line num="3862" count="0" type="cond" truecount="0" falsecount="2"/>
        <line num="3863" count="0" type="stmt"/>
        <line num="3864" count="0" type="stmt"/>
        <line num="3865" count="0" type="stmt"/>
        <line num="3871" count="0" type="cond" truecount="0" falsecount="2"/>
        <line num="3872" count="0" type="stmt"/>
        <line num="3873" count="0" type="cond" truecount="0" falsecount="3"/>
        <line num="3880" count="0" type="stmt"/>
        <line num="3881" count="0" type="cond" truecount="0" falsecount="2"/>
        <line num="3882" count="0" type="cond" truecount="0" falsecount="2"/>
        <line num="3883" count="0" type="stmt"/>
        <line num="3884" count="0" type="cond" truecount="0" falsecount="2"/>
        <line num="3930" count="0" type="stmt"/>
        <line num="3931" count="0" type="stmt"/>
        <line num="3943" count="0" type="stmt"/>
        <line num="3944" count="0" type="stmt"/>
        <line num="3966" count="0" type="cond" truecount="0" falsecount="2"/>
        <line num="3970" count="0" type="cond" truecount="0" falsecount="2"/>
        <line num="3971" count="0" type="stmt"/>
        <line num="3972" count="0" type="stmt"/>
        <line num="3976" count="0" type="stmt"/>
        <line num="3982" count="0" type="stmt"/>
        <line num="3983" count="0" type="stmt"/>
        <line num="3984" count="0" type="cond" truecount="0" falsecount="2"/>
        <line num="3985" count="0" type="cond" truecount="0" falsecount="2"/>
        <line num="3997" count="0" type="stmt"/>
        <line num="4001" count="0" type="stmt"/>
        <line num="4011" count="0" type="stmt"/>
        <line num="4016" count="0" type="stmt"/>
        <line num="4018" count="0" type="stmt"/>
        <line num="4019" count="0" type="cond" truecount="0" falsecount="2"/>
        <line num="4021" count="0" type="stmt"/>
        <line num="4022" count="0" type="stmt"/>
        <line num="4024" count="0" type="cond" truecount="0" falsecount="2"/>
        <line num="4035" count="0" type="stmt"/>
        <line num="4036" count="0" type="stmt"/>
        <line num="4066" count="0" type="stmt"/>
        <line num="4072" count="0" type="stmt"/>
        <line num="4073" count="0" type="cond" truecount="0" falsecount="3"/>
        <line num="4083" count="0" type="stmt"/>
        <line num="4084" count="0" type="stmt"/>
        <line num="4086" count="0" type="stmt"/>
        <line num="4108" count="0" type="stmt"/>
        <line num="4109" count="0" type="stmt"/>
        <line num="4112" count="0" type="stmt"/>
        <line num="4113" count="0" type="stmt"/>
        <line num="4139" count="0" type="stmt"/>
        <line num="4151" count="0" type="stmt"/>
        <line num="4152" count="0" type="stmt"/>
        <line num="4153" count="0" type="stmt"/>
        <line num="4154" count="0" type="stmt"/>
        <line num="4162" count="0" type="cond" truecount="0" falsecount="1"/>
        <line num="4163" count="0" type="cond" truecount="0" falsecount="2"/>
        <line num="4164" count="0" type="cond" truecount="0" falsecount="2"/>
        <line num="4165" count="0" type="stmt"/>
        <line num="4166" count="0" type="stmt"/>
        <line num="4168" count="0" type="cond" truecount="0" falsecount="2"/>
        <line num="4169" count="0" type="cond" truecount="0" falsecount="2"/>
        <line num="4173" count="0" type="stmt"/>
        <line num="4175" count="0" type="cond" truecount="0" falsecount="2"/>
        <line num="4178" count="0" type="stmt"/>
        <line num="4182" count="0" type="stmt"/>
        <line num="4216" count="0" type="stmt"/>
        <line num="4217" count="0" type="cond" truecount="0" falsecount="2"/>
        <line num="4219" count="0" type="stmt"/>
        <line num="4220" count="0" type="stmt"/>
        <line num="4221" count="0" type="stmt"/>
        <line num="4223" count="0" type="stmt"/>
        <line num="4224" count="0" type="stmt"/>
        <line num="4227" count="0" type="stmt"/>
        <line num="4229" count="0" type="stmt"/>
        <line num="4239" count="0" type="stmt"/>
        <line num="4240" count="0" type="stmt"/>
        <line num="4241" count="0" type="stmt"/>
        <line num="4242" count="0" type="stmt"/>
        <line num="4243" count="0" type="stmt"/>
        <line num="4247" count="0" type="cond" truecount="0" falsecount="2"/>
        <line num="4248" count="0" type="stmt"/>
        <line num="4249" count="0" type="stmt"/>
        <line num="4252" count="0" type="cond" truecount="0" falsecount="2"/>
        <line num="4253" count="0" type="stmt"/>
        <line num="4256" count="0" type="stmt"/>
        <line num="4263" count="0" type="cond" truecount="0" falsecount="2"/>
        <line num="4264" count="0" type="stmt"/>
        <line num="4265" count="0" type="stmt"/>
        <line num="4268" count="0" type="cond" truecount="0" falsecount="2"/>
        <line num="4269" count="0" type="stmt"/>
        <line num="4272" count="0" type="stmt"/>
        <line num="4284" count="0" type="cond" truecount="0" falsecount="2"/>
        <line num="4285" count="0" type="cond" truecount="0" falsecount="2"/>
        <line num="4286" count="0" type="stmt"/>
        <line num="4287" count="0" type="cond" truecount="0" falsecount="2"/>
        <line num="4288" count="0" type="stmt"/>
        <line num="4289" count="0" type="stmt"/>
        <line num="4303" count="0" type="cond" truecount="0" falsecount="2"/>
        <line num="4304" count="0" type="stmt"/>
        <line num="4305" count="0" type="stmt"/>
        <line num="4314" count="0" type="stmt"/>
        <line num="4315" count="0" type="stmt"/>
        <line num="4317" count="0" type="stmt"/>
        <line num="4318" count="0" type="stmt"/>
        <line num="4319" count="0" type="stmt"/>
        <line num="4322" count="0" type="cond" truecount="0" falsecount="2"/>
        <line num="4332" count="0" type="stmt"/>
        <line num="4333" count="0" type="stmt"/>
        <line num="4334" count="0" type="stmt"/>
        <line num="4336" count="0" type="stmt"/>
        <line num="4342" count="0" type="stmt"/>
        <line num="4343" count="0" type="stmt"/>
        <line num="4344" count="0" type="stmt"/>
        <line num="4345" count="0" type="stmt"/>
        <line num="4346" count="0" type="stmt"/>
        <line num="4347" count="0" type="cond" truecount="0" falsecount="2"/>
        <line num="4349" count="0" type="stmt"/>
        <line num="4350" count="0" type="stmt"/>
        <line num="4353" count="0" type="cond" truecount="0" falsecount="2"/>
        <line num="4354" count="0" type="stmt"/>
        <line num="4358" count="0" type="stmt"/>
        <line num="4359" count="0" type="cond" truecount="0" falsecount="4"/>
        <line num="4361" count="0" type="stmt"/>
        <line num="4362" count="0" type="stmt"/>
        <line num="4383" count="0" type="stmt"/>
        <line num="4388" count="0" type="stmt"/>
        <line num="4389" count="0" type="stmt"/>
        <line num="4390" count="0" type="stmt"/>
        <line num="4391" count="0" type="cond" truecount="0" falsecount="2"/>
        <line num="4392" count="0" type="stmt"/>
        <line num="4410" count="0" type="cond" truecount="0" falsecount="1"/>
        <line num="4411" count="0" type="stmt"/>
        <line num="4412" count="0" type="cond" truecount="0" falsecount="2"/>
        <line num="4414" count="0" type="stmt"/>
        <line num="4416" count="0" type="cond" truecount="0" falsecount="2"/>
        <line num="4418" count="0" type="stmt"/>
        <line num="4420" count="0" type="cond" truecount="0" falsecount="2"/>
        <line num="4422" count="0" type="stmt"/>
        <line num="4424" count="0" type="cond" truecount="0" falsecount="2"/>
        <line num="4425" count="0" type="stmt"/>
        <line num="4426" count="0" type="stmt"/>
        <line num="4427" count="0" type="stmt"/>
        <line num="4430" count="0" type="stmt"/>
        <line num="4438" count="0" type="cond" truecount="0" falsecount="3"/>
        <line num="4441" count="0" type="cond" truecount="0" falsecount="2"/>
        <line num="4442" count="0" type="cond" truecount="0" falsecount="2"/>
        <line num="4443" count="0" type="stmt"/>
        <line num="4445" count="0" type="stmt"/>
        <line num="4448" count="0" type="stmt"/>
        <line num="4449" count="0" type="stmt"/>
        <line num="4450" count="0" type="stmt"/>
        <line num="4451" count="0" type="stmt"/>
        <line num="4452" count="0" type="stmt"/>
        <line num="4456" count="0" type="stmt"/>
        <line num="4465" count="0" type="stmt"/>
        <line num="4468" count="0" type="cond" truecount="0" falsecount="2"/>
        <line num="4469" count="0" type="stmt"/>
        <line num="4474" count="0" type="cond" truecount="0" falsecount="2"/>
        <line num="4476" count="0" type="stmt"/>
        <line num="4478" count="0" type="cond" truecount="0" falsecount="2"/>
        <line num="4483" count="0" type="cond" truecount="0" falsecount="2"/>
        <line num="4484" count="0" type="stmt"/>
        <line num="4487" count="0" type="cond" truecount="0" falsecount="2"/>
        <line num="4489" count="0" type="stmt"/>
        <line num="4491" count="0" type="cond" truecount="0" falsecount="2"/>
        <line num="4513" count="0" type="stmt"/>
        <line num="4518" count="0" type="cond" truecount="0" falsecount="2"/>
        <line num="4524" count="0" type="stmt"/>
        <line num="4525" count="0" type="stmt"/>
        <line num="4526" count="0" type="cond" truecount="0" falsecount="2"/>
        <line num="4528" count="0" type="stmt"/>
        <line num="4534" count="0" type="stmt"/>
        <line num="4535" count="0" type="stmt"/>
        <line num="4540" count="0" type="cond" truecount="0" falsecount="5"/>
        <line num="4543" count="0" type="stmt"/>
        <line num="4544" count="0" type="stmt"/>
        <line num="4545" count="0" type="stmt"/>
        <line num="4553" count="0" type="stmt"/>
        <line num="4556" count="0" type="stmt"/>
        <line num="4560" count="0" type="stmt"/>
        <line num="4561" count="0" type="stmt"/>
        <line num="4565" count="0" type="stmt"/>
        <line num="4567" count="0" type="stmt"/>
        <line num="4571" count="0" type="stmt"/>
        <line num="4576" count="0" type="cond" truecount="0" falsecount="2"/>
        <line num="4577" count="0" type="stmt"/>
        <line num="4578" count="0" type="stmt"/>
        <line num="4583" count="0" type="cond" truecount="0" falsecount="2"/>
        <line num="4592" count="0" type="stmt"/>
        <line num="4613" count="0" type="cond" truecount="0" falsecount="3"/>
        <line num="4614" count="0" type="stmt"/>
        <line num="4615" count="0" type="stmt"/>
        <line num="4618" count="0" type="stmt"/>
        <line num="4619" count="0" type="stmt"/>
        <line num="4627" count="0" type="stmt"/>
        <line num="4628" count="0" type="stmt"/>
        <line num="4639" count="0" type="stmt"/>
        <line num="4656" count="0" type="stmt"/>
        <line num="4663" count="0" type="stmt"/>
        <line num="4680" count="0" type="stmt"/>
        <line num="4681" count="0" type="stmt"/>
        <line num="4682" count="0" type="cond" truecount="0" falsecount="4"/>
        <line num="4683" count="0" type="stmt"/>
        <line num="4686" count="0" type="stmt"/>
        <line num="4687" count="0" type="stmt"/>
        <line num="4688" count="0" type="cond" truecount="0" falsecount="3"/>
        <line num="4706" count="0" type="stmt"/>
        <line num="4707" count="0" type="stmt"/>
        <line num="4709" count="0" type="stmt"/>
        <line num="4710" count="0" type="stmt"/>
        <line num="4711" count="0" type="stmt"/>
        <line num="4712" count="0" type="cond" truecount="0" falsecount="2"/>
        <line num="4714" count="0" type="cond" truecount="0" falsecount="2"/>
        <line num="4715" count="0" type="stmt"/>
        <line num="4717" count="0" type="stmt"/>
        <line num="4719" count="0" type="stmt"/>
        <line num="4721" count="0" type="stmt"/>
        <line num="4722" count="0" type="stmt"/>
        <line num="4730" count="0" type="cond" truecount="0" falsecount="2"/>
        <line num="4738" count="0" type="stmt"/>
        <line num="4740" count="0" type="stmt"/>
        <line num="4741" count="0" type="stmt"/>
        <line num="4744" count="0" type="stmt"/>
        <line num="4747" count="0" type="stmt"/>
        <line num="4748" count="0" type="cond" truecount="0" falsecount="3"/>
        <line num="4924" count="0" type="stmt"/>
        <line num="4930" count="0" type="cond" truecount="0" falsecount="2"/>
        <line num="4932" count="0" type="stmt"/>
        <line num="4953" count="0" type="cond" truecount="0" falsecount="2"/>
        <line num="4954" count="0" type="cond" truecount="0" falsecount="2"/>
        <line num="4955" count="0" type="stmt"/>
        <line num="4957" count="0" type="cond" truecount="0" falsecount="2"/>
        <line num="4958" count="0" type="cond" truecount="0" falsecount="2"/>
        <line num="4959" count="0" type="cond" truecount="0" falsecount="6"/>
        <line num="4963" count="0" type="stmt"/>
        <line num="4969" count="0" type="cond" truecount="0" falsecount="4"/>
        <line num="4975" count="0" type="stmt"/>
        <line num="4983" count="0" type="cond" truecount="0" falsecount="4"/>
        <line num="4989" count="0" type="stmt"/>
        <line num="4990" count="0" type="stmt"/>
        <line num="4991" count="0" type="stmt"/>
        <line num="4992" count="0" type="stmt"/>
        <line num="4998" count="0" type="stmt"/>
        <line num="4999" count="0" type="stmt"/>
        <line num="5017" count="0" type="cond" truecount="0" falsecount="2"/>
        <line num="5020" count="0" type="stmt"/>
        <line num="5027" count="0" type="stmt"/>
        <line num="5055" count="0" type="stmt"/>
        <line num="5065" count="0" type="stmt"/>
        <line num="5068" count="0" type="cond" truecount="0" falsecount="2"/>
        <line num="5077" count="0" type="cond" truecount="0" falsecount="2"/>
        <line num="5094" count="0" type="stmt"/>
        <line num="5095" count="0" type="cond" truecount="0" falsecount="2"/>
        <line num="5096" count="0" type="stmt"/>
        <line num="5097" count="0" type="stmt"/>
        <line num="5105" count="0" type="stmt"/>
        <line num="5113" count="0" type="cond" truecount="0" falsecount="2"/>
        <line num="5117" count="0" type="stmt"/>
        <line num="5121" count="0" type="stmt"/>
        <line num="5128" count="0" type="cond" truecount="0" falsecount="2"/>
        <line num="5133" count="0" type="stmt"/>
        <line num="5134" count="0" type="cond" truecount="0" falsecount="3"/>
        <line num="5147" count="0" type="stmt"/>
        <line num="5165" count="0" type="stmt"/>
        <line num="5197" count="0" type="cond" truecount="0" falsecount="2"/>
        <line num="5198" count="0" type="stmt"/>
        <line num="5199" count="0" type="stmt"/>
        <line num="5217" count="0" type="stmt"/>
        <line num="5222" count="0" type="stmt"/>
        <line num="5223" count="0" type="cond" truecount="0" falsecount="4"/>
        <line num="5224" count="0" type="stmt"/>
        <line num="5276" count="0" type="stmt"/>
        <line num="5284" count="0" type="stmt"/>
        <line num="5286" count="0" type="stmt"/>
        <line num="5295" count="0" type="stmt"/>
        <line num="5300" count="0" type="cond" truecount="0" falsecount="2"/>
        <line num="5320" count="0" type="cond" truecount="0" falsecount="2"/>
        <line num="5323" count="0" type="stmt"/>
[...]
        <line num="101" count="0" type="stmt"/>
        <line num="107" count="0" type="stmt"/>
        <line num="109" count="0" type="stmt"/>
        <line num="136" count="0" type="stmt"/>
        <line num="139" count="0" type="cond" truecount="0" falsecount="5"/>
        <line num="149" count="0" type="cond" truecount="0" falsecount="5"/>
        <line num="150" count="0" type="stmt"/>
        <line num="155" count="0" type="stmt"/>
        <line num="156" count="0" type="cond" truecount="0" falsecount="5"/>
        <line num="160" count="0" type="stmt"/>
        <line num="161" count="0" type="stmt"/>
        <line num="162" count="0" type="stmt"/>
        <line num="163" count="0" type="stmt"/>
        <line num="166" count="0" type="stmt"/>
        <line num="167" count="0" type="stmt"/>
        <line num="169" count="0" type="stmt"/>
        <line num="183" count="0" type="cond" truecount="0" falsecount="4"/>
        <line num="184" count="0" type="stmt"/>
        <line num="188" count="0" type="stmt"/>
        <line num="189" count="0" type="stmt"/>
      </file>
    </package>
    <package name="vue-number-format.docs.js.webpack:.src">
      <metrics statements="61" coveredstatements="0" conditionals="3" coveredconditionals="0" methods="23" coveredmethods="0"/>
      <file name="App.vue" path="/home/igortrindade/Code/vue-number-format/docs/js/webpack:/src/App.vue">
        <metrics statements="11" coveredstatements="0" conditionals="0" coveredconditionals="0" methods="2" coveredmethods="0"/>
        <line num="2" count="0" type="stmt"/>
        <line num="3" count="0" type="stmt"/>
        <line num="4" count="0" type="stmt"/>
        <line num="22" count="0" type="stmt"/>
        <line num="23" count="0" type="stmt"/>
        <line num="32" count="0" type="stmt"/>
        <line num="33" count="0" type="stmt"/>
        <line num="51" count="0" type="stmt"/>
        <line num="55" count="0" type="stmt"/>
        <line num="56" count="0" type="stmt"/>
        <line num="59" count="0" type="stmt"/>
      </file>
      <file name="App.vue?69aa" path="/home/igortrindade/Code/vue-number-format/docs/js/webpack:/src/App.vue?69aa">
        <metrics statements="1" coveredstatements="0" conditionals="0" coveredconditionals="0" methods="1" coveredmethods="0"/>
        <line num="1" count="0" type="stmt"/>
      </file>
      <file name="App.vue?889f" path="/home/igortrindade/Code/vue-number-format/docs/js/webpack:/src/App.vue?889f">
        <metrics statements="2" coveredstatements="0" conditionals="0" coveredconditionals="0" methods="0" coveredmethods="0"/>
        <line num="6" count="0" type="stmt"/>
        <line num="8" count="0" type="stmt"/>
      </file>
      <file name="ExampleCard.vue" path="/home/igortrindade/Code/vue-number-format/docs/js/webpack:/src/ExampleCard.vue">
        <metrics statements="10" coveredstatements="0" conditionals="2" coveredconditionals="0" methods="2" coveredmethods="0"/>
        <line num="2" count="0" type="stmt"/>
        <line num="3" count="0" type="stmt"/>
        <line num="5" count="0" type="cond" truecount="0" falsecount="2"/>
        <line num="9" count="0" type="stmt"/>
        <line num="10" count="0" type="stmt"/>
        <line num="12" count="0" type="stmt"/>
        <line num="14" count="0" type="stmt"/>
        <line num="17" count="0" type="stmt"/>
        <line num="19" count="0" type="stmt"/>
        <line num="27" count="0" type="stmt"/>
      </file>
      <file name="ExampleCard.vue?730d" path="/home/igortrindade/Code/vue-number-format/docs/js/webpack:/src/ExampleCard.vue?730d">
        <metrics statements="2" coveredstatements="0" conditionals="0" coveredconditionals="0" methods="0" coveredmethods="0"/>
        <line num="4" count="0" type="stmt"/>
        <line num="6" count="0" type="stmt"/>
      </file>
      <file name="InstalationCard.vue" path="/home/igortrindade/Code/vue-number-format/docs/js/webpack:/src/InstalationCard.vue">
        <metrics statements="3" coveredstatements="0" conditionals="1" coveredconditionals="0" methods="1" coveredmethods="0"/>
        <line num="2" count="0" type="stmt"/>
        <line num="3" count="0" type="stmt"/>
        <line num="10" count="0" type="cond" truecount="0" falsecount="1"/>
      </file>
      <file name="InstalationCard.vue?6100" path="/home/igortrindade/Code/vue-number-format/docs/js/webpack:/src/InstalationCard.vue?6100">
        <metrics statements="2" coveredstatements="0" conditionals="0" coveredconditionals="0" methods="0" coveredmethods="0"/>
        <line num="4" count="0" type="stmt"/>
        <line num="6" count="0" type="stmt"/>
      </file>
      <file name="Prism.vue" path="/home/igortrindade/Code/vue-number-format/docs/js/webpack:/src/Prism.vue">
        <metrics statements="12" coveredstatements="0" conditionals="0" coveredconditionals="0" methods="5" coveredmethods="0"/>
        <line num="2" count="0" type="stmt"/>
        <line num="3" count="0" type="stmt"/>
        <line num="5" count="0" type="stmt"/>
        <line num="15" count="0" type="stmt"/>
        <line num="20" count="0" type="stmt"/>
        <line num="23" count="0" type="stmt"/>
        <line num="24" count="0" type="stmt"/>
        <line num="28" count="0" type="stmt"/>
        <line num="33" count="0" type="stmt"/>
        <line num="34" count="0" type="stmt"/>
        <line num="37" count="0" type="stmt"/>
        <line num="38" count="0" type="stmt"/>
      </file>
      <file name="Prism.vue?89b5" path="/home/igortrindade/Code/vue-number-format/docs/js/webpack:/src/Prism.vue?89b5">
        <metrics statements="2" coveredstatements="0" conditionals="0" coveredconditionals="0" methods="0" coveredmethods="0"/>
        <line num="6" count="0" type="stmt"/>
        <line num="8" count="0" type="stmt"/>
      </file>
      <file name="Prism.vue?b55e" path="/home/igortrindade/Code/vue-number-format/docs/js/webpack:/src/Prism.vue?b55e">
        <metrics statements="1" coveredstatements="0" conditionals="0" coveredconditionals="0" methods="1" coveredmethods="0"/>
        <line num="1" count="0" type="stmt"/>
      </file>
      <file name="examples.js" path="/home/igortrindade/Code/vue-number-format/docs/js/webpack:/src/examples.js">
        <metrics statements="5" coveredstatements="0" conditionals="0" coveredconditionals="0" methods="4" coveredmethods="0"/>
        <line num="3" count="0" type="stmt"/>
        <line num="9" count="0" type="stmt"/>
        <line num="22" count="0" type="stmt"/>
        <line num="35" count="0" type="stmt"/>
        <line num="48" count="0" type="stmt"/>
      </file>
      <file name="instalation.js" path="/home/igortrindade/Code/vue-number-format/docs/js/webpack:/src/instalation.js">
        <metrics statements="8" coveredstatements="0" conditionals="0" coveredconditionals="0" methods="7" coveredmethods="0"/>
        <line num="3" count="0" type="stmt"/>
        <line num="8" count="0" type="stmt"/>
        <line num="19" count="0" type="stmt"/>
        <line num="36" count="0" type="stmt"/>
        <line num="54" count="0" type="stmt"/>
        <line num="86" count="0" type="stmt"/>
        <line num="103" count="0" type="stmt"/>
        <line num="117" count="0" type="stmt"/>
      </file>
      <file name="main.js" path="/home/igortrindade/Code/vue-number-format/docs/js/webpack:/src/main.js">
        <metrics statements="2" coveredstatements="0" conditionals="0" coveredconditionals="0" methods="0" coveredmethods="0"/>
        <line num="6" count="0" type="stmt"/>
        <line num="8" count="0" type="stmt"/>
      </file>
    </package>
    <package name="vue-number-format.docs.js.webpack:.src.assets">
      <metrics statements="2" coveredstatements="0" conditionals="0" coveredconditionals="0" methods="1" coveredmethods="0"/>
      <file name="normalizer.js" path="/home/igortrindade/Code/vue-number-format/docs/js/webpack:/src/assets/normalizer.js">
        <metrics statements="2" coveredstatements="0" conditionals="0" coveredconditionals="0" methods="1" coveredmethods="0"/>
        <line num="1" count="0" type="stmt"/>
        <line num="2" count="0" type="stmt"/>
      </file>
    </package>
    <package name="vue-number-format.docs.js.webpack:.webpack">
      <metrics statements="46" coveredstatements="0" conditionals="40" coveredconditionals="0" methods="12" coveredmethods="0"/>
      <file name="bootstrap" path="/home/igortrindade/Code/vue-number-format/docs/js/webpack:/webpack/bootstrap">
        <metrics statements="46" coveredstatements="0" conditionals="40" coveredconditionals="0" methods="12" coveredmethods="0"/>
        <line num="3" count="0" type="stmt"/>
        <line num="4" count="0" type="stmt"/>
        <line num="5" count="0" type="stmt"/>
        <line num="9" count="0" type="stmt"/>
        <line num="10" count="0" type="stmt"/>
        <line num="11" count="0" type="stmt"/>
        <line num="17" count="0" type="stmt"/>
        <line num="18" count="0" type="cond" truecount="0" falsecount="2"/>
        <line num="22" count="0" type="cond" truecount="0" falsecount="2"/>
        <line num="24" count="0" type="stmt"/>
        <line num="25" count="0" type="stmt"/>
        <line num="32" count="0" type="stmt"/>
        <line num="36" count="0" type="stmt"/>
        <line num="37" count="0" type="stmt"/>
        <line num="38" count="0" type="stmt"/>
        <line num="39" count="0" type="stmt"/>
        <line num="40" count="0" type="stmt"/>
        <line num="41" count="0" type="cond" truecount="0" falsecount="2"/>
        <line num="43" count="0" type="cond" truecount="0" falsecount="2"/>
        <line num="49" count="0" type="stmt"/>
        <line num="53" count="0" type="stmt"/>
        <line num="58" count="0" type="stmt"/>
        <line num="62" count="0" type="stmt"/>
        <line num="68" count="0" type="cond" truecount="0" falsecount="2"/>
        <line num="69" count="0" type="stmt"/>
        <line num="72" count="0" type="stmt"/>
        <line num="85" count="0" type="stmt"/>
        <line num="90" count="0" type="stmt"/>
        <line num="97" count="0" type="cond" truecount="0" falsecount="2"/>
        <line num="104" count="0" type="cond" truecount="0" falsecount="3"/>
        <line num="117" count="0" type="cond" truecount="0" falsecount="2"/>
        <line num="118" count="0" type="cond" truecount="0" falsecount="6"/>
        <line num="119" count="0" type="stmt"/>
        <line num="122" count="0" type="cond" truecount="0" falsecount="4"/>
        <line num="123" count="0" type="stmt"/>
        <line num="128" count="0" type="cond" truecount="0" falsecount="2"/>
        <line num="129" count="0" type="cond" truecount="0" falsecount="2"/>
        <line num="130" count="0" type="stmt"/>
        <line num="132" count="0" type="stmt"/>
        <line num="136" count="0" type="stmt"/>
        <line num="141" count="0" type="cond" truecount="0" falsecount="2"/>
        <line num="142" count="0" type="stmt"/>
        <line num="143" count="0" type="stmt"/>
        <line num="145" count="0" type="stmt"/>
        <line num="146" count="0" type="stmt"/>
        <line num="150" count="0" type="stmt"/>
      </file>
    </package>
    <package name="vue-number-format.src">
      <metrics statements="73" coveredstatements="40" conditionals="49" coveredconditionals="23" methods="15" coveredmethods="9"/>
      <file name="defaultOptions.js" path="/home/igortrindade/Code/vue-number-format/src/defaultOptions.js">
        <metrics statements="1" coveredstatements="1" conditionals="0" coveredconditionals="0" methods="0" coveredmethods="0"/>
        <line num="1" count="1" type="stmt"/>
      </file>
      <file name="index.js" path="/home/igortrindade/Code/vue-number-format/src/index.js">
        <metrics statements="23" coveredstatements="0" conditionals="12" coveredconditionals="0" methods="3" coveredmethods="0"/>
        <line num="7" count="0" type="stmt"/>
        <line num="8" count="0" type="cond" truecount="0" falsecount="2"/>
        <line num="9" count="0" type="stmt"/>
        <line num="11" count="0" type="stmt"/>
        <line num="13" count="0" type="stmt"/>
        <line num="17" count="0" type="cond" truecount="0" falsecount="2"/>
        <line num="18" count="0" type="stmt"/>
        <line num="19" count="0" type="stmt"/>
        <line num="22" count="0" type="stmt"/>
        <line num="23" count="0" type="stmt"/>
        <line num="26" count="0" type="stmt"/>
        <line num="29" count="0" type="stmt"/>
        <line num="30" count="0" type="stmt"/>
        <line num="33" count="0" type="stmt"/>
        <line num="34" count="0" type="stmt"/>
        <line num="41" count="0" type="stmt"/>
        <line num="45" count="0" type="stmt"/>
        <line num="46" count="0" type="cond" truecount="0" falsecount="2"/>
        <line num="47" count="0" type="stmt"/>
        <line num="48" count="0" type="cond" truecount="0" falsecount="2"/>
        <line num="49" count="0" type="stmt"/>
        <line num="51" count="0" type="cond" truecount="0" falsecount="2"/>
        <line num="52" count="0" type="stmt"/>
      </file>
      <file name="utils.js" path="/home/igortrindade/Code/vue-number-format/src/utils.js">
        <metrics statements="49" coveredstatements="39" conditionals="37" coveredconditionals="23" methods="12" coveredmethods="9"/>
        <line num="12" count="1" type="stmt"/>
        <line num="14" count="1" type="cond" truecount="1" falsecount="0"/>
        <line num="15" count="5" type="stmt"/>
        <line num="16" count="5" type="cond" truecount="4" falsecount="0"/>
        <line num="17" count="4" type="stmt"/>
        <line num="19" count="5" type="cond" truecount="1" falsecount="1"/>
        <line num="20" count="5" type="stmt"/>
        <line num="21" count="5" type="stmt"/>
        <line num="22" count="5" type="stmt"/>
        <line num="23" count="5" type="stmt"/>
        <line num="24" count="5" type="stmt"/>
        <line num="25" count="5" type="stmt"/>
        <line num="26" count="5" type="stmt"/>
        <line num="28" count="1" type="stmt"/>
        <line num="30" count="1" type="cond" truecount="1" falsecount="0"/>
        <line num="31" count="2" type="stmt"/>
        <line num="32" count="2" type="cond" truecount="1" falsecount="1"/>
        <line num="33" count="2" type="stmt"/>
        <line num="34" count="2" type="stmt"/>
        <line num="35" count="2" type="cond" truecount="1" falsecount="1"/>
        <line num="36" count="0" type="cond" truecount="0" falsecount="2"/>
        <line num="38" count="2" type="stmt"/>
        <line num="40" count="1" type="stmt"/>
        <line num="42" count="1" type="stmt"/>
        <line num="43" count="0" type="stmt"/>
        <line num="44" count="0" type="cond" truecount="0" falsecount="2"/>
        <line num="45" count="0" type="stmt"/>
        <line num="48" count="1" type="stmt"/>
        <line num="51" count="1" type="cond" truecount="0" falsecount="1"/>
        <line num="52" count="0" type="stmt"/>
        <line num="53" count="0" type="stmt"/>
        <line num="54" count="0" type="stmt"/>
        <line num="55" count="0" type="stmt"/>
        <line num="56" count="0" type="stmt"/>
        <line num="57" count="0" type="stmt"/>
        <line num="59" count="1" type="stmt"/>
        <line num="63" count="7" type="cond" truecount="1" falsecount="1"/>
        <line num="68" count="11" type="stmt"/>
        <line num="72" count="7" type="stmt"/>
        <line num="73" count="7" type="stmt"/>
        <line num="74" count="7" type="stmt"/>
        <line num="78" count="5" type="stmt"/>
        <line num="82" count="5" type="cond" truecount="1" falsecount="1"/>
        <line num="86" count="12" type="cond" truecount="1" falsecount="1"/>
        <line num="90" count="7" type="cond" truecount="2" falsecount="0"/>
        <line num="91" count="5" type="cond" truecount="2" falsecount="0"/>
        <line num="92" count="5" type="stmt"/>
        <line num="93" count="5" type="cond" truecount="4" falsecount="1"/>
        <line num="94" count="5" type="cond" truecount="3" falsecount="1"/>
      </file>
    </package>
    <package name="vue-number-format.src.docs">
      <metrics statements="8" coveredstatements="0" conditionals="4" coveredconditionals="0" methods="1" coveredmethods="0"/>
      <file name="babel.config.js" path="/home/igortrindade/Code/vue-number-format/src/docs/babel.config.js">
        <metrics statements="1" coveredstatements="0" conditionals="0" coveredconditionals="0" methods="0" coveredmethods="0"/>
        <line num="1" count="0" type="stmt"/>
      </file>
      <file name="postcss.config.js" path="/home/igortrindade/Code/vue-number-format/src/docs/postcss.config.js">
        <metrics statements="5" coveredstatements="0" conditionals="4" coveredconditionals="0" methods="1" coveredmethods="0"/>
        <line num="1" count="0" type="stmt"/>
        <line num="2" count="0" type="stmt"/>
        <line num="4" count="0" type="stmt"/>
        <line num="23" count="0" type="cond" truecount="0" falsecount="2"/>
        <line num="29" count="0" type="stmt"/>
      </file>
      <file name="tailwind.config.js" path="/home/igortrindade/Code/vue-number-format/src/docs/tailwind.config.js">
        <metrics statements="1" coveredstatements="0" conditionals="0" coveredconditionals="0" methods="0" coveredmethods="0"/>
        <line num="2" count="0" type="stmt"/>
      </file>
      <file name="vue.config.js" path="/home/igortrindade/Code/vue-number-format/src/docs/vue.config.js">
        <metrics statements="1" coveredstatements="0" conditionals="0" coveredconditionals="0" methods="0" coveredmethods="0"/>
        <line num="1" count="0" type="stmt"/>
      </file>
    </package>
    <package name="vue-number-format.src.docs.src">
      <metrics statements="15" coveredstatements="0" conditionals="0" coveredconditionals="0" methods="11" coveredmethods="0"/>
      <file name="examples.js" path="/home/igortrindade/Code/vue-number-format/src/docs/src/examples.js">
        <metrics statements="4" coveredstatements="0" conditionals="0" coveredconditionals="0" methods="4" coveredmethods="0"/>
        <line num="9" count="0" type="stmt"/>
        <line num="22" count="0" type="stmt"/>
        <line num="35" count="0" type="stmt"/>
        <line num="48" count="0" type="stmt"/>
      </file>
      <file name="instalation.js" path="/home/igortrindade/Code/vue-number-format/src/docs/src/instalation.js">
        <metrics statements="7" coveredstatements="0" conditionals="0" coveredconditionals="0" methods="7" coveredmethods="0"/>
        <line num="8" count="0" type="stmt"/>
        <line num="19" count="0" type="stmt"/>
        <line num="36" count="0" type="stmt"/>
        <line num="54" count="0" type="stmt"/>
        <line num="86" count="0" type="stmt"/>
        <line num="103" count="0" type="stmt"/>
        <line num="117" count="0" type="stmt"/>
      </file>
      <file name="main.js" path="/home/igortrindade/Code/vue-number-format/src/docs/src/main.js">
        <metrics statements="4" coveredstatements="0" conditionals="0" coveredconditionals="0" methods="0" coveredmethods="0"/>
        <line num="6" count="0" type="stmt"/>
        <line num="8" count="0" type="stmt"/>
        <line num="9" count="0" type="stmt"/>
        <line num="11" count="0" type="stmt"/>
      </file>
    </package>
    <package name="vue-number-format.src.docs.src.assets">
      <metrics statements="2" coveredstatements="0" conditionals="0" coveredconditionals="0" methods="0" coveredmethods="0"/>
      <file name="normalizer.js" path="/home/igortrindade/Code/vue-number-format/src/docs/src/assets/normalizer.js">
        <metrics statements="2" coveredstatements="0" conditionals="0" coveredconditionals="0" methods="0" coveredmethods="0"/>
        <line num="1" count="0" type="stmt"/>
        <line num="2" count="0" type="stmt"/>
      </file>
    </package>
  </project>
</coverage>
