TN:
SF:babel.config.js
FNF:0
FNH:0
DA:2,0
LF:1
LH:0
BRF:0
BRH:0
end_of_record
TN:
SF:jest.config.js
FNF:0
FNH:0
DA:6,0
LF:1
LH:0
BRF:0
BRH:0
end_of_record
TN:
SF:rollup.config.js
FNF:0
FNH:0
LF:0
LH:0
BRF:0
BRH:0
end_of_record
TN:
SF:coverage/lcov-report/block-navigation.js
FN:2,init
FN:24,toggleClass
FN:31,makeCurrent
FN:41,goToPrevious
FN:52,goToNext
FN:65,jump
FNF:6
FNH:0
FNDA:0,init
FNDA:0,toggleClass
FNDA:0,makeCurrent
FNDA:0,goToPrevious
FNDA:0,goToNext
FNDA:0,jump
DA:2,0
DA:4,0
DA:7,0
DA:10,0
DA:14,0
DA:20,0
DA:25,0
DA:28,0
DA:32,0
DA:33,0
DA:34,0
DA:42,0
DA:43,0
DA:44,0
DA:45,0
DA:46,0
DA:49,0
DA:53,0
DA:55,0
DA:59,0
DA:62,0
DA:65,0
DA:66,0
DA:69,0
DA:70,0
DA:74,0
DA:75,0
DA:79,0
LF:28
LH:0
BRDA:43,0,0,0
BRDA:43,0,1,0
BRDA:43,1,0,0
BRDA:43,1,1,0
BRDA:45,2,0,0
BRDA:45,2,1,0
BRDA:55,3,0,0
BRDA:55,3,1,0
BRDA:56,4,0,0
BRDA:56,4,1,0
BRDA:66,5,0,0
BRDA:66,5,1,0
BRDA:66,5,2,0
BRDA:66,5,3,0
BRDA:66,5,4,0
BRF:15
BRH:0
end_of_record
TN:
SF:coverage/lcov-report/prettify.js
FN:2,(anonymous_0)
FN:2,k
FN:2,ab
FN:2,T
FN:2,X
FN:2,(anonymous_5)
FN:2,W
FN:2,(anonymous_7)
FN:2,a
FN:2,aa
FN:2,B
FN:2,o
FN:2,g
FN:2,(anonymous_13)
FN:2,(anonymous_14)
FN:2,i
FN:2,Q
FN:2,ae
FN:2,ad
FN:2,ai
FN:2,D
FN:2,c
FN:2,q
FN:2,d
FN:2,y
FN:2,b
FN:2,Y
FN:2,(anonymous_27)
FN:2,U
FNF:29
FNH:0
FNDA:0,(anonymous_0)
FNDA:0,k
FNDA:0,ab
FNDA:0,T
FNDA:0,X
FNDA:0,(anonymous_5)
FNDA:0,W
FNDA:0,(anonymous_7)
FNDA:0,a
FNDA:0,aa
FNDA:0,B
FNDA:0,o
FNDA:0,g
FNDA:0,(anonymous_13)
FNDA:0,(anonymous_14)
FNDA:0,i
FNDA:0,Q
FNDA:0,ae
FNDA:0,ad
FNDA:0,ai
FNDA:0,D
FNDA:0,c
FNDA:0,q
FNDA:0,d
FNDA:0,y
FNDA:0,b
FNDA:0,Y
FNDA:0,(anonymous_27)
FNDA:0,U
DA:2,0
LF:1
LH:0
BRDA:2,0,0,0
BRDA:2,0,1,0
BRDA:2,1,0,0
BRDA:2,1,1,0
BRDA:2,2,0,0
BRDA:2,2,1,0
BRDA:2,3,0,0
BRDA:2,3,1,0
BRDA:2,4,0,0
BRDA:2,4,1,0
BRDA:2,5,0,0
BRDA:2,5,1,0
BRDA:2,6,0,0
BRDA:2,6,1,0
BRDA:2,7,0,0
BRDA:2,7,1,0
BRDA:2,8,0,0
BRDA:2,8,1,0
BRDA:2,9,0,0
BRDA:2,9,1,0
BRDA:2,10,0,0
BRDA:2,10,1,0
BRDA:2,11,0,0
BRDA:2,11,1,0
BRDA:2,11,2,0
BRDA:2,11,3,0
BRDA:2,12,0,0
BRDA:2,12,1,0
BRDA:2,13,0,0
BRDA:2,13,1,0
BRDA:2,14,0,0
BRDA:2,14,1,0
BRDA:2,15,0,0
BRDA:2,15,1,0
BRDA:2,16,0,0
BRDA:2,16,1,0
BRDA:2,17,0,0
BRDA:2,17,1,0
BRDA:2,18,0,0
BRDA:2,18,1,0
BRDA:2,19,0,0
BRDA:2,19,1,0
BRDA:2,20,0,0
BRDA:2,20,1,0
BRDA:2,21,0,0
BRDA:2,21,1,0
BRDA:2,22,0,0
BRDA:2,22,1,0
BRDA:2,23,0,0
BRDA:2,23,1,0
BRDA:2,24,0,0
BRDA:2,24,1,0
BRDA:2,25,0,0
BRDA:2,25,1,0
BRDA:2,26,0,0
BRDA:2,26,1,0
BRDA:2,27,0,0
BRDA:2,27,1,0
BRDA:2,28,0,0
BRDA:2,28,1,0
BRDA:2,29,0,0
BRDA:2,29,1,0
BRDA:2,30,0,0
BRDA:2,30,1,0
BRDA:2,31,0,0
BRDA:2,31,1,0
BRDA:2,32,0,0
BRDA:2,32,1,0
BRDA:2,33,0,0
BRDA:2,33,1,0
BRDA:2,34,0,0
BRDA:2,34,1,0
BRDA:2,35,0,0
BRDA:2,35,1,0
BRDA:2,36,0,0
BRDA:2,36,1,0
BRDA:2,37,0,0
BRDA:2,37,1,0
BRDA:2,38,0,0
BRDA:2,38,1,0
BRDA:2,39,0,0
BRDA:2,39,1,0
BRDA:2,40,0,0
BRDA:2,40,1,0
BRDA:2,41,0,0
BRDA:2,41,1,0
BRDA:2,42,0,0
BRDA:2,42,1,0
BRDA:2,43,0,0
BRDA:2,43,1,0
BRDA:2,44,0,0
BRDA:2,44,1,0
BRDA:2,45,0,0
BRDA:2,45,1,0
BRDA:2,46,0,0
BRDA:2,46,1,0
BRDA:2,47,0,0
BRDA:2,47,1,0
BRDA:2,48,0,0
BRDA:2,48,1,0
BRDA:2,49,0,0
BRDA:2,49,1,0
BRDA:2,50,0,0
BRDA:2,50,1,0
BRDA:2,50,2,0
BRDA:2,51,0,0
BRDA:2,51,1,0
BRDA:2,52,0,0
BRDA:2,52,1,0
BRDA:2,53,0,0
BRDA:2,53,1,0
BRDA:2,54,0,0
BRDA:2,54,1,0
BRDA:2,55,0,0
BRDA:2,55,1,0
BRDA:2,56,0,0
BRDA:2,56,1,0
BRDA:2,57,0,0
BRDA:2,57,1,0
BRDA:2,58,0,0
BRDA:2,58,1,0
BRDA:2,59,0,0
BRDA:2,59,1,0
BRDA:2,60,0,0
BRDA:2,60,1,0
BRDA:2,61,0,0
BRDA:2,61,1,0
BRDA:2,62,0,0
BRDA:2,62,1,0
BRDA:2,63,0,0
BRDA:2,63,1,0
BRDA:2,64,0,0
BRDA:2,64,1,0
BRDA:2,65,0,0
BRDA:2,65,1,0
BRDA:2,66,0,0
BRDA:2,66,1,0
BRDA:2,67,0,0
BRDA:2,67,1,0
BRDA:2,68,0,0
BRDA:2,68,1,0
BRDA:2,69,0,0
BRDA:2,69,1,0
BRDA:2,70,0,0
BRDA:2,70,1,0
BRDA:2,71,0,0
BRDA:2,71,1,0
BRDA:2,72,0,0
BRDA:2,72,1,0
BRDA:2,73,0,0
BRDA:2,73,1,0
BRDA:2,74,0,0
BRDA:2,74,1,0
BRDA:2,75,0,0
BRDA:2,75,1,0
BRDA:2,76,0,0
BRDA:2,76,1,0
BRDA:2,77,0,0
BRDA:2,77,1,0
BRDA:2,78,0,0
BRDA:2,78,1,0
BRDA:2,79,0,0
BRDA:2,79,1,0
BRDA:2,80,0,0
BRDA:2,80,1,0
BRDA:2,81,0,0
BRDA:2,81,1,0
BRDA:2,82,0,0
BRDA:2,82,1,0
BRDA:2,83,0,0
BRDA:2,83,1,0
BRDA:2,84,0,0
BRDA:2,84,1,0
BRDA:2,85,0,0
BRDA:2,85,1,0
BRDA:2,86,0,0
BRDA:2,86,1,0
BRDA:2,87,0,0
BRDA:2,87,1,0
BRDA:2,88,0,0
BRDA:2,88,1,0
BRDA:2,89,0,0
BRDA:2,89,1,0
BRDA:2,89,2,0
BRDA:2,90,0,0
BRDA:2,90,1,0
BRDA:2,91,0,0
BRDA:2,91,1,0
BRDA:2,92,0,0
BRDA:2,92,1,0
BRDA:2,93,0,0
BRDA:2,93,1,0
BRDA:2,94,0,0
BRDA:2,94,1,0
BRDA:2,95,0,0
BRDA:2,95,1,0
BRDA:2,96,0,0
BRDA:2,96,1,0
BRDA:2,97,0,0
BRDA:2,97,1,0
BRDA:2,98,0,0
BRDA:2,98,1,0
BRDA:2,99,0,0
BRDA:2,99,1,0
BRDA:2,100,0,0
BRDA:2,100,1,0
BRDA:2,101,0,0
BRDA:2,101,1,0
BRDA:2,102,0,0
BRDA:2,102,1,0
BRDA:2,103,0,0
BRDA:2,103,1,0
BRDA:2,104,0,0
BRDA:2,104,1,0
BRDA:2,105,0,0
BRDA:2,105,1,0
BRDA:2,106,0,0
BRDA:2,106,1,0
BRDA:2,107,0,0
BRDA:2,107,1,0
BRDA:2,108,0,0
BRDA:2,108,1,0
BRDA:2,109,0,0
BRDA:2,109,1,0
BRDA:2,110,0,0
BRDA:2,110,1,0
BRDA:2,111,0,0
BRDA:2,111,1,0
BRDA:2,112,0,0
BRDA:2,112,1,0
BRDA:2,113,0,0
BRDA:2,113,1,0
BRDA:2,114,0,0
BRDA:2,114,1,0
BRDA:2,115,0,0
BRDA:2,115,1,0
BRDA:2,116,0,0
BRDA:2,116,1,0
BRDA:2,117,0,0
BRDA:2,117,1,0
BRDA:2,118,0,0
BRDA:2,118,1,0
BRDA:2,119,0,0
BRDA:2,119,1,0
BRDA:2,120,0,0
BRDA:2,120,1,0
BRDA:2,121,0,0
BRDA:2,121,1,0
BRDA:2,122,0,0
BRDA:2,122,1,0
BRDA:2,123,0,0
BRDA:2,123,1,0
BRDA:2,124,0,0
BRDA:2,124,1,0
BRDA:2,125,0,0
BRDA:2,125,1,0
BRDA:2,126,0,0
BRDA:2,126,1,0
BRDA:2,127,0,0
BRDA:2,127,1,0
BRDA:2,128,0,0
BRDA:2,128,1,0
BRDA:2,128,2,0
BRDA:2,129,0,0
BRDA:2,129,1,0
BRDA:2,130,0,0
BRDA:2,130,1,0
BRDA:2,131,0,0
BRDA:2,131,1,0
BRDA:2,131,2,0
BRDA:2,131,3,0
BRDA:2,131,4,0
BRDA:2,132,0,0
BRDA:2,132,1,0
BRDA:2,133,0,0
BRDA:2,133,1,0
BRDA:2,134,0,0
BRDA:2,134,1,0
BRDA:2,135,0,0
BRDA:2,135,1,0
BRDA:2,136,0,0
BRDA:2,136,1,0
BRDA:2,137,0,0
BRDA:2,137,1,0
BRDA:2,138,0,0
BRDA:2,138,1,0
BRF:286
BRH:0
end_of_record
TN:
SF:coverage/lcov-report/sorter.js
FN:2,(anonymous_0)
FN:11,getTable
FN:15,getTableHeader
FN:19,getTableBody
FN:23,getNthColumn
FN:28,loadColumns
FN:53,loadRowData
FN:72,loadData
FN:81,sortByIndex
FN:83,(anonymous_9)
FN:95,(anonymous_10)
FN:112,removeSortIndicators
FN:120,addSortIndicators
FN:126,enableUI
FN:129,ithSorter
FN:132,(anonymous_15)
FN:159,(anonymous_16)
FNF:17
FNH:0
FNDA:0,(anonymous_0)
FNDA:0,getTable
FNDA:0,getTableHeader
FNDA:0,getTableBody
FNDA:0,getNthColumn
FNDA:0,loadColumns
FNDA:0,loadRowData
FNDA:0,loadData
FNDA:0,sortByIndex
FNDA:0,(anonymous_9)
FNDA:0,(anonymous_10)
FNDA:0,removeSortIndicators
FNDA:0,addSortIndicators
FNDA:0,enableUI
FNDA:0,ithSorter
FNDA:0,(anonymous_15)
FNDA:0,(anonymous_16)
DA:2,0
DA:5,0
DA:12,0
DA:16,0
DA:20,0
DA:24,0
DA:29,0
DA:31,0
DA:35,0
DA:36,0
DA:37,0
DA:42,0
DA:43,0
DA:44,0
DA:45,0
DA:49,0
DA:54,0
DA:57,0
DA:60,0
DA:61,0
DA:62,0
DA:63,0
DA:64,0
DA:65,0
DA:67,0
DA:69,0
DA:73,0
DA:76,0
DA:77,0
DA:82,0
DA:83,0
DA:84,0
DA:85,0
DA:86,0
DA:88,0
DA:89,0
DA:90,0
DA:91,0
DA:94,0
DA:95,0
DA:96,0
DA:100,0
DA:101,0
DA:102,0
DA:105,0
DA:107,0
DA:108,0
DA:113,0
DA:114,0
DA:116,0
DA:117,0
DA:121,0
DA:129,0
DA:130,0
DA:132,0
DA:133,0
DA:135,0
DA:136,0
DA:138,0
DA:139,0
DA:140,0
DA:141,0
DA:142,0
DA:145,0
DA:146,0
DA:149,0
DA:150,0
DA:151,0
DA:153,0
DA:159,0
DA:160,0
DA:161,0
DA:163,0
DA:164,0
DA:165,0
DA:166,0
DA:170,0
LF:77
LH:0
BRDA:40,0,0,0
BRDA:40,0,1,0
BRDA:43,1,0,0
BRDA:43,1,1,0
BRDA:64,2,0,0
BRDA:64,2,1,0
BRDA:86,3,0,0
BRDA:86,3,1,0
BRDA:86,4,0,0
BRDA:86,4,1,0
BRDA:94,5,0,0
BRDA:94,5,1,0
BRDA:121,6,0,0
BRDA:121,6,1,0
BRDA:135,7,0,0
BRDA:135,7,1,0
BRDA:146,8,0,0
BRDA:146,8,1,0
BRDA:150,9,0,0
BRDA:150,9,1,0
BRDA:160,10,0,0
BRDA:160,10,1,0
BRF:22
BRH:0
end_of_record
TN:
SF:docs/js/webpack:/defaultOptions.js
FN:1,(anonymous_39)
FNF:1
FNH:0
FNDA:0,(anonymous_39)
DA:1,0
LF:1
LH:0
BRF:0
BRH:0
end_of_record
TN:
SF:docs/js/webpack:/index.js
FN:1,(anonymous_69)
FN:7,e
FN:27,(anonymous_71)
FNF:3
FNH:0
FNDA:0,(anonymous_69)
FNDA:0,e
FNDA:0,(anonymous_71)
DA:1,0
DA:7,0
DA:8,0
DA:9,0
DA:13,0
DA:17,0
DA:28,0
DA:29,0
DA:30,0
DA:32,0
DA:33,0
DA:34,0
DA:41,0
DA:45,0
DA:46,0
LF:15
LH:0
BRDA:8,0,0,0
BRDA:8,0,1,0
BRDA:18,1,0,0
BRDA:18,1,1,0
BRDA:28,2,0,0
BRDA:28,2,1,0
BRDA:28,3,0,0
BRDA:28,3,1,0
BRDA:32,4,0,0
BRDA:32,4,1,0
BRDA:32,5,0,0
BRDA:32,5,1,0
BRDA:47,6,0,0
BRDA:47,6,1,0
BRDA:48,7,0,0
BRDA:48,7,1,0
BRDA:51,8,0,0
BRDA:51,8,1,0
BRF:18
BRH:0
end_of_record
TN:
SF:docs/js/webpack:/utils.js
FN:12,(anonymous_12)
FN:14,(anonymous_15)
FN:30,(anonymous_16)
FN:42,(anonymous_17)
FN:43,(anonymous_18)
FN:51,(anonymous_19)
FN:62,l
FN:67,c
FN:71,s
FN:77,p
FN:81,f
FN:85,m
FN:89,d
FNF:13
FNH:0
FNDA:0,(anonymous_12)
FNDA:0,(anonymous_15)
FNDA:0,(anonymous_16)
FNDA:0,(anonymous_17)
FNDA:0,(anonymous_18)
FNDA:0,(anonymous_19)
FNDA:0,l
FNDA:0,c
FNDA:0,s
FNDA:0,p
FNDA:0,f
FNDA:0,m
FNDA:0,d
DA:12,0
DA:14,0
DA:15,0
DA:16,0
DA:19,0
DA:20,0
DA:21,0
DA:22,0
DA:23,0
DA:24,0
DA:26,0
DA:28,0
DA:30,0
DA:31,0
DA:32,0
DA:33,0
DA:34,0
DA:35,0
DA:40,0
DA:42,0
DA:43,0
DA:44,0
DA:48,0
DA:51,0
DA:52,0
DA:53,0
DA:59,0
DA:63,0
DA:68,0
DA:72,0
DA:73,0
DA:74,0
DA:78,0
DA:82,0
DA:86,0
DA:89,0
DA:90,0
DA:91,0
DA:92,0
DA:93,0
DA:94,0
LF:41
LH:0
BRDA:14,0,0,0
BRDA:14,0,1,0
BRDA:14,1,0,0
BRDA:14,1,1,0
BRDA:16,2,0,0
BRDA:16,2,1,0
BRDA:16,2,2,0
BRDA:19,3,0,0
BRDA:19,3,1,0
BRDA:30,4,0,0
BRDA:30,4,1,0
BRDA:30,5,0,0
BRDA:30,5,1,0
BRDA:32,6,0,0
BRDA:32,6,1,0
BRDA:36,7,0,0
BRDA:36,7,1,0
BRDA:36,8,0,0
BRDA:36,8,1,0
BRDA:44,9,0,0
BRDA:44,9,1,0
BRDA:51,10,0,0
BRDA:51,10,1,0
BRDA:51,11,0,0
BRDA:51,11,1,0
BRDA:63,12,0,0
BRDA:63,12,1,0
BRDA:82,13,0,0
BRDA:82,13,1,0
BRDA:86,14,0,0
BRDA:86,14,1,0
BRDA:89,15,0,0
BRDA:89,15,1,0
BRDA:89,16,0,0
BRDA:89,16,1,0
BRDA:90,17,0,0
BRDA:90,17,1,0
BRDA:91,18,0,0
BRDA:91,18,1,0
BRDA:93,19,0,0
BRDA:93,19,1,0
BRDA:93,19,2,0
BRDA:94,20,0,0
BRDA:94,20,1,0
BRF:44
BRH:0
end_of_record
TN:
SF:docs/js/webpack:/vue-number-format.vue
FN:2,a
FN:5,(anonymous_29)
FN:6,(anonymous_30)
FN:33,(anonymous_31)
FN:45,(anonymous_33)
FN:66,(anonymous_37)
FNF:6
FNH:0
FNDA:0,a
FNDA:0,(anonymous_29)
FNDA:0,(anonymous_30)
FNDA:0,(anonymous_31)
FNDA:0,(anonymous_33)
FNDA:0,(anonymous_37)
DA:2,0
DA:5,0
DA:6,0
DA:14,0
DA:35,0
DA:41,0
DA:48,0
DA:52,0
DA:53,0
DA:54,0
DA:58,0
DA:66,0
DA:67,0
LF:13
LH:0
BRDA:5,0,0,0
BRDA:5,0,1,0
BRDA:6,1,0,0
BRDA:6,1,1,0
BRDA:36,2,0,0
BRDA:36,2,1,0
BRDA:59,3,0,0
BRDA:59,3,1,0
BRDA:67,4,0,0
BRDA:67,4,1,0
BRF:10
BRH:0
end_of_record
TN:
SF:docs/js/webpack:/vue-number-format.vue?e653
FNF:0
FNH:0
DA:4,0
DA:6,0
LF:2
LH:0
BRF:0
BRH:0
end_of_record
TN:
SF:docs/js/webpack:/(webpack)/buildin/global.js
FN:1,(anonymous_974)
FN:4,(anonymous_975)
FNF:2
FNH:0
FNDA:0,(anonymous_974)
FNDA:0,(anonymous_975)
DA:4,0
DA:5,0
DA:8,0
DA:10,0
DA:13,0
DA:20,0
LF:6
LH:0
BRDA:10,0,0,0
BRDA:10,0,1,0
BRDA:13,1,0,0
BRDA:13,1,1,0
BRF:4
BRH:0
end_of_record
TN:
SF:docs/js/webpack:/node_modules/@babel/runtime/helpers/esm/typeof.js
FN:1,(anonymous_119)
FN:1,r
FN:5,(anonymous_122)
FN:9,(anonymous_123)
FNF:4
FNH:0
FNDA:0,(anonymous_119)
FNDA:0,r
FNDA:0,(anonymous_122)
FNDA:0,(anonymous_123)
DA:1,0
DA:6,0
DA:10,0
DA:14,0
LF:4
LH:0
BRDA:5,0,0,0
BRDA:5,0,1,0
BRDA:4,1,0,0
BRDA:4,1,1,0
BRDA:10,2,0,0
BRDA:10,2,1,0
BRDA:10,3,0,0
BRDA:10,3,1,0
BRDA:10,3,2,0
BRDA:10,3,3,0
BRF:10
BRH:0
end_of_record
TN:
SF:docs/js/webpack:/node_modules/@vue/reactivity/dist/reactivity.esm-bundler.js
FN:3,(anonymous_184)
FN:8,l
FN:11,u
FN:21,f
FN:31,d
FN:32,(anonymous_198)
FN:60,h
FN:71,b
FN:75,m
FN:79,y
FN:83,x
FN:108,O
FN:115,(anonymous_205)
FN:117,(anonymous_206)
FN:130,(anonymous_207)
FN:170,(anonymous_208)
FN:193,(anonymous_209)
FN:227,A
FN:228,(anonymous_211)
FN:200,(anonymous_212)
FN:202,(anonymous_213)
FN:218,(anonymous_214)
FN:220,(anonymous_215)
FN:271,F
FN:272,(anonymous_217)
FN:297,P
FN:306,I
FN:313,N
FN:326,(anonymous_221)
FN:332,(anonymous_222)
FN:350,(anonymous_223)
FN:351,(anonymous_224)
FN:352,(anonymous_225)
FN:353,(anonymous_226)
FN:354,H
FN:373,G
FN:385,z
FN:390,V
FN:401,W
FN:423,q
FN:442,X
FN:457,K
FN:458,(anonymous_235)
FN:464,(anonymous_236)
FN:472,Y
FN:473,(anonymous_238)
FN:487,(anonymous_239)
FN:497,(anonymous_240)
FN:503,J
FN:504,(anonymous_242)
FN:513,(anonymous_243)
FN:516,(anonymous_244)
FN:527,(anonymous_245)
FN:530,(anonymous_246)
FN:541,(anonymous_247)
FN:544,(anonymous_248)
FN:547,(anonymous_249)
FN:562,ne
FN:568,(anonymous_251)
FN:557,(anonymous_252)
FN:606,se
FN:620,le
FN:625,ue
FN:635,fe
FN:638,pe
FN:648,de
FN:676,he
FN:682,ge
FN:685,ve
FN:688,be
FN:697,me
FN:734,ye
FN:738,(anonymous_265)
FN:739,(anonymous_266)
FN:750,Oe
FN:802,(anonymous_268)
FN:808,(anonymous_269)
FN:817,(anonymous_270)
FN:825,(anonymous_271)
FN:829,we
FNF:80
FNH:0
FNDA:0,(anonymous_184)
FNDA:0,l
FNDA:0,u
FNDA:0,f
FNDA:0,d
FNDA:0,(anonymous_198)
FNDA:0,h
FNDA:0,b
FNDA:0,m
FNDA:0,y
FNDA:0,x
FNDA:0,O
FNDA:0,(anonymous_205)
FNDA:0,(anonymous_206)
FNDA:0,(anonymous_207)
FNDA:0,(anonymous_208)
FNDA:0,(anonymous_209)
FNDA:0,A
FNDA:0,(anonymous_211)
FNDA:0,(anonymous_212)
FNDA:0,(anonymous_213)
FNDA:0,(anonymous_214)
FNDA:0,(anonymous_215)
FNDA:0,F
FNDA:0,(anonymous_217)
FNDA:0,P
FNDA:0,I
FNDA:0,N
FNDA:0,(anonymous_221)
FNDA:0,(anonymous_222)
FNDA:0,(anonymous_223)
FNDA:0,(anonymous_224)
FNDA:0,(anonymous_225)
FNDA:0,(anonymous_226)
FNDA:0,H
FNDA:0,G
FNDA:0,z
FNDA:0,V
FNDA:0,W
FNDA:0,q
FNDA:0,X
FNDA:0,K
FNDA:0,(anonymous_235)
FNDA:0,(anonymous_236)
FNDA:0,Y
FNDA:0,(anonymous_238)
FNDA:0,(anonymous_239)
FNDA:0,(anonymous_240)
FNDA:0,J
FNDA:0,(anonymous_242)
FNDA:0,(anonymous_243)
FNDA:0,(anonymous_244)
FNDA:0,(anonymous_245)
FNDA:0,(anonymous_246)
FNDA:0,(anonymous_247)
FNDA:0,(anonymous_248)
FNDA:0,(anonymous_249)
FNDA:0,ne
FNDA:0,(anonymous_251)
FNDA:0,(anonymous_252)
FNDA:0,se
FNDA:0,le
FNDA:0,ue
FNDA:0,fe
FNDA:0,pe
FNDA:0,de
FNDA:0,he
FNDA:0,ge
FNDA:0,ve
FNDA:0,be
FNDA:0,me
FNDA:0,ye
FNDA:0,(anonymous_265)
FNDA:0,(anonymous_266)
FNDA:0,Oe
FNDA:0,(anonymous_268)
FNDA:0,(anonymous_269)
FNDA:0,(anonymous_270)
FNDA:0,(anonymous_271)
FNDA:0,we
DA:3,0
DA:4,0
DA:6,0
DA:7,0
DA:9,0
DA:12,0
DA:15,0
DA:19,0
DA:22,0
DA:30,0
DA:32,0
DA:33,0
DA:34,0
DA:36,0
DA:37,0
DA:38,0
DA:42,0
DA:45,0
DA:58,0
DA:61,0
DA:62,0
DA:63,0
DA:64,0
DA:66,0
DA:69,0
DA:70,0
DA:72,0
DA:76,0
DA:80,0
DA:81,0
DA:84,0
DA:85,0
DA:87,0
DA:88,0
DA:91,0
DA:92,0
DA:109,0
DA:110,0
DA:112,0
DA:114,0
DA:115,0
DA:116,0
DA:117,0
DA:124,0
DA:127,0
DA:129,0
DA:130,0
DA:142,0
DA:144,0
DA:154,0
DA:156,0
DA:162,0
DA:164,0
DA:167,0
DA:170,0
DA:182,0
DA:189,0
DA:192,0
DA:193,0
DA:195,0
DA:196,0
DA:197,0
DA:198,0
DA:199,0
DA:200,0
DA:201,0
DA:202,0
DA:203,0
DA:204,0
DA:205,0
DA:208,0
DA:209,0
DA:219,0
DA:220,0
DA:221,0
DA:222,0
DA:224,0
DA:228,0
DA:229,0
DA:230,0
DA:232,0
DA:233,0
DA:235,0
DA:237,0
DA:239,0
DA:240,0
DA:241,0
DA:243,0
DA:244,0
DA:247,0
DA:252,0
DA:253,0
DA:255,0
DA:257,0
DA:258,0
DA:260,0
DA:269,0
DA:270,0
DA:272,0
DA:273,0
DA:274,0
DA:278,0
DA:281,0
DA:284,0
DA:294,0
DA:298,0
DA:299,0
DA:300,0
DA:304,0
DA:307,0
DA:311,0
DA:315,0
DA:317,0
DA:324,0
DA:330,0
DA:336,0
DA:339,0
DA:346,0
DA:350,0
DA:351,0
DA:352,0
DA:353,0
DA:357,0
DA:358,0
DA:359,0
DA:360,0
DA:364,0
DA:365,0
DA:366,0
DA:374,0
DA:375,0
DA:376,0
DA:381,0
DA:388,0
DA:391,0
DA:392,0
DA:393,0
DA:394,0
DA:395,0
DA:399,0
DA:402,0
DA:403,0
DA:404,0
DA:405,0
DA:406,0
DA:413,0
DA:414,0
DA:421,0
DA:424,0
DA:425,0
DA:426,0
DA:427,0
DA:434,0
DA:436,0
DA:440,0
DA:443,0
DA:444,0
DA:445,0
DA:451,0
DA:455,0
DA:458,0
DA:459,0
DA:460,0
DA:461,0
DA:462,0
DA:464,0
DA:468,0
DA:473,0
DA:474,0
DA:475,0
DA:476,0
DA:477,0
DA:478,0
DA:479,0
DA:480,0
DA:485,0
DA:488,0
DA:489,0
DA:498,0
DA:504,0
DA:509,0
DA:512,0
DA:514,0
DA:517,0
DA:526,0
DA:528,0
DA:531,0
DA:540,0
DA:542,0
DA:545,0
DA:548,0
DA:556,0
DA:557,0
DA:558,0
DA:563,0
DA:568,0
DA:569,0
DA:583,0
DA:586,0
DA:589,0
DA:604,0
DA:605,0
DA:607,0
DA:610,0
DA:615,0
DA:617,0
DA:621,0
DA:627,0
DA:636,0
DA:639,0
DA:649,0
DA:653,0
DA:657,0
DA:659,0
DA:662,0
DA:663,0
DA:664,0
DA:665,0
DA:668,0
DA:669,0
DA:670,0
DA:672,0
DA:674,0
DA:677,0
DA:683,0
DA:686,0
DA:689,0
DA:698,0
DA:735,0
DA:737,0
DA:738,0
DA:740,0
DA:741,0
DA:751,0
DA:803,0
DA:809,0
DA:823,0
DA:826,0
DA:844,0
LF:239
LH:0
BRDA:9,0,0,0
BRDA:9,0,1,0
BRDA:11,1,0,0
BRDA:12,2,0,0
BRDA:12,2,1,0
BRDA:16,3,0,0
BRDA:16,3,1,0
BRDA:22,4,0,0
BRDA:22,4,1,0
BRDA:24,5,0,0
BRDA:24,5,1,0
BRDA:33,6,0,0
BRDA:33,6,1,0
BRDA:34,7,0,0
BRDA:34,7,1,0
BRDA:36,8,0,0
BRDA:36,8,1,0
BRDA:62,9,0,0
BRDA:62,9,1,0
BRDA:81,10,0,0
BRDA:81,10,1,0
BRDA:84,11,0,0
BRDA:84,11,1,0
BRDA:84,12,0,0
BRDA:84,12,1,0
BRDA:88,13,0,0
BRDA:88,13,1,0
BRDA:92,14,0,0
BRDA:92,14,1,0
BRDA:95,15,0,0
BRDA:95,15,1,0
BRDA:110,16,0,0
BRDA:110,16,1,0
BRDA:116,17,0,0
BRDA:116,17,1,0
BRDA:118,18,0,0
BRDA:118,18,1,0
BRDA:118,18,2,0
BRDA:124,19,0,0
BRDA:124,19,1,0
BRDA:129,20,0,0
BRDA:129,20,1,0
BRDA:129,21,0,0
BRDA:129,21,1,0
BRDA:131,22,0,0
BRDA:131,22,1,0
BRDA:131,22,2,0
BRDA:143,23,0,0
BRDA:143,23,1,0
BRDA:143,23,2,0
BRDA:142,24,0,0
BRDA:142,24,1,0
BRDA:150,25,0,0
BRDA:150,25,1,0
BRDA:150,26,0,0
BRDA:150,26,1,0
BRDA:146,27,0,0
BRDA:146,27,1,0
BRDA:156,28,0,0
BRDA:156,28,1,0
BRDA:158,29,0,0
BRDA:158,29,1,0
BRDA:164,30,0,0
BRDA:164,30,1,0
BRDA:183,31,0,0
BRDA:183,31,1,0
BRDA:227,32,0,0
BRDA:227,33,0,0
BRDA:229,34,0,0
BRDA:229,34,1,0
BRDA:232,35,0,0
BRDA:232,35,1,0
BRDA:235,36,0,0
BRDA:235,36,1,0
BRDA:235,37,0,0
BRDA:235,37,1,0
BRDA:236,38,0,0
BRDA:236,38,1,0
BRDA:240,39,0,0
BRDA:240,39,1,0
BRDA:240,40,0,0
BRDA:240,40,1,0
BRDA:244,41,0,0
BRDA:244,41,1,0
BRDA:245,42,0,0
BRDA:245,42,1,0
BRDA:246,43,0,0
BRDA:246,43,1,0
BRDA:252,44,0,0
BRDA:252,44,1,0
BRDA:249,45,0,0
BRDA:249,45,1,0
BRDA:255,46,0,0
BRDA:255,46,1,0
BRDA:257,47,0,0
BRDA:257,47,1,0
BRDA:258,48,0,0
BRDA:258,48,1,0
BRDA:264,49,0,0
BRDA:264,49,1,0
BRDA:264,50,0,0
BRDA:264,50,1,0
BRDA:211,51,0,0
BRDA:211,51,1,0
BRDA:209,52,0,0
BRDA:209,52,1,0
BRDA:271,53,0,0
BRDA:274,54,0,0
BRDA:274,54,1,0
BRDA:274,55,0,0
BRDA:274,55,1,0
BRDA:275,56,0,0
BRDA:275,56,1,0
BRDA:275,56,2,0
BRDA:282,57,0,0
BRDA:282,57,1,0
BRDA:281,58,0,0
BRDA:281,58,1,0
BRDA:286,59,0,0
BRDA:286,59,1,0
BRDA:290,60,0,0
BRDA:290,60,1,0
BRDA:290,61,0,0
BRDA:290,61,1,0
BRDA:301,62,0,0
BRDA:301,62,1,0
BRDA:301,62,2,0
BRDA:308,63,0,0
BRDA:308,63,1,0
BRDA:308,63,2,0
BRDA:314,64,0,0
BRDA:314,64,1,0
BRDA:350,65,0,0
BRDA:350,65,1,0
BRDA:351,66,0,0
BRDA:351,66,1,0
BRDA:354,67,0,0
BRDA:354,68,0,0
BRDA:360,69,0,0
BRDA:360,69,1,0
BRDA:360,69,2,0
BRDA:361,70,0,0
BRDA:361,70,1,0
BRDA:365,71,0,0
BRDA:365,71,1,0
BRDA:365,72,0,0
BRDA:365,72,1,0
BRDA:367,73,0,0
BRDA:367,73,1,0
BRDA:370,74,0,0
BRDA:370,74,1,0
BRDA:373,75,0,0
BRDA:377,76,0,0
BRDA:377,76,1,0
BRDA:377,76,2,0
BRDA:378,77,0,0
BRDA:378,77,1,0
BRDA:382,78,0,0
BRDA:382,78,1,0
BRDA:383,79,0,0
BRDA:383,79,1,0
BRDA:385,80,0,0
BRDA:386,81,0,0
BRDA:386,81,1,0
BRDA:396,82,0,0
BRDA:396,82,1,0
BRDA:406,83,0,0
BRDA:406,83,1,0
BRDA:418,84,0,0
BRDA:418,84,1,0
BRDA:418,85,0,0
BRDA:418,85,1,0
BRDA:427,86,0,0
BRDA:427,86,1,0
BRDA:434,87,0,0
BRDA:434,87,1,0
BRDA:437,88,0,0
BRDA:437,88,1,0
BRDA:452,89,0,0
BRDA:452,89,1,0
BRDA:462,90,0,0
BRDA:462,90,1,0
BRDA:462,91,0,0
BRDA:462,91,1,0
BRDA:464,92,0,0
BRDA:464,92,1,0
BRDA:477,93,0,0
BRDA:477,93,1,0
BRDA:477,93,2,0
BRDA:478,94,0,0
BRDA:478,94,1,0
BRDA:480,95,0,0
BRDA:480,95,1,0
BRDA:480,96,0,0
BRDA:480,96,1,0
BRDA:485,97,0,0
BRDA:485,97,1,0
BRDA:482,98,0,0
BRDA:482,98,1,0
BRDA:490,99,0,0
BRDA:490,99,1,0
BRDA:492,100,0,0
BRDA:492,100,1,0
BRDA:509,101,0,0
BRDA:509,101,1,0
BRDA:564,102,0,0
BRDA:564,102,1,0
BRDA:566,103,0,0
BRDA:566,103,1,0
BRDA:569,104,0,0
BRDA:569,104,1,0
BRDA:573,105,0,0
BRDA:573,105,1,0
BRDA:576,106,0,0
BRDA:576,106,1,0
BRDA:579,107,0,0
BRDA:579,107,1,0
BRDA:578,108,0,0
BRDA:578,108,1,0
BRDA:608,109,0,0
BRDA:608,109,1,0
BRDA:608,109,2,0
BRDA:608,109,3,0
BRDA:608,109,4,0
BRDA:608,109,5,0
BRDA:608,109,6,0
BRDA:622,110,0,0
BRDA:622,110,1,0
BRDA:621,111,0,0
BRDA:621,111,1,0
BRDA:628,112,0,0
BRDA:628,112,1,0
BRDA:627,113,0,0
BRDA:627,113,1,0
BRDA:649,114,0,0
BRDA:649,114,1,0
BRDA:657,115,0,0
BRDA:657,115,1,0
BRDA:657,116,0,0
BRDA:657,116,1,0
BRDA:657,116,2,0
BRDA:662,117,0,0
BRDA:662,117,1,0
BRDA:664,118,0,0
BRDA:664,118,1,0
BRDA:669,119,0,0
BRDA:669,119,1,0
BRDA:672,120,0,0
BRDA:672,120,1,0
BRDA:678,121,0,0
BRDA:678,121,1,0
BRDA:678,122,0,0
BRDA:678,122,1,0
BRDA:683,123,0,0
BRDA:683,123,1,0
BRDA:686,124,0,0
BRDA:686,124,1,0
BRDA:689,125,0,0
BRDA:689,125,1,0
BRDA:689,125,2,0
BRDA:698,126,0,0
BRDA:698,126,1,0
BRDA:735,127,0,0
BRDA:735,127,1,0
BRDA:742,128,0,0
BRDA:742,128,1,0
BRDA:741,129,0,0
BRDA:741,129,1,0
BRDA:752,130,0,0
BRDA:752,130,1,0
BRDA:809,131,0,0
BRDA:809,131,1,0
BRDA:818,132,0,0
BRDA:818,132,1,0
BRDA:833,133,0,0
BRDA:833,133,1,0
BRDA:844,134,0,0
BRDA:844,134,1,0
BRF:278
BRH:0
end_of_record
TN:
SF:docs/js/webpack:/node_modules/@vue/runtime-core/dist/runtime-core.esm-bundler.js
FN:151,je
FN:161,_e
FN:165,(anonymous_275)
FN:177,Ee
FN:205,ke
FN:243,Ue
FN:247,He
FN:261,Ge
FN:267,ze
FN:273,Ve
FN:288,We
FN:291,qe
FN:294,Xe
FN:315,Ke
FN:328,(anonymous_287)
FN:339,(anonymous_288)
FN:340,Je
FN:356,(anonymous_290)
FN:552,Ze
FN:582,(anonymous_292)
FN:624,Qe
FN:633,(anonymous_294)
FN:651,(anonymous_295)
FN:661,et
FN:673,nt
FN:683,rt
FN:845,ot
FN:846,(anonymous_300)
FN:853,(anonymous_301)
FN:862,(anonymous_302)
FN:877,at
FN:936,st
FN:950,lt
FN:958,(anonymous_306)
FN:1322,ft
FN:1339,pt
FN:1352,dt
FN:1378,(anonymous_310)
FN:1411,vt
FN:1414,(anonymous_312)
FN:1462,mt
FN:1488,yt
FN:1569,xt
FN:1600,Ot
FN:1629,St
FN:1639,(anonymous_318)
FN:1696,wt
FN:1707,jt
FN:1711,_t
FN:1714,Et
FN:1855,kt
FN:1862,(anonymous_324)
FN:1896,(anonymous_325)
FN:1896,(anonymous_326)
FN:1907,(anonymous_327)
FN:1918,Dt
FN:1926,Bt
FN:1944,(anonymous_330)
FN:1948,(anonymous_331)
FN:1952,(anonymous_332)
FN:1952,(anonymous_333)
FN:1970,(anonymous_334)
FN:1974,(anonymous_335)
FN:1991,(anonymous_336)
FN:1994,(anonymous_337)
FN:1995,(anonymous_338)
FN:2000,(anonymous_339)
FN:2034,(anonymous_340)
FN:2038,(anonymous_341)
FN:2071,(anonymous_342)
FN:2079,Ut
FN:2082,(anonymous_344)
FN:2086,Ht
FN:2100,(anonymous_346)
FN:2112,Gt
FN:2119,(anonymous_348)
FN:2122,(anonymous_349)
FN:2150,(anonymous_350)
FN:2154,(anonymous_351)
FN:2210,(anonymous_352)
FN:2217,(anonymous_353)
FN:2221,(anonymous_354)
FN:2237,qt
FN:2248,Xt
FN:2252,(anonymous_357)
FN:2259,(anonymous_358)
FN:2283,(anonymous_359)
FN:2298,(anonymous_360)
FN:2323,(anonymous_361)
FN:2333,(anonymous_362)
FN:2360,(anonymous_363)
FN:2370,Kt
FN:2377,Yt
FN:2384,Jt
FN:2396,Zt
FN:2424,(anonymous_368)
FN:2614,en
FN:2617,tn
FN:2619,(anonymous_371)
FN:2630,nn
FN:2633,rn
FN:2636,on
FN:2641,(anonymous_375)
FN:2668,cn
FN:2672,(anonymous_377)
FN:2676,an
FN:2686,sn
FN:2690,(anonymous_380)
FN:2691,(anonymous_381)
FN:2694,(anonymous_382)
FN:2694,(anonymous_383)
FN:2702,(anonymous_384)
FN:2717,(anonymous_385)
FN:2721,(anonymous_386)
FN:2727,(anonymous_387)
FN:2729,(anonymous_388)
FN:2749,(anonymous_389)
FN:2842,vn
FN:2862,bn
FN:2881,yn
FN:2882,(anonymous_393)
FN:2897,(anonymous_394)
FN:2900,(anonymous_395)
FN:2905,(anonymous_396)
FN:2923,(anonymous_397)
FN:2943,(anonymous_398)
FN:2956,(anonymous_399)
FN:2969,(anonymous_400)
FN:3002,(anonymous_401)
FN:3013,(anonymous_402)
FN:3368,xn
FN:3401,(anonymous_404)
FN:3403,(anonymous_405)
FN:3440,(anonymous_406)
FN:3458,(anonymous_407)
FN:3494,jn
FN:3504,_n
FN:3512,(anonymous_410)
FN:3564,(anonymous_411)
FN:3575,(anonymous_412)
FN:3584,(anonymous_413)
FN:3628,(anonymous_414)
FN:3637,(anonymous_415)
FN:3703,(anonymous_416)
FN:3710,(anonymous_417)
FN:3731,(anonymous_418)
FN:3739,(anonymous_419)
FN:3829,(anonymous_420)
FN:3836,(anonymous_421)
FN:3858,(anonymous_422)
FN:3880,(anonymous_423)
FN:3930,(anonymous_424)
FN:3943,(anonymous_425)
FN:3982,(anonymous_426)
FN:4016,(anonymous_427)
FN:4018,(anonymous_428)
FN:4138,(anonymous_429)
FN:4065,(anonymous_430)
FN:4151,(anonymous_431)
FN:4162,(anonymous_432)
FN:4216,(anonymous_433)
FN:4239,(anonymous_434)
FN:4410,(anonymous_435)
FN:4445,(anonymous_436)
FN:4449,(anonymous_437)
FN:4450,(anonymous_438)
FN:4451,(anonymous_439)
FN:4468,(anonymous_440)
FN:4517,(anonymous_441)
FN:4524,(anonymous_442)
FN:4534,(anonymous_443)
FN:4544,(anonymous_444)
FN:4556,(anonymous_445)
FN:4567,(anonymous_446)
FN:4591,(anonymous_447)
FN:4613,(anonymous_448)
FN:4618,(anonymous_449)
FN:4627,(anonymous_450)
FN:4662,En
FN:4679,kn
FN:4705,An
FN:4747,(anonymous_454)
FN:4748,(anonymous_455)
FN:4929,Pn
FN:4952,Nn
FN:4982,Ln
FN:5016,Hn
FN:5019,Gn
FN:5054,Vn
FN:5067,Wn
FN:5070,qn
FN:5095,(anonymous_464)
FN:5096,(anonymous_465)
FN:5106,Zn
FN:5219,Qn
FN:5275,er
FN:5281,tr
FN:5291,nr
FN:5299,rr
FN:5319,or
FN:5322,ir
FN:5380,cr
FN:5410,ar
FN:5431,sr
FN:5472,ur
FN:5562,(anonymous_478)
FN:5611,(anonymous_479)
FN:5612,(anonymous_480)
FN:5623,(anonymous_481)
FN:5633,(anonymous_482)
FN:5699,fr
FN:5713,pr
FN:5722,dr
FN:5734,hr
FN:5739,gr
FN:5761,vr
FN:5764,(anonymous_489)
FN:5779,(anonymous_490)
FN:5797,br
FN:5799,(anonymous_492)
FN:5807,mr
FN:5816,(anonymous_494)
FN:5820,yr
FN:5825,(anonymous_496)
FN:5837,(anonymous_497)
FN:5838,(anonymous_498)
FN:5839,(anonymous_499)
FN:5840,(anonymous_500)
FN:5841,(anonymous_501)
FN:5842,(anonymous_502)
FN:5843,(anonymous_503)
FN:5844,(anonymous_504)
FN:5845,(anonymous_505)
FN:5846,(anonymous_506)
FN:5847,(anonymous_507)
FN:5848,(anonymous_508)
FN:5848,(anonymous_509)
FN:5849,(anonymous_510)
FN:5850,(anonymous_511)
FN:5853,(anonymous_512)
FN:5954,(anonymous_513)
FN:5987,(anonymous_514)
FN:6006,(anonymous_515)
FN:6013,(anonymous_516)
FN:6089,_r
FN:6166,(anonymous_518)
FN:6167,(anonymous_519)
FN:6178,Fr
FN:6190,Pr
FN:6230,(anonymous_522)
FN:6248,Ir
FN:6281,Nr
FN:6342,Lr
FN:6368,Rr
FN:6401,Mr
FN:6405,$r
FN:6542,Dr
FN:6773,Br
FNF:258
FNH:0
FNDA:0,je
FNDA:0,_e
FNDA:0,(anonymous_275)
FNDA:0,Ee
FNDA:0,ke
FNDA:0,Ue
FNDA:0,He
FNDA:0,Ge
FNDA:0,ze
FNDA:0,Ve
FNDA:0,We
FNDA:0,qe
FNDA:0,Xe
FNDA:0,Ke
FNDA:0,(anonymous_287)
FNDA:0,(anonymous_288)
FNDA:0,Je
FNDA:0,(anonymous_290)
FNDA:0,Ze
FNDA:0,(anonymous_292)
FNDA:0,Qe
FNDA:0,(anonymous_294)
FNDA:0,(anonymous_295)
FNDA:0,et
FNDA:0,nt
FNDA:0,rt
FNDA:0,ot
FNDA:0,(anonymous_300)
FNDA:0,(anonymous_301)
FNDA:0,(anonymous_302)
FNDA:0,at
FNDA:0,st
FNDA:0,lt
FNDA:0,(anonymous_306)
FNDA:0,ft
FNDA:0,pt
FNDA:0,dt
FNDA:0,(anonymous_310)
FNDA:0,vt
FNDA:0,(anonymous_312)
FNDA:0,mt
FNDA:0,yt
FNDA:0,xt
FNDA:0,Ot
FNDA:0,St
FNDA:0,(anonymous_318)
FNDA:0,wt
FNDA:0,jt
FNDA:0,_t
FNDA:0,Et
FNDA:0,kt
FNDA:0,(anonymous_324)
FNDA:0,(anonymous_325)
FNDA:0,(anonymous_326)
FNDA:0,(anonymous_327)
FNDA:0,Dt
FNDA:0,Bt
FNDA:0,(anonymous_330)
FNDA:0,(anonymous_331)
FNDA:0,(anonymous_332)
FNDA:0,(anonymous_333)
FNDA:0,(anonymous_334)
FNDA:0,(anonymous_335)
FNDA:0,(anonymous_336)
FNDA:0,(anonymous_337)
FNDA:0,(anonymous_338)
FNDA:0,(anonymous_339)
FNDA:0,(anonymous_340)
FNDA:0,(anonymous_341)
FNDA:0,(anonymous_342)
FNDA:0,Ut
FNDA:0,(anonymous_344)
FNDA:0,Ht
FNDA:0,(anonymous_346)
FNDA:0,Gt
FNDA:0,(anonymous_348)
FNDA:0,(anonymous_349)
FNDA:0,(anonymous_350)
FNDA:0,(anonymous_351)
FNDA:0,(anonymous_352)
FNDA:0,(anonymous_353)
FNDA:0,(anonymous_354)
FNDA:0,qt
FNDA:0,Xt
FNDA:0,(anonymous_357)
FNDA:0,(anonymous_358)
FNDA:0,(anonymous_359)
FNDA:0,(anonymous_360)
FNDA:0,(anonymous_361)
FNDA:0,(anonymous_362)
FNDA:0,(anonymous_363)
FNDA:0,Kt
FNDA:0,Yt
FNDA:0,Jt
FNDA:0,Zt
FNDA:0,(anonymous_368)
FNDA:0,en
FNDA:0,tn
FNDA:0,(anonymous_371)
FNDA:0,nn
FNDA:0,rn
FNDA:0,on
FNDA:0,(anonymous_375)
FNDA:0,cn
FNDA:0,(anonymous_377)
FNDA:0,an
FNDA:0,sn
FNDA:0,(anonymous_380)
FNDA:0,(anonymous_381)
FNDA:0,(anonymous_382)
FNDA:0,(anonymous_383)
FNDA:0,(anonymous_384)
FNDA:0,(anonymous_385)
FNDA:0,(anonymous_386)
FNDA:0,(anonymous_387)
FNDA:0,(anonymous_388)
FNDA:0,(anonymous_389)
FNDA:0,vn
FNDA:0,bn
FNDA:0,yn
FNDA:0,(anonymous_393)
FNDA:0,(anonymous_394)
FNDA:0,(anonymous_395)
FNDA:0,(anonymous_396)
FNDA:0,(anonymous_397)
FNDA:0,(anonymous_398)
FNDA:0,(anonymous_399)
FNDA:0,(anonymous_400)
FNDA:0,(anonymous_401)
FNDA:0,(anonymous_402)
FNDA:0,xn
FNDA:0,(anonymous_404)
FNDA:0,(anonymous_405)
FNDA:0,(anonymous_406)
FNDA:0,(anonymous_407)
FNDA:0,jn
FNDA:0,_n
FNDA:0,(anonymous_410)
FNDA:0,(anonymous_411)
FNDA:0,(anonymous_412)
FNDA:0,(anonymous_413)
FNDA:0,(anonymous_414)
FNDA:0,(anonymous_415)
FNDA:0,(anonymous_416)
FNDA:0,(anonymous_417)
FNDA:0,(anonymous_418)
FNDA:0,(anonymous_419)
FNDA:0,(anonymous_420)
FNDA:0,(anonymous_421)
FNDA:0,(anonymous_422)
FNDA:0,(anonymous_423)
FNDA:0,(anonymous_424)
FNDA:0,(anonymous_425)
FNDA:0,(anonymous_426)
FNDA:0,(anonymous_427)
FNDA:0,(anonymous_428)
FNDA:0,(anonymous_429)
FNDA:0,(anonymous_430)
FNDA:0,(anonymous_431)
FNDA:0,(anonymous_432)
FNDA:0,(anonymous_433)
FNDA:0,(anonymous_434)
FNDA:0,(anonymous_435)
FNDA:0,(anonymous_436)
FNDA:0,(anonymous_437)
FNDA:0,(anonymous_438)
FNDA:0,(anonymous_439)
FNDA:0,(anonymous_440)
FNDA:0,(anonymous_441)
FNDA:0,(anonymous_442)
FNDA:0,(anonymous_443)
FNDA:0,(anonymous_444)
FNDA:0,(anonymous_445)
FNDA:0,(anonymous_446)
FNDA:0,(anonymous_447)
FNDA:0,(anonymous_448)
FNDA:0,(anonymous_449)
FNDA:0,(anonymous_450)
FNDA:0,En
FNDA:0,kn
FNDA:0,An
FNDA:0,(anonymous_454)
FNDA:0,(anonymous_455)
FNDA:0,Pn
FNDA:0,Nn
FNDA:0,Ln
FNDA:0,Hn
FNDA:0,Gn
FNDA:0,Vn
FNDA:0,Wn
FNDA:0,qn
FNDA:0,(anonymous_464)
FNDA:0,(anonymous_465)
FNDA:0,Zn
FNDA:0,Qn
FNDA:0,er
FNDA:0,tr
FNDA:0,nr
FNDA:0,rr
FNDA:0,or
FNDA:0,ir
FNDA:0,cr
FNDA:0,ar
FNDA:0,sr
FNDA:0,ur
FNDA:0,(anonymous_478)
FNDA:0,(anonymous_479)
FNDA:0,(anonymous_480)
FNDA:0,(anonymous_481)
FNDA:0,(anonymous_482)
FNDA:0,fr
FNDA:0,pr
FNDA:0,dr
FNDA:0,hr
FNDA:0,gr
FNDA:0,vr
FNDA:0,(anonymous_489)
FNDA:0,(anonymous_490)
FNDA:0,br
FNDA:0,(anonymous_492)
FNDA:0,mr
FNDA:0,(anonymous_494)
FNDA:0,yr
FNDA:0,(anonymous_496)
FNDA:0,(anonymous_497)
FNDA:0,(anonymous_498)
FNDA:0,(anonymous_499)
FNDA:0,(anonymous_500)
FNDA:0,(anonymous_501)
FNDA:0,(anonymous_502)
FNDA:0,(anonymous_503)
FNDA:0,(anonymous_504)
FNDA:0,(anonymous_505)
FNDA:0,(anonymous_506)
FNDA:0,(anonymous_507)
FNDA:0,(anonymous_508)
FNDA:0,(anonymous_509)
FNDA:0,(anonymous_510)
FNDA:0,(anonymous_511)
FNDA:0,(anonymous_512)
FNDA:0,(anonymous_513)
FNDA:0,(anonymous_514)
FNDA:0,(anonymous_515)
FNDA:0,(anonymous_516)
FNDA:0,_r
FNDA:0,(anonymous_518)
FNDA:0,(anonymous_519)
FNDA:0,Fr
FNDA:0,Pr
FNDA:0,(anonymous_522)
FNDA:0,Ir
FNDA:0,Nr
FNDA:0,Lr
FNDA:0,Rr
FNDA:0,Mr
FNDA:0,$r
FNDA:0,Dr
FNDA:0,Br
DA:153,0
DA:154,0
DA:157,0
DA:159,0
DA:162,0
DA:163,0
DA:166,0
DA:169,0
DA:171,0
DA:172,0
DA:173,0
DA:175,0
DA:178,0
DA:179,0
DA:180,0
DA:182,0
DA:184,0
DA:185,0
DA:186,0
DA:187,0
DA:188,0
DA:189,0
DA:190,0
DA:194,0
DA:197,0
DA:198,0
DA:200,0
DA:203,0
DA:225,0
DA:229,0
DA:230,0
DA:231,0
DA:232,0
DA:233,0
DA:234,0
DA:235,0
DA:236,0
DA:237,0
DA:238,0
DA:239,0
DA:240,0
DA:241,0
DA:244,0
DA:245,0
DA:254,0
DA:262,0
DA:268,0
DA:269,0
DA:274,0
DA:289,0
DA:292,0
DA:295,0
DA:302,0
DA:306,0
DA:308,0
DA:316,0
DA:317,0
DA:320,0
DA:322,0
DA:328,0
DA:329,0
DA:333,0
DA:335,0
DA:339,0
DA:341,0
DA:356,0
DA:357,0
DA:358,0
DA:359,0
DA:360,0
DA:369,0
DA:402,0
DA:422,0
DA:553,0
DA:574,0
DA:575,0
DA:577,0
DA:578,0
DA:579,0
DA:580,0
DA:581,0
DA:582,0
DA:602,0
DA:603,0
DA:613,0
DA:614,0
DA:615,0
DA:618,0
DA:619,0
DA:621,0
DA:625,0
DA:626,0
DA:628,0
DA:629,0
DA:631,0
DA:632,0
DA:633,0
DA:634,0
DA:635,0
DA:647,0
DA:651,0
DA:662,0
DA:672,0
DA:674,0
DA:684,0
DA:686,0
DA:690,0
DA:692,0
DA:695,0
DA:696,0
DA:701,0
DA:703,0
DA:725,0
DA:731,0
DA:732,0
DA:733,0
DA:734,0
DA:782,0
DA:805,0
DA:809,0
DA:846,0
DA:851,0
DA:853,0
DA:855,0
DA:860,0
DA:862,0
DA:863,0
DA:864,0
DA:865,0
DA:869,0
DA:878,0
DA:879,0
DA:880,0
DA:888,0
DA:889,0
DA:891,0
DA:892,0
DA:895,0
DA:897,0
DA:898,0
DA:904,0
DA:905,0
DA:906,0
DA:907,0
DA:908,0
DA:910,0
DA:918,0
DA:934,0
DA:937,0
DA:938,0
DA:939,0
DA:941,0
DA:942,0
DA:943,0
DA:945,0
DA:948,0
DA:952,0
DA:958,0
DA:1323,0
DA:1334,0
DA:1343,0
DA:1344,0
DA:1345,0
DA:1350,0
DA:1353,0
DA:1377,0
DA:1378,0
DA:1412,0
DA:1413,0
DA:1414,0
DA:1418,0
DA:1421,0
DA:1422,0
DA:1423,0
DA:1428,0
DA:1431,0
DA:1435,0
DA:1464,0
DA:1465,0
DA:1466,0
DA:1489,0
DA:1490,0
DA:1491,0
DA:1492,0
DA:1501,0
DA:1504,0
DA:1505,0
DA:1506,0
DA:1508,0
DA:1509,0
DA:1512,0
DA:1513,0
DA:1516,0
DA:1517,0
DA:1521,0
DA:1528,0
DA:1532,0
DA:1533,0
DA:1555,0
DA:1556,0
DA:1557,0
DA:1564,0
DA:1570,0
DA:1571,0
DA:1572,0
DA:1573,0
DA:1575,0
DA:1576,0
DA:1581,0
DA:1592,0
DA:1593,0
DA:1594,0
DA:1595,0
DA:1596,0
DA:1601,0
DA:1602,0
DA:1603,0
DA:1605,0
DA:1606,0
DA:1607,0
DA:1617,0
DA:1627,0
DA:1630,0
DA:1631,0
DA:1633,0
DA:1634,0
DA:1635,0
DA:1637,0
DA:1638,0
DA:1639,0
DA:1640,0
DA:1641,0
DA:1642,0
DA:1644,0
DA:1656,0
DA:1657,0
DA:1659,0
DA:1660,0
DA:1661,0
DA:1664,0
DA:1665,0
DA:1670,0
DA:1671,0
DA:1674,0
DA:1675,0
DA:1676,0
DA:1677,0
DA:1678,0
DA:1680,0
DA:1681,0
DA:1682,0
DA:1683,0
DA:1694,0
DA:1697,0
DA:1708,0
DA:1709,0
DA:1712,0
DA:1715,0
DA:1716,0
DA:1717,0
DA:1718,0
DA:1722,0
DA:1723,0
DA:1725,0
DA:1856,0
DA:1857,0
DA:1861,0
DA:1863,0
DA:1864,0
DA:1868,0
DA:1873,0
DA:1876,0
DA:1884,0
DA:1896,0
DA:1899,0
DA:1900,0
DA:1901,0
DA:1902,0
DA:1903,0
DA:1904,0
DA:1905,0
DA:1906,0
DA:1907,0
DA:1908,0
DA:1916,0
DA:1924,0
DA:1942,0
DA:1944,0
DA:1948,0
DA:1952,0
DA:1953,0
DA:1970,0
DA:1975,0
DA:1981,0
DA:1989,0
DA:1990,0
DA:1991,0
DA:1994,0
DA:1995,0
DA:1996,0
DA:1999,0
DA:2000,0
DA:2001,0
DA:2004,0
DA:2006,0
DA:2023,0
DA:2028,0
DA:2034,0
DA:2038,0
DA:2049,0
DA:2071,0
DA:2072,0
DA:2080,0
DA:2081,0
DA:2082,0
DA:2084,0
DA:2087,0
DA:2088,0
DA:2091,0
DA:2092,0
DA:2094,0
DA:2095,0
DA:2096,0
DA:2099,0
DA:2100,0
DA:2101,0
DA:2105,0
DA:2106,0
DA:2109,0
DA:2113,0
DA:2120,0
DA:2123,0
DA:2125,0
DA:2127,0
DA:2128,0
DA:2151,0
DA:2152,0
DA:2154,0
DA:2155,0
DA:2156,0
DA:2157,0
DA:2166,0
DA:2167,0
DA:2173,0
DA:2174,0
DA:2175,0
DA:2179,0
DA:2180,0
DA:2181,0
DA:2183,0
DA:2184,0
DA:2185,0
DA:2186,0
DA:2187,0
DA:2188,0
DA:2189,0
DA:2190,0
DA:2200,0
DA:2203,0
DA:2207,0
DA:2211,0
DA:2214,0
DA:2216,0
DA:2218,0
DA:2219,0
DA:2222,0
DA:2230,0
DA:2236,0
DA:2238,0
DA:2239,0
DA:2244,0
DA:2249,0
DA:2250,0
DA:2251,0
DA:2252,0
DA:2253,0
DA:2256,0
DA:2260,0
DA:2261,0
DA:2262,0
DA:2263,0
DA:2266,0
DA:2270,0
DA:2274,0
DA:2275,0
DA:2284,0
DA:2285,0
DA:2286,0
DA:2287,0
DA:2288,0
DA:2289,0
DA:2294,0
DA:2297,0
DA:2298,0
DA:2299,0
DA:2313,0
DA:2324,0
DA:2328,0
DA:2329,0
DA:2331,0
DA:2332,0
DA:2333,0
DA:2334,0
DA:2349,0
DA:2361,0
DA:2364,0
DA:2371,0
DA:2374,0
DA:2378,0
DA:2385,0
DA:2397,0
DA:2398,0
DA:2399,0
DA:2400,0
DA:2402,0
DA:2416,0
DA:2417,0
DA:2418,0
DA:2421,0
DA:2424,0
DA:2433,0
DA:2615,0
DA:2618,0
DA:2619,0
DA:2631,0
DA:2634,0
DA:2640,0
DA:2643,0
DA:2644,0
DA:2645,0
DA:2646,0
DA:2648,0
DA:2650,0
DA:2658,0
DA:2659,0
DA:2660,0
DA:2661,0
DA:2671,0
DA:2672,0
DA:2673,0
DA:2677,0
DA:2678,0
DA:2687,0
DA:2690,0
DA:2691,0
DA:2694,0
DA:2700,0
DA:2702,0
DA:2703,0
DA:2704,0
DA:2705,0
DA:2706,0
DA:2707,0
DA:2708,0
DA:2709,0
DA:2711,0
DA:2712,0
DA:2716,0
DA:2717,0
DA:2721,0
DA:2726,0
DA:2727,0
DA:2729,0
DA:2730,0
DA:2731,0
DA:2732,0
DA:2742,0
DA:2747,0
DA:2749,0
DA:2750,0
DA:2751,0
DA:2752,0
DA:2753,0
DA:2754,0
DA:2755,0
DA:2779,0
DA:2785,0
DA:2786,0
DA:2787,0
DA:2843,0
DA:2844,0
DA:2845,0
DA:2846,0
DA:2847,0
DA:2850,0
DA:2851,0
DA:2863,0
DA:2880,0
DA:2882,0
DA:2883,0
DA:2887,0
DA:2888,0
DA:2889,0
DA:2890,0
DA:2898,0
DA:2901,0
DA:2921,0
DA:2941,0
DA:2947,0
DA:2960,0
DA:2970,0
DA:2971,0
DA:2993,0
DA:3003,0
DA:3021,0
DA:3024,0
DA:3386,0
DA:3399,0
DA:3401,0
DA:3402,0
DA:3403,0
DA:3404,0
DA:3412,0
DA:3418,0
DA:3424,0
DA:3425,0
DA:3426,0
DA:3439,0
DA:3440,0
DA:3441,0
DA:3449,0
DA:3457,0
DA:3458,0
DA:3459,0
DA:3461,0
DA:3469,0
DA:3495,0
DA:3507,0
DA:3509,0
DA:3512,0
DA:3514,0
DA:3523,0
DA:3524,0
DA:3526,0
DA:3527,0
DA:3529,0
DA:3530,0
DA:3532,0
DA:3538,0
DA:3540,0
DA:3541,0
DA:3543,0
DA:3560,0
DA:3564,0
DA:3565,0
DA:3566,0
DA:3569,0
DA:3570,0
DA:3575,0
DA:3576,0
DA:3584,0
DA:3628,0
DA:3629,0
DA:3637,0
DA:3640,0
DA:3641,0
DA:3649,0
DA:3665,0
DA:3666,0
DA:3667,0
DA:3668,0
DA:3676,0
DA:3688,0
DA:3693,0
DA:3696,0
DA:3704,0
DA:3710,0
DA:3714,0
DA:3715,0
DA:3718,0
DA:3721,0
DA:3722,0
DA:3731,0
DA:3732,0
DA:3733,0
DA:3736,0
DA:3739,0
DA:3740,0
DA:3741,0
DA:3744,0
DA:3745,0
DA:3746,0
DA:3760,0
DA:3765,0
DA:3767,0
DA:3788,0
DA:3790,0
DA:3791,0
DA:3792,0
DA:3793,0
DA:3794,0
DA:3804,0
DA:3810,0
DA:3814,0
DA:3815,0
DA:3830,0
DA:3836,0
DA:3837,0
DA:3838,0
DA:3839,0
DA:3844,0
DA:3855,0
DA:3858,0
DA:3859,0
DA:3860,0
DA:3862,0
DA:3863,0
DA:3864,0
DA:3865,0
DA:3871,0
DA:3872,0
DA:3873,0
DA:3880,0
DA:3881,0
DA:3882,0
DA:3883,0
DA:3884,0
DA:3930,0
DA:3931,0
DA:3943,0
DA:3944,0
DA:3966,0
DA:3970,0
DA:3971,0
DA:3972,0
DA:3976,0
DA:3982,0
DA:3983,0
DA:3984,0
DA:3985,0
DA:3997,0
DA:4001,0
DA:4011,0
DA:4016,0
DA:4018,0
DA:4019,0
DA:4021,0
DA:4022,0
DA:4024,0
DA:4035,0
DA:4036,0
DA:4066,0
DA:4072,0
DA:4073,0
DA:4083,0
DA:4084,0
DA:4086,0
DA:4108,0
DA:4109,0
DA:4112,0
DA:4113,0
DA:4139,0
DA:4151,0
DA:4152,0
DA:4153,0
DA:4154,0
DA:4162,0
DA:4163,0
DA:4164,0
DA:4165,0
DA:4166,0
DA:4168,0
DA:4169,0
DA:4173,0
DA:4175,0
DA:4178,0
DA:4182,0
DA:4216,0
DA:4217,0
DA:4219,0
DA:4220,0
DA:4221,0
DA:4223,0
DA:4224,0
DA:4227,0
DA:4229,0
DA:4239,0
DA:4240,0
DA:4241,0
DA:4242,0
DA:4243,0
DA:4247,0
DA:4248,0
DA:4249,0
DA:4252,0
DA:4253,0
DA:4256,0
DA:4263,0
DA:4264,0
DA:4265,0
DA:4268,0
DA:4269,0
DA:4272,0
DA:4284,0
DA:4285,0
DA:4286,0
DA:4287,0
DA:4288,0
DA:4289,0
DA:4303,0
DA:4304,0
DA:4305,0
DA:4314,0
DA:4315,0
DA:4317,0
DA:4318,0
DA:4319,0
DA:4322,0
DA:4332,0
DA:4333,0
DA:4334,0
DA:4336,0
DA:4342,0
DA:4343,0
DA:4344,0
DA:4345,0
DA:4346,0
DA:4347,0
DA:4349,0
DA:4350,0
DA:4353,0
DA:4354,0
DA:4358,0
DA:4359,0
DA:4361,0
DA:4362,0
DA:4383,0
DA:4388,0
DA:4389,0
DA:4390,0
DA:4391,0
DA:4392,0
DA:4410,0
DA:4411,0
DA:4412,0
DA:4414,0
DA:4416,0
DA:4418,0
DA:4420,0
DA:4422,0
DA:4424,0
DA:4425,0
DA:4426,0
DA:4427,0
DA:4430,0
DA:4438,0
DA:4441,0
DA:4442,0
DA:4443,0
DA:4445,0
DA:4448,0
DA:4449,0
DA:4450,0
DA:4451,0
DA:4452,0
DA:4456,0
DA:4465,0
DA:4468,0
DA:4469,0
DA:4474,0
DA:4476,0
DA:4478,0
DA:4483,0
DA:4484,0
DA:4487,0
DA:4489,0
DA:4491,0
DA:4513,0
DA:4518,0
DA:4524,0
DA:4525,0
DA:4526,0
DA:4528,0
DA:4534,0
DA:4535,0
DA:4540,0
DA:4543,0
DA:4544,0
DA:4545,0
DA:4553,0
DA:4556,0
DA:4560,0
DA:4561,0
DA:4565,0
DA:4567,0
DA:4571,0
DA:4576,0
DA:4577,0
DA:4578,0
DA:4583,0
DA:4592,0
DA:4613,0
DA:4614,0
DA:4615,0
DA:4618,0
DA:4619,0
DA:4627,0
DA:4628,0
DA:4639,0
DA:4656,0
DA:4663,0
DA:4680,0
DA:4681,0
DA:4682,0
DA:4683,0
DA:4686,0
DA:4687,0
DA:4688,0
DA:4706,0
DA:4707,0
DA:4709,0
DA:4710,0
DA:4711,0
DA:4712,0
DA:4714,0
DA:4715,0
DA:4717,0
DA:4719,0
DA:4721,0
DA:4722,0
DA:4730,0
DA:4738,0
DA:4740,0
DA:4741,0
DA:4744,0
DA:4747,0
DA:4748,0
DA:4924,0
DA:4930,0
DA:4932,0
DA:4953,0
DA:4954,0
DA:4955,0
DA:4957,0
DA:4958,0
DA:4959,0
DA:4963,0
DA:4969,0
DA:4975,0
DA:4983,0
DA:4989,0
DA:4990,0
DA:4991,0
DA:4992,0
DA:4998,0
DA:4999,0
DA:5017,0
DA:5020,0
DA:5027,0
DA:5055,0
DA:5065,0
DA:5068,0
DA:5077,0
DA:5094,0
DA:5095,0
DA:5096,0
DA:5097,0
DA:5105,0
DA:5113,0
DA:5117,0
DA:5121,0
DA:5128,0
DA:5133,0
DA:5134,0
DA:5147,0
DA:5165,0
DA:5197,0
DA:5198,0
DA:5199,0
DA:5217,0
DA:5222,0
DA:5223,0
DA:5224,0
DA:5276,0
DA:5284,0
DA:5286,0
DA:5295,0
DA:5300,0
DA:5320,0
DA:5323,0
DA:5324,0
DA:5325,0
DA:5326,0
DA:5328,0
DA:5329,0
DA:5331,0
DA:5332,0
DA:5334,0
DA:5341,0
DA:5344,0
DA:5345,0
DA:5346,0
DA:5362,0
DA:5377,0
DA:5381,0
DA:5382,0
DA:5383,0
DA:5384,0
DA:5385,0
DA:5386,0
DA:5390,0
DA:5391,0
DA:5393,0
DA:5394,0
DA:5395,0
DA:5396,0
DA:5402,0
DA:5407,0
DA:5411,0
DA:5412,0
DA:5417,0
DA:5423,0
DA:5424,0
DA:5434,0
DA:5435,0
DA:5439,0
DA:5442,0
DA:5444,0
DA:5446,0
DA:5447,0
DA:5455,0
DA:5471,0
DA:5481,0
DA:5482,0
DA:5483,0
DA:5484,0
DA:5485,0
DA:5520,0
DA:5521,0
DA:5522,0
DA:5523,0
DA:5524,0
DA:5531,0
DA:5532,0
DA:5533,0
DA:5545,0
DA:5546,0
DA:5547,0
DA:5548,0
DA:5562,0
DA:5586,0
DA:5587,0
DA:5588,0
DA:5589,0
DA:5594,0
DA:5597,0
DA:5604,0
DA:5608,0
DA:5611,0
DA:5612,0
DA:5619,0
DA:5624,0
DA:5625,0
DA:5634,0
DA:5637,0
DA:5638,0
DA:5700,0
DA:5701,0
DA:5702,0
DA:5708,0
DA:5709,0
DA:5714,0
DA:5717,0
DA:5718,0
DA:5723,0
DA:5724,0
DA:5725,0
DA:5728,0
DA:5729,0
DA:5735,0
DA:5736,0
DA:5744,0
DA:5750,0
DA:5762,0
DA:5764,0
DA:5765,0
DA:5766,0
DA:5767,0
DA:5774,0
DA:5775,0
DA:5777,0
DA:5778,0
DA:5779,0
DA:5782,0
DA:5785,0
DA:5793,0
DA:5798,0
DA:5799,0
DA:5800,0
DA:5801,0
DA:5802,0
DA:5804,0
DA:5808,0
DA:5809,0
DA:5810,0
DA:5811,0
DA:5812,0
DA:5813,0
DA:5814,0
DA:5815,0
DA:5816,0
DA:5818,0
DA:5821,0
DA:5822,0
DA:5823,0
DA:5825,0
DA:5826,0
DA:5827,0
DA:5836,0
DA:5837,0
DA:5838,0
DA:5839,0
DA:5840,0
DA:5841,0
DA:5842,0
DA:5843,0
DA:5844,0
DA:5845,0
DA:5846,0
DA:5847,0
DA:5848,0
DA:5849,0
DA:5850,0
DA:5852,0
DA:5854,0
DA:5856,0
DA:5857,0
DA:5870,0
DA:5871,0
DA:5872,0
DA:5873,0
DA:5875,0
DA:5877,0
DA:5879,0
DA:5881,0
DA:5885,0
DA:5887,0
DA:5889,0
DA:5891,0
DA:5893,0
DA:5899,0
DA:5901,0
DA:5903,0
DA:5905,0
DA:5909,0
DA:5912,0
DA:5955,0
DA:5956,0
DA:5957,0
DA:5959,0
DA:5960,0
DA:5962,0
DA:5965,0
DA:5967,0
DA:5989,0
DA:6005,0
DA:6008,0
DA:6011,0
DA:6014,0
DA:6018,0
DA:6087,0
DA:6088,0
DA:6090,0
DA:6092,0
DA:6093,0
DA:6163,0
DA:6165,0
DA:6166,0
DA:6167,0
DA:6168,0
DA:6177,0
DA:6179,0
DA:6180,0
DA:6181,0
DA:6182,0
DA:6184,0
DA:6188,0
DA:6191,0
DA:6210,0
DA:6218,0
DA:6219,0
DA:6220,0
DA:6222,0
DA:6224,0
DA:6227,0
DA:6228,0
DA:6230,0
DA:6231,0
DA:6237,0
DA:6241,0
DA:6245,0
DA:6249,0
DA:6282,0
DA:6284,0
DA:6359,0
DA:6369,0
DA:6402,0
DA:6406,0
DA:6408,0
DA:6543,0
DA:6544,0
DA:6569,0
DA:6775,0
DA:6776,0
DA:6777,0
DA:6778,0
DA:6781,0
DA:6782,0
DA:6787,0
DA:6788,0
DA:6791,0
DA:6792,0
DA:6793,0
DA:6796,0
DA:6797,0
DA:6798,0
DA:6799,0
DA:6800,0
DA:6805,0
DA:6807,0
DA:6848,0
LF:1121
LH:0
BRDA:154,0,0,0
BRDA:154,0,1,0
BRDA:162,1,0,0
BRDA:162,1,1,0
BRDA:164,2,0,0
BRDA:164,2,1,0
BRDA:164,2,2,0
BRDA:177,3,0,0
BRDA:178,4,0,0
BRDA:178,4,1,0
BRDA:179,5,0,0
BRDA:179,5,1,0
BRDA:187,6,0,0
BRDA:187,6,1,0
BRDA:189,7,0,0
BRDA:189,7,1,0
BRDA:198,8,0,0
BRDA:198,8,1,0
BRDA:205,9,0,0
BRDA:244,10,0,0
BRDA:244,10,1,0
BRDA:245,11,0,0
BRDA:245,11,1,0
BRDA:245,12,0,0
BRDA:245,12,1,0
BRDA:254,13,0,0
BRDA:254,13,1,0
BRDA:254,13,2,0
BRDA:254,13,3,0
BRDA:255,14,0,0
BRDA:255,14,1,0
BRDA:255,15,0,0
BRDA:255,15,1,0
BRDA:262,16,0,0
BRDA:262,16,1,0
BRDA:262,16,2,0
BRDA:269,17,0,0
BRDA:269,17,1,0
BRDA:284,18,0,0
BRDA:284,18,1,0
BRDA:275,19,0,0
BRDA:275,19,1,0
BRDA:275,19,2,0
BRDA:276,20,0,0
BRDA:276,20,1,0
BRDA:294,21,0,0
BRDA:295,22,0,0
BRDA:295,22,1,0
BRDA:316,23,0,0
BRDA:316,23,1,0
BRDA:320,24,0,0
BRDA:320,24,1,0
BRDA:339,25,0,0
BRDA:339,25,1,0
BRDA:360,26,0,0
BRDA:360,26,1,0
BRDA:376,27,0,0
BRDA:376,27,1,0
BRDA:376,27,2,0
BRDA:553,28,0,0
BRDA:553,28,1,0
BRDA:577,29,0,0
BRDA:577,29,1,0
BRDA:578,30,0,0
BRDA:578,30,1,0
BRDA:578,31,0,0
BRDA:578,31,1,0
BRDA:579,32,0,0
BRDA:579,32,1,0
BRDA:580,33,0,0
BRDA:580,33,1,0
BRDA:582,34,0,0
BRDA:582,34,1,0
BRDA:584,35,0,0
BRDA:584,35,1,0
BRDA:603,36,0,0
BRDA:603,36,1,0
BRDA:603,36,2,0
BRDA:610,37,0,0
BRDA:610,37,1,0
BRDA:614,38,0,0
BRDA:614,38,1,0
BRDA:615,39,0,0
BRDA:615,39,1,0
BRDA:618,40,0,0
BRDA:618,40,1,0
BRDA:624,41,0,0
BRDA:625,42,0,0
BRDA:625,42,1,0
BRDA:625,43,0,0
BRDA:625,43,1,0
BRDA:632,44,0,0
BRDA:632,44,1,0
BRDA:635,45,0,0
BRDA:635,45,1,0
BRDA:635,45,2,0
BRDA:640,46,0,0
BRDA:640,46,1,0
BRDA:643,47,0,0
BRDA:643,47,1,0
BRDA:650,48,0,0
BRDA:650,48,1,0
BRDA:647,49,0,0
BRDA:647,49,1,0
BRDA:651,50,0,0
BRDA:651,50,1,0
BRDA:662,51,0,0
BRDA:662,51,1,0
BRDA:662,52,0,0
BRDA:662,52,1,0
BRDA:666,53,0,0
BRDA:666,53,1,0
BRDA:692,54,0,0
BRDA:692,54,1,0
BRDA:695,55,0,0
BRDA:695,55,1,0
BRDA:707,56,0,0
BRDA:707,56,1,0
BRDA:719,57,0,0
BRDA:719,57,1,0
BRDA:731,58,0,0
BRDA:731,58,1,0
BRDA:731,59,0,0
BRDA:731,59,1,0
BRDA:734,60,0,0
BRDA:734,60,1,0
BRDA:734,60,2,0
BRDA:734,60,3,0
BRDA:737,61,0,0
BRDA:737,61,1,0
BRDA:737,61,2,0
BRDA:782,62,0,0
BRDA:782,62,1,0
BRDA:787,63,0,0
BRDA:787,63,1,0
BRDA:790,64,0,0
BRDA:790,64,1,0
BRDA:847,65,0,0
BRDA:847,65,1,0
BRDA:847,65,2,0
BRDA:851,66,0,0
BRDA:851,66,1,0
BRDA:851,67,0,0
BRDA:851,67,1,0
BRDA:856,68,0,0
BRDA:856,68,1,0
BRDA:856,68,2,0
BRDA:856,68,3,0
BRDA:857,69,0,0
BRDA:857,69,1,0
BRDA:865,70,0,0
BRDA:865,70,1,0
BRDA:865,70,2,0
BRDA:888,71,0,0
BRDA:888,71,1,0
BRDA:888,72,0,0
BRDA:888,72,1,0
BRDA:891,73,0,0
BRDA:891,73,1,0
BRDA:891,74,0,0
BRDA:891,74,1,0
BRDA:918,75,0,0
BRDA:918,75,1,0
BRDA:918,75,2,0
BRDA:918,76,0,0
BRDA:918,76,1,0
BRDA:918,76,2,0
BRDA:918,76,3,0
BRDA:926,77,0,0
BRDA:926,77,1,0
BRDA:926,78,0,0
BRDA:926,78,1,0
BRDA:892,79,0,0
BRDA:892,79,1,0
BRDA:897,80,0,0
BRDA:897,80,1,0
BRDA:902,81,0,0
BRDA:902,81,1,0
BRDA:904,82,0,0
BRDA:904,82,1,0
BRDA:908,83,0,0
BRDA:908,83,1,0
BRDA:908,84,0,0
BRDA:908,84,1,0
BRDA:938,85,0,0
BRDA:938,85,1,0
BRDA:943,86,0,0
BRDA:943,86,1,0
BRDA:943,87,0,0
BRDA:943,87,1,0
BRDA:952,88,0,0
BRDA:952,88,1,0
BRDA:1327,89,0,0
BRDA:1327,89,1,0
BRDA:1343,90,0,0
BRDA:1343,90,1,0
BRDA:1340,91,0,0
BRDA:1340,91,1,0
BRDA:1354,92,0,0
BRDA:1354,92,1,0
BRDA:1353,93,0,0
BRDA:1353,93,1,0
BRDA:1355,94,0,0
BRDA:1355,94,1,0
BRDA:1411,95,0,0
BRDA:1412,96,0,0
BRDA:1412,96,1,0
BRDA:1418,97,0,0
BRDA:1418,97,1,0
BRDA:1425,98,0,0
BRDA:1425,98,1,0
BRDA:1463,99,0,0
BRDA:1474,100,0,0
BRDA:1474,100,1,0
BRDA:1474,101,0,0
BRDA:1474,101,1,0
BRDA:1483,102,0,0
BRDA:1483,102,1,0
BRDA:1492,103,0,0
BRDA:1492,103,1,0
BRDA:1492,104,0,0
BRDA:1492,104,1,0
BRDA:1499,105,0,0
BRDA:1499,105,1,0
BRDA:1533,106,0,0
BRDA:1533,106,1,0
BRDA:1533,106,2,0
BRDA:1533,106,3,0
BRDA:1533,106,4,0
BRDA:1539,107,0,0
BRDA:1539,107,1,0
BRDA:1539,108,0,0
BRDA:1539,108,1,0
BRDA:1539,108,2,0
BRDA:1539,108,3,0
BRDA:1545,109,0,0
BRDA:1545,109,1,0
BRDA:1555,110,0,0
BRDA:1555,110,1,0
BRDA:1557,111,0,0
BRDA:1557,111,1,0
BRDA:1557,111,2,0
BRDA:1501,112,0,0
BRDA:1501,112,1,0
BRDA:1509,113,0,0
BRDA:1509,113,1,0
BRDA:1512,114,0,0
BRDA:1512,114,1,0
BRDA:1571,115,0,0
BRDA:1571,115,1,0
BRDA:1575,116,0,0
BRDA:1575,116,1,0
BRDA:1582,117,0,0
BRDA:1582,117,1,0
BRDA:1581,118,0,0
BRDA:1581,118,1,0
BRDA:1584,119,0,0
BRDA:1584,119,1,0
BRDA:1592,120,0,0
BRDA:1592,120,1,0
BRDA:1602,121,0,0
BRDA:1602,121,1,0
BRDA:1605,122,0,0
BRDA:1605,122,1,0
BRDA:1605,123,0,0
BRDA:1605,123,1,0
BRDA:1608,124,0,0
BRDA:1608,124,1,0
BRDA:1607,125,0,0
BRDA:1607,125,1,0
BRDA:1617,126,0,0
BRDA:1617,126,1,0
BRDA:1618,127,0,0
BRDA:1618,127,1,0
BRDA:1618,128,0,0
BRDA:1618,128,1,0
BRDA:1618,129,0,0
BRDA:1618,129,1,0
BRDA:1618,129,2,0
BRDA:1618,129,3,0
BRDA:1629,130,0,0
BRDA:1630,131,0,0
BRDA:1630,131,1,0
BRDA:1630,132,0,0
BRDA:1630,132,1,0
BRDA:1638,133,0,0
BRDA:1638,133,1,0
BRDA:1643,134,0,0
BRDA:1643,134,1,0
BRDA:1644,135,0,0
BRDA:1644,135,1,0
BRDA:1644,135,2,0
BRDA:1649,136,0,0
BRDA:1649,136,1,0
BRDA:1652,137,0,0
BRDA:1652,137,1,0
BRDA:1656,138,0,0
BRDA:1656,138,1,0
BRDA:1656,139,0,0
BRDA:1656,139,1,0
BRDA:1659,140,0,0
BRDA:1659,140,1,0
BRDA:1665,141,0,0
BRDA:1665,141,1,0
BRDA:1670,142,0,0
BRDA:1670,142,1,0
BRDA:1676,143,0,0
BRDA:1676,143,1,0
BRDA:1679,144,0,0
BRDA:1679,144,1,0
BRDA:1679,145,0,0
BRDA:1679,145,1,0
BRDA:1680,146,0,0
BRDA:1680,146,1,0
BRDA:1685,147,0,0
BRDA:1685,147,1,0
BRDA:1687,148,0,0
BRDA:1687,148,1,0
BRDA:1687,148,2,0
BRDA:1708,149,0,0
BRDA:1708,149,1,0
BRDA:1709,150,0,0
BRDA:1709,150,1,0
BRDA:1715,151,0,0
BRDA:1715,151,1,0
BRDA:1717,152,0,0
BRDA:1717,152,1,0
BRDA:1722,153,0,0
BRDA:1722,153,1,0
BRDA:1723,154,0,0
BRDA:1723,154,1,0
BRDA:1855,155,0,0
BRDA:1855,156,0,0
BRDA:1856,157,0,0
BRDA:1856,157,1,0
BRDA:1857,158,0,0
BRDA:1857,158,1,0
BRDA:1861,159,0,0
BRDA:1861,159,1,0
BRDA:1863,160,0,0
BRDA:1863,160,1,0
BRDA:1879,161,0,0
BRDA:1879,161,1,0
BRDA:1896,162,0,0
BRDA:1896,163,0,0
BRDA:1896,163,1,0
BRDA:1907,164,0,0
BRDA:1926,165,0,0
BRDA:1926,166,0,0
BRDA:1989,167,0,0
BRDA:1989,167,1,0
BRDA:1944,168,0,0
BRDA:1944,168,1,0
BRDA:1948,169,0,0
BRDA:1948,169,1,0
BRDA:1952,170,0,0
BRDA:1952,170,1,0
BRDA:1954,171,0,0
BRDA:1954,171,1,0
BRDA:1957,172,0,0
BRDA:1957,172,1,0
BRDA:1960,173,0,0
BRDA:1960,173,1,0
BRDA:1968,174,0,0
BRDA:1968,174,1,0
BRDA:1970,175,0,0
BRDA:1970,175,1,0
BRDA:1975,176,0,0
BRDA:1975,176,1,0
BRDA:1975,177,0,0
BRDA:1975,177,1,0
BRDA:1978,178,0,0
BRDA:1978,178,1,0
BRDA:1989,179,0,0
BRDA:1989,179,1,0
BRDA:1999,180,0,0
BRDA:1999,180,1,0
BRDA:2001,181,0,0
BRDA:2001,181,1,0
BRDA:2004,182,0,0
BRDA:2004,182,1,0
BRDA:2007,183,0,0
BRDA:2007,183,1,0
BRDA:2007,183,2,0
BRDA:2007,183,3,0
BRDA:2009,184,0,0
BRDA:2009,184,1,0
BRDA:2015,185,0,0
BRDA:2015,185,1,0
BRDA:2031,186,0,0
BRDA:2031,186,1,0
BRDA:2034,187,0,0
BRDA:2034,187,1,0
BRDA:2034,188,0,0
BRDA:2034,188,1,0
BRDA:2040,189,0,0
BRDA:2040,189,1,0
BRDA:2038,190,0,0
BRDA:2038,190,1,0
BRDA:2058,191,0,0
BRDA:2058,191,1,0
BRDA:2059,192,0,0
BRDA:2059,192,1,0
BRDA:2066,193,0,0
BRDA:2066,193,1,0
BRDA:2066,194,0,0
BRDA:2066,194,1,0
BRDA:2073,195,0,0
BRDA:2073,195,1,0
BRDA:2082,196,0,0
BRDA:2082,196,1,0
BRDA:2086,197,0,0
BRDA:2087,198,0,0
BRDA:2087,198,1,0
BRDA:2087,199,0,0
BRDA:2087,199,1,0
BRDA:2091,200,0,0
BRDA:2091,200,1,0
BRDA:2094,201,0,0
BRDA:2094,201,1,0
BRDA:2099,202,0,0
BRDA:2099,202,1,0
BRDA:2099,203,0,0
BRDA:2099,203,1,0
BRDA:2155,204,0,0
BRDA:2155,204,1,0
BRDA:2156,205,0,0
BRDA:2156,205,1,0
BRDA:2156,206,0,0
BRDA:2156,206,1,0
BRDA:2174,207,0,0
BRDA:2174,207,1,0
BRDA:2180,208,0,0
BRDA:2180,208,1,0
BRDA:2186,209,0,0
BRDA:2186,209,1,0
BRDA:2189,210,0,0
BRDA:2189,210,1,0
BRDA:2192,211,0,0
BRDA:2192,211,1,0
BRDA:2194,212,0,0
BRDA:2194,212,1,0
BRDA:2200,213,0,0
BRDA:2200,213,1,0
BRDA:2200,214,0,0
BRDA:2200,214,1,0
BRDA:2200,214,2,0
BRDA:2200,214,3,0
BRDA:2207,215,0,0
BRDA:2207,215,1,0
BRDA:2216,216,0,0
BRDA:2216,216,1,0
BRDA:2240,217,0,0
BRDA:2240,217,1,0
BRDA:2249,218,0,0
BRDA:2253,219,0,0
BRDA:2253,219,1,0
BRDA:2261,220,0,0
BRDA:2261,220,1,0
BRDA:2262,221,0,0
BRDA:2262,221,1,0
BRDA:2263,222,0,0
BRDA:2263,222,1,0
BRDA:2270,223,0,0
BRDA:2270,223,1,0
BRDA:2275,224,0,0
BRDA:2275,224,1,0
BRDA:2275,224,2,0
BRDA:2275,224,3,0
BRDA:2287,225,0,0
BRDA:2287,225,1,0
BRDA:2288,226,0,0
BRDA:2288,226,1,0
BRDA:2289,227,0,0
BRDA:2289,227,1,0
BRDA:2290,228,0,0
BRDA:2290,228,1,0
BRDA:2291,229,0,0
BRDA:2291,229,1,0
BRDA:2299,230,0,0
BRDA:2299,230,1,0
BRDA:2303,231,0,0
BRDA:2303,231,1,0
BRDA:2308,232,0,0
BRDA:2308,232,1,0
BRDA:2314,233,0,0
BRDA:2314,233,1,0
BRDA:2315,234,0,0
BRDA:2315,234,1,0
BRDA:2328,235,0,0
BRDA:2328,235,1,0
BRDA:2325,236,0,0
BRDA:2325,236,1,0
BRDA:2334,237,0,0
BRDA:2334,237,1,0
BRDA:2339,238,0,0
BRDA:2339,238,1,0
BRDA:2345,239,0,0
BRDA:2345,239,1,0
BRDA:2351,240,0,0
BRDA:2351,240,1,0
BRDA:2352,241,0,0
BRDA:2352,241,1,0
BRDA:2371,242,0,0
BRDA:2371,242,1,0
BRDA:2379,243,0,0
BRDA:2379,243,1,0
BRDA:2380,244,0,0
BRDA:2380,244,1,0
BRDA:2386,245,0,0
BRDA:2386,245,1,0
BRDA:2385,246,0,0
BRDA:2385,246,1,0
BRDA:2389,247,0,0
BRDA:2389,247,1,0
BRDA:2396,248,0,0
BRDA:2403,249,0,0
BRDA:2403,249,1,0
BRDA:2403,250,0,0
BRDA:2403,250,1,0
BRDA:2408,251,0,0
BRDA:2408,251,1,0
BRDA:2408,251,2,0
BRDA:2416,252,0,0
BRDA:2416,252,1,0
BRDA:2615,253,0,0
BRDA:2615,253,1,0
BRDA:2619,254,0,0
BRDA:2619,254,1,0
BRDA:2622,255,0,0
BRDA:2622,255,1,0
BRDA:2622,256,0,0
BRDA:2622,256,1,0
BRDA:2636,257,0,0
BRDA:2640,258,0,0
BRDA:2640,258,1,0
BRDA:2645,259,0,0
BRDA:2645,259,1,0
BRDA:2658,260,0,0
BRDA:2658,260,1,0
BRDA:2660,261,0,0
BRDA:2660,261,1,0
BRDA:2661,262,0,0
BRDA:2661,262,1,0
BRDA:2678,263,0,0
BRDA:2678,263,1,0
BRDA:2681,264,0,0
BRDA:2681,264,1,0
BRDA:2687,265,0,0
BRDA:2687,265,1,0
BRDA:2690,266,0,0
BRDA:2690,266,1,0
BRDA:2692,267,0,0
BRDA:2692,267,1,0
BRDA:2705,268,0,0
BRDA:2705,268,1,0
BRDA:2708,269,0,0
BRDA:2708,269,1,0
BRDA:2711,270,0,0
BRDA:2711,270,1,0
BRDA:2730,271,0,0
BRDA:2730,271,1,0
BRDA:2733,272,0,0
BRDA:2733,272,1,0
BRDA:2743,273,0,0
BRDA:2743,273,1,0
BRDA:2753,274,0,0
BRDA:2753,274,1,0
BRDA:2762,275,0,0
BRDA:2762,275,1,0
BRDA:2765,276,0,0
BRDA:2765,276,1,0
BRDA:2779,277,0,0
BRDA:2779,277,1,0
BRDA:2785,278,0,0
BRDA:2785,278,1,0
BRDA:2787,279,0,0
BRDA:2787,279,1,0
BRDA:2787,279,2,0
BRDA:2844,280,0,0
BRDA:2844,280,1,0
BRDA:2847,281,0,0
BRDA:2847,281,1,0
BRDA:2851,282,0,0
BRDA:2851,282,1,0
BRDA:2882,283,0,0
BRDA:2883,284,0,0
BRDA:2883,284,1,0
BRDA:2883,284,2,0
BRDA:2906,285,0,0
BRDA:2906,285,1,0
BRDA:2910,286,0,0
BRDA:2910,286,1,0
BRDA:2909,287,0,0
BRDA:2909,287,1,0
BRDA:2913,288,0,0
BRDA:2913,288,1,0
BRDA:2925,289,0,0
BRDA:2925,289,1,0
BRDA:2929,290,0,0
BRDA:2929,290,1,0
BRDA:2929,290,2,0
BRDA:2953,291,0,0
BRDA:2953,291,1,0
BRDA:2966,292,0,0
BRDA:2966,292,1,0
BRDA:2970,293,0,0
BRDA:2970,293,1,0
BRDA:2982,294,0,0
BRDA:2982,294,1,0
BRDA:2981,295,0,0
BRDA:2981,295,1,0
BRDA:3003,296,0,0
BRDA:3003,296,1,0
BRDA:3402,297,0,0
BRDA:3402,297,1,0
BRDA:3403,298,0,0
BRDA:3403,298,1,0
BRDA:3403,299,0,0
BRDA:3403,299,1,0
BRDA:3411,300,0,0
BRDA:3411,300,1,0
BRDA:3412,301,0,0
BRDA:3412,301,1,0
BRDA:3424,302,0,0
BRDA:3424,302,1,0
BRDA:3425,303,0,0
BRDA:3425,303,1,0
BRDA:3439,304,0,0
BRDA:3439,304,1,0
BRDA:3428,305,0,0
BRDA:3428,305,1,0
BRDA:3428,305,2,0
BRDA:3430,306,0,0
BRDA:3430,306,1,0
BRDA:3431,307,0,0
BRDA:3431,307,1,0
BRDA:3435,308,0,0
BRDA:3435,308,1,0
BRDA:3442,309,0,0
BRDA:3442,309,1,0
BRDA:3450,310,0,0
BRDA:3450,310,1,0
BRDA:3457,311,0,0
BRDA:3457,311,1,0
BRDA:3462,312,0,0
BRDA:3462,312,1,0
BRDA:3469,313,0,0
BRDA:3469,313,1,0
BRDA:3509,314,0,0
BRDA:3512,315,0,0
BRDA:3512,316,0,0
BRDA:3512,317,0,0
BRDA:3512,318,0,0
BRDA:3512,319,0,0
BRDA:3514,320,0,0
BRDA:3514,320,1,0
BRDA:3514,320,2,0
BRDA:3517,321,0,0
BRDA:3517,321,1,0
BRDA:3525,322,0,0
BRDA:3525,322,1,0
BRDA:3525,322,2,0
BRDA:3525,322,3,0
BRDA:3525,322,4,0
BRDA:3532,323,0,0
BRDA:3532,323,1,0
BRDA:3544,324,0,0
BRDA:3544,324,1,0
BRDA:3547,325,0,0
BRDA:3547,325,1,0
BRDA:3549,326,0,0
BRDA:3549,326,1,0
BRDA:3549,326,2,0
BRDA:3560,327,0,0
BRDA:3560,327,1,0
BRDA:3560,327,2,0
BRDA:3561,328,0,0
BRDA:3561,328,1,0
BRDA:3565,329,0,0
BRDA:3565,329,1,0
BRDA:3570,330,0,0
BRDA:3570,330,1,0
BRDA:3577,331,0,0
BRDA:3577,331,1,0
BRDA:3577,332,0,0
BRDA:3577,332,1,0
BRDA:3629,333,0,0
BRDA:3629,333,1,0
BRDA:3631,334,0,0
BRDA:3631,334,1,0
BRDA:3641,335,0,0
BRDA:3641,335,1,0
BRDA:3642,336,0,0
BRDA:3642,336,1,0
BRDA:3642,336,2,0
BRDA:3665,337,0,0
BRDA:3665,337,1,0
BRDA:3652,338,0,0
BRDA:3652,338,1,0
BRDA:3656,339,0,0
BRDA:3656,339,1,0
BRDA:3658,340,0,0
BRDA:3658,340,1,0
BRDA:3659,341,0,0
BRDA:3659,341,1,0
BRDA:3659,342,0,0
BRDA:3659,342,1,0
BRDA:3661,343,0,0
BRDA:3661,343,1,0
BRDA:3667,344,0,0
BRDA:3667,344,1,0
BRDA:3671,345,0,0
BRDA:3671,345,1,0
BRDA:3688,346,0,0
BRDA:3688,346,1,0
BRDA:3693,347,0,0
BRDA:3693,347,1,0
BRDA:3693,347,2,0
BRDA:3693,347,3,0
BRDA:3693,347,4,0
BRDA:3696,348,0,0
BRDA:3696,348,1,0
BRDA:3700,349,0,0
BRDA:3700,349,1,0
BRDA:3700,349,2,0
BRDA:3700,349,3,0
BRDA:3700,350,0,0
BRDA:3700,350,1,0
BRDA:3704,351,0,0
BRDA:3704,351,1,0
BRDA:3705,352,0,0
BRDA:3705,352,1,0
BRDA:3706,353,0,0
BRDA:3706,353,1,0
BRDA:3714,354,0,0
BRDA:3714,354,1,0
BRDA:3711,355,0,0
BRDA:3711,355,1,0
BRDA:3718,356,0,0
BRDA:3718,356,1,0
BRDA:3718,356,2,0
BRDA:3726,357,0,0
BRDA:3726,357,1,0
BRDA:3731,358,0,0
BRDA:3734,359,0,0
BRDA:3734,359,1,0
BRDA:3745,360,0,0
BRDA:3745,360,1,0
BRDA:3746,361,0,0
BRDA:3746,361,1,0
BRDA:3760,362,0,0
BRDA:3760,362,1,0
BRDA:3748,363,0,0
BRDA:3748,363,1,0
BRDA:3751,364,0,0
BRDA:3751,364,1,0
BRDA:3765,365,0,0
BRDA:3765,365,1,0
BRDA:3788,366,0,0
BRDA:3788,366,1,0
BRDA:3772,367,0,0
BRDA:3772,367,1,0
BRDA:3772,367,2,0
BRDA:3779,368,0,0
BRDA:3779,368,1,0
BRDA:3795,369,0,0
BRDA:3795,369,1,0
BRDA:3795,369,2,0
BRDA:3795,369,3,0
BRDA:3804,370,0,0
BRDA:3804,370,1,0
BRDA:3804,370,2,0
BRDA:3810,371,0,0
BRDA:3810,371,1,0
BRDA:3810,371,2,0
BRDA:3814,372,0,0
BRDA:3814,372,1,0
BRDA:3816,373,0,0
BRDA:3816,373,1,0
BRDA:3824,374,0,0
BRDA:3824,374,1,0
BRDA:3828,375,0,0
BRDA:3828,375,1,0
BRDA:3828,375,2,0
BRDA:3830,376,0,0
BRDA:3830,376,1,0
BRDA:3831,377,0,0
BRDA:3831,377,1,0
BRDA:3851,378,0,0
BRDA:3851,378,1,0
BRDA:3844,379,0,0
BRDA:3844,379,1,0
BRDA:3844,379,2,0
BRDA:3844,379,3,0
BRDA:3859,380,0,0
BRDA:3859,380,1,0
BRDA:3862,381,0,0
BRDA:3862,381,1,0
BRDA:3866,382,0,0
BRDA:3866,382,1,0
BRDA:3866,382,2,0
BRDA:3866,382,3,0
BRDA:3871,383,0,0
BRDA:3871,383,1,0
BRDA:3873,384,0,0
BRDA:3873,384,1,0
BRDA:3873,384,2,0
BRDA:3881,385,0,0
BRDA:3881,385,1,0
BRDA:3882,386,0,0
BRDA:3882,386,1,0
BRDA:3884,387,0,0
BRDA:3884,387,1,0
BRDA:3894,388,0,0
BRDA:3894,388,1,0
BRDA:3907,389,0,0
BRDA:3907,389,1,0
BRDA:3902,390,0,0
BRDA:3902,390,1,0
BRDA:3902,390,2,0
BRDA:3916,391,0,0
BRDA:3916,391,1,0
BRDA:3916,391,2,0
BRDA:3916,391,3,0
BRDA:3932,392,0,0
BRDA:3932,392,1,0
BRDA:3933,393,0,0
BRDA:3933,393,1,0
BRDA:3966,394,0,0
BRDA:3966,394,1,0
BRDA:3953,395,0,0
BRDA:3953,395,1,0
BRDA:3970,396,0,0
BRDA:3970,396,1,0
BRDA:3967,397,0,0
BRDA:3967,397,1,0
BRDA:3984,398,0,0
BRDA:3984,398,1,0
BRDA:3985,399,0,0
BRDA:3985,399,1,0
BRDA:3986,400,0,0
BRDA:3986,400,1,0
BRDA:4019,401,0,0
BRDA:4019,401,1,0
BRDA:4090,402,0,0
BRDA:4090,402,1,0
BRDA:4097,403,0,0
BRDA:4097,403,1,0
BRDA:4101,404,0,0
BRDA:4101,404,1,0
BRDA:4101,405,0,0
BRDA:4101,405,1,0
BRDA:4126,406,0,0
BRDA:4126,406,1,0
BRDA:4133,407,0,0
BRDA:4133,407,1,0
BRDA:4137,408,0,0
BRDA:4137,408,1,0
BRDA:4137,409,0,0
BRDA:4137,409,1,0
BRDA:4024,410,0,0
BRDA:4024,410,1,0
BRDA:4028,411,0,0
BRDA:4028,411,1,0
BRDA:4028,412,0,0
BRDA:4028,412,1,0
BRDA:4044,413,0,0
BRDA:4044,413,1,0
BRDA:4039,414,0,0
BRDA:4039,414,1,0
BRDA:4060,415,0,0
BRDA:4060,415,1,0
BRDA:4064,416,0,0
BRDA:4064,416,1,0
BRDA:4064,417,0,0
BRDA:4064,417,1,0
BRDA:4073,418,0,0
BRDA:4073,418,1,0
BRDA:4073,418,2,0
BRDA:4162,419,0,0
BRDA:4163,420,0,0
BRDA:4163,420,1,0
BRDA:4164,421,0,0
BRDA:4164,421,1,0
BRDA:4168,422,0,0
BRDA:4168,422,1,0
BRDA:4169,423,0,0
BRDA:4169,423,1,0
BRDA:4175,424,0,0
BRDA:4175,424,1,0
BRDA:4184,425,0,0
BRDA:4184,425,1,0
BRDA:4184,426,0,0
BRDA:4184,426,1,0
BRDA:4187,427,0,0
BRDA:4187,427,1,0
BRDA:4194,428,0,0
BRDA:4194,428,1,0
BRDA:4196,429,0,0
BRDA:4196,429,1,0
BRDA:4206,430,0,0
BRDA:4206,430,1,0
BRDA:4210,431,0,0
BRDA:4210,431,1,0
BRDA:4217,432,0,0
BRDA:4217,432,1,0
BRDA:4218,433,0,0
BRDA:4218,433,1,0
BRDA:4225,434,0,0
BRDA:4225,434,1,0
BRDA:4231,435,0,0
BRDA:4231,435,1,0
BRDA:4247,436,0,0
BRDA:4247,436,1,0
BRDA:4250,437,0,0
BRDA:4250,437,1,0
BRDA:4252,438,0,0
BRDA:4252,438,1,0
BRDA:4263,439,0,0
BRDA:4263,439,1,0
BRDA:4266,440,0,0
BRDA:4266,440,1,0
BRDA:4268,441,0,0
BRDA:4268,441,1,0
BRDA:4284,442,0,0
BRDA:4284,442,1,0
BRDA:4285,443,0,0
BRDA:4285,443,1,0
BRDA:4287,444,0,0
BRDA:4287,444,1,0
BRDA:4290,445,0,0
BRDA:4290,445,1,0
BRDA:4303,446,0,0
BRDA:4303,446,1,0
BRDA:4320,447,0,0
BRDA:4320,447,1,0
BRDA:4322,448,0,0
BRDA:4322,448,1,0
BRDA:4347,449,0,0
BRDA:4347,449,1,0
BRDA:4353,450,0,0
BRDA:4353,450,1,0
BRDA:4359,451,0,0
BRDA:4359,451,1,0
BRDA:4359,452,0,0
BRDA:4359,452,1,0
BRDA:4367,453,0,0
BRDA:4367,453,1,0
BRDA:4372,454,0,0
BRDA:4372,454,1,0
BRDA:4384,455,0,0
BRDA:4384,455,1,0
BRDA:4391,456,0,0
BRDA:4391,456,1,0
BRDA:4394,457,0,0
BRDA:4394,457,1,0
BRDA:4396,458,0,0
BRDA:4396,458,1,0
BRDA:4401,459,0,0
BRDA:4401,459,1,0
BRDA:4400,460,0,0
BRDA:4400,460,1,0
BRDA:4410,461,0,0
BRDA:4412,462,0,0
BRDA:4412,462,1,0
BRDA:4416,463,0,0
BRDA:4416,463,1,0
BRDA:4420,464,0,0
BRDA:4420,464,1,0
BRDA:4424,465,0,0
BRDA:4424,465,1,0
BRDA:4438,466,0,0
BRDA:4438,466,1,0
BRDA:4438,466,2,0
BRDA:4441,467,0,0
BRDA:4441,467,1,0
BRDA:4442,468,0,0
BRDA:4442,468,1,0
BRDA:4453,469,0,0
BRDA:4453,469,1,0
BRDA:4457,470,0,0
BRDA:4457,470,1,0
BRDA:4468,471,0,0
BRDA:4468,472,0,0
BRDA:4474,473,0,0
BRDA:4474,473,1,0
BRDA:4471,474,0,0
BRDA:4471,474,1,0
BRDA:4471,474,2,0
BRDA:4478,475,0,0
BRDA:4478,475,1,0
BRDA:4483,476,0,0
BRDA:4483,476,1,0
BRDA:4480,477,0,0
BRDA:4480,477,1,0
BRDA:4480,478,0,0
BRDA:4480,478,1,0
BRDA:4487,479,0,0
BRDA:4487,479,1,0
BRDA:4491,480,0,0
BRDA:4491,480,1,0
BRDA:4499,481,0,0
BRDA:4499,481,1,0
BRDA:4494,482,0,0
BRDA:4494,482,1,0
BRDA:4494,482,2,0
BRDA:4494,482,3,0
BRDA:4501,483,0,0
BRDA:4501,483,1,0
BRDA:4501,483,2,0
BRDA:4501,483,3,0
BRDA:4501,483,4,0
BRDA:4501,483,5,0
BRDA:4508,484,0,0
BRDA:4508,484,1,0
BRDA:4508,484,2,0
BRDA:4508,484,3,0
BRDA:4512,485,0,0
BRDA:4512,485,1,0
BRDA:4516,486,0,0
BRDA:4516,486,1,0
BRDA:4516,486,2,0
BRDA:4516,487,0,0
BRDA:4516,487,1,0
BRDA:4518,488,0,0
BRDA:4518,488,1,0
BRDA:4519,489,0,0
BRDA:4519,489,1,0
BRDA:4526,490,0,0
BRDA:4526,490,1,0
BRDA:4536,491,0,0
BRDA:4536,491,1,0
BRDA:4536,491,2,0
BRDA:4536,491,3,0
BRDA:4540,492,0,0
BRDA:4540,492,1,0
BRDA:4540,493,0,0
BRDA:4540,493,1,0
BRDA:4540,493,2,0
BRDA:4546,494,0,0
BRDA:4546,494,1,0
BRDA:4576,495,0,0
BRDA:4576,495,1,0
BRDA:4573,496,0,0
BRDA:4573,496,1,0
BRDA:4583,497,0,0
BRDA:4583,497,1,0
BRDA:4588,498,0,0
BRDA:4588,498,1,0
BRDA:4598,499,0,0
BRDA:4598,499,1,0
BRDA:4598,499,2,0
BRDA:4598,499,3,0
BRDA:4598,499,4,0
BRDA:4598,499,5,0
BRDA:4598,499,6,0
BRDA:4605,500,0,0
BRDA:4605,500,1,0
BRDA:4613,501,0,0
BRDA:4613,502,0,0
BRDA:4613,503,0,0
BRDA:4620,504,0,0
BRDA:4620,504,1,0
BRDA:4623,505,0,0
BRDA:4623,505,1,0
BRDA:4625,506,0,0
BRDA:4625,506,1,0
BRDA:4629,507,0,0
BRDA:4629,507,1,0
BRDA:4629,508,0,0
BRDA:4629,508,1,0
BRDA:4634,509,0,0
BRDA:4634,509,1,0
BRDA:4653,510,0,0
BRDA:4653,510,1,0
BRDA:4662,511,0,0
BRDA:4679,512,0,0
BRDA:4682,513,0,0
BRDA:4682,513,1,0
BRDA:4682,514,0,0
BRDA:4682,514,1,0
BRDA:4688,515,0,0
BRDA:4688,515,1,0
BRDA:4688,515,2,0
BRDA:4689,516,0,0
BRDA:4689,516,1,0
BRDA:4689,516,2,0
BRDA:4693,517,0,0
BRDA:4693,517,1,0
BRDA:4712,518,0,0
BRDA:4712,518,1,0
BRDA:4714,519,0,0
BRDA:4714,519,1,0
BRDA:4724,520,0,0
BRDA:4724,520,1,0
BRDA:4730,521,0,0
BRDA:4730,521,1,0
BRDA:4731,522,0,0
BRDA:4731,522,1,0
BRDA:4748,523,0,0
BRDA:4748,523,1,0
BRDA:4748,523,2,0
BRDA:4930,524,0,0
BRDA:4930,524,1,0
BRDA:4952,525,0,0
BRDA:4953,526,0,0
BRDA:4953,526,1,0
BRDA:4954,527,0,0
BRDA:4954,527,1,0
BRDA:4957,528,0,0
BRDA:4957,528,1,0
BRDA:4958,529,0,0
BRDA:4958,529,1,0
BRDA:4959,530,0,0
BRDA:4959,530,1,0
BRDA:4959,531,0,0
BRDA:4959,531,1,0
BRDA:4959,531,2,0
BRDA:4959,531,3,0
BRDA:4969,532,0,0
BRDA:4969,532,1,0
BRDA:4969,533,0,0
BRDA:4969,533,1,0
BRDA:4983,534,0,0
BRDA:4983,534,1,0
BRDA:4983,534,2,0
BRDA:4983,534,3,0
BRDA:5016,535,0,0
BRDA:5017,536,0,0
BRDA:5017,536,1,0
BRDA:5021,537,0,0
BRDA:5021,537,1,0
BRDA:5057,538,0,0
BRDA:5057,538,1,0
BRDA:5062,539,0,0
BRDA:5062,539,1,0
BRDA:5062,539,2,0
BRDA:5068,540,0,0
BRDA:5068,540,1,0
BRDA:5077,541,0,0
BRDA:5077,541,1,0
BRDA:5095,542,0,0
BRDA:5095,542,1,0
BRDA:5098,543,0,0
BRDA:5098,543,1,0
BRDA:5099,544,0,0
BRDA:5099,544,1,0
BRDA:5106,545,0,0
BRDA:5106,546,0,0
BRDA:5106,547,0,0
BRDA:5106,548,0,0
BRDA:5106,549,0,0
BRDA:5113,550,0,0
BRDA:5113,550,1,0
BRDA:5107,551,0,0
BRDA:5107,551,1,0
BRDA:5107,551,2,0
BRDA:5118,552,0,0
BRDA:5118,552,1,0
BRDA:5128,553,0,0
BRDA:5128,553,1,0
BRDA:5124,554,0,0
BRDA:5124,554,1,0
BRDA:5130,555,0,0
BRDA:5130,555,1,0
BRDA:5130,555,2,0
BRDA:5134,556,0,0
BRDA:5134,556,1,0
BRDA:5134,556,2,0
BRDA:5137,557,0,0
BRDA:5137,557,1,0
BRDA:5140,558,0,0
BRDA:5140,558,1,0
BRDA:5140,558,2,0
BRDA:5148,559,0,0
BRDA:5148,559,1,0
BRDA:5150,560,0,0
BRDA:5150,560,1,0
BRDA:5152,561,0,0
BRDA:5152,561,1,0
BRDA:5154,562,0,0
BRDA:5154,562,1,0
BRDA:5156,563,0,0
BRDA:5156,563,1,0
BRDA:5170,564,0,0
BRDA:5170,564,1,0
BRDA:5171,565,0,0
BRDA:5171,565,1,0
BRDA:5197,566,0,0
BRDA:5197,566,1,0
BRDA:5202,567,0,0
BRDA:5202,567,1,0
BRDA:5202,567,2,0
BRDA:5202,567,3,0
BRDA:5202,567,4,0
BRDA:5202,567,5,0
BRDA:5202,567,6,0
BRDA:5219,568,0,0
BRDA:5223,569,0,0
BRDA:5223,569,1,0
BRDA:5223,570,0,0
BRDA:5223,570,1,0
BRDA:5229,571,0,0
BRDA:5229,571,1,0
BRDA:5234,572,0,0
BRDA:5234,572,1,0
BRDA:5230,573,0,0
BRDA:5230,573,1,0
BRDA:5235,574,0,0
BRDA:5235,574,1,0
BRDA:5234,575,0,0
BRDA:5234,575,1,0
BRDA:5236,576,0,0
BRDA:5236,576,1,0
BRDA:5250,577,0,0
BRDA:5250,577,1,0
BRDA:5250,578,0,0
BRDA:5250,578,1,0
BRDA:5252,579,0,0
BRDA:5252,579,1,0
BRDA:5266,580,0,0
BRDA:5266,580,1,0
BRDA:5267,581,0,0
BRDA:5267,581,1,0
BRDA:5275,582,0,0
BRDA:5275,583,0,0
BRDA:5291,584,0,0
BRDA:5294,585,0,0
BRDA:5296,586,0,0
BRDA:5296,586,1,0
BRDA:5302,587,0,0
BRDA:5302,587,1,0
BRDA:5300,588,0,0
BRDA:5300,588,1,0
BRDA:5306,589,0,0
BRDA:5306,589,1,0
BRDA:5311,590,0,0
BRDA:5311,590,1,0
BRDA:5311,591,0,0
BRDA:5311,591,1,0
BRDA:5320,592,0,0
BRDA:5320,592,1,0
BRDA:5325,593,0,0
BRDA:5325,593,1,0
BRDA:5328,594,0,0
BRDA:5328,594,1,0
BRDA:5331,595,0,0
BRDA:5331,595,1,0
BRDA:5332,596,0,0
BRDA:5332,596,1,0
BRDA:5332,597,0,0
BRDA:5332,597,1,0
BRDA:5335,598,0,0
BRDA:5335,598,1,0
BRDA:5337,599,0,0
BRDA:5337,599,1,0
BRDA:5339,600,0,0
BRDA:5339,600,1,0
BRDA:5349,601,0,0
BRDA:5349,601,1,0
BRDA:5346,602,0,0
BRDA:5346,602,1,0
BRDA:5349,603,0,0
BRDA:5349,603,1,0
BRDA:5349,603,2,0
BRDA:5353,604,0,0
BRDA:5353,604,1,0
BRDA:5363,605,0,0
BRDA:5363,605,1,0
BRDA:5370,606,0,0
BRDA:5370,606,1,0
BRDA:5385,607,0,0
BRDA:5385,607,1,0
BRDA:5386,608,0,0
BRDA:5386,608,1,0
BRDA:5390,609,0,0
BRDA:5390,609,1,0
BRDA:5393,610,0,0
BRDA:5393,610,1,0
BRDA:5396,611,0,0
BRDA:5396,611,1,0
BRDA:5398,612,0,0
BRDA:5398,612,1,0
BRDA:5402,613,0,0
BRDA:5402,613,1,0
BRDA:5411,614,0,0
BRDA:5411,614,1,0
BRDA:5423,615,0,0
BRDA:5423,615,1,0
BRDA:5424,616,0,0
BRDA:5424,616,1,0
BRDA:5431,617,0,0
BRDA:5434,618,0,0
BRDA:5434,618,1,0
BRDA:5435,619,0,0
BRDA:5435,619,1,0
BRDA:5440,620,0,0
BRDA:5440,620,1,0
BRDA:5440,621,0,0
BRDA:5440,621,1,0
BRDA:5442,622,0,0
BRDA:5442,622,1,0
BRDA:5442,623,0,0
BRDA:5442,623,1,0
BRDA:5446,624,0,0
BRDA:5446,624,1,0
BRDA:5448,625,0,0
BRDA:5448,625,1,0
BRDA:5447,626,0,0
BRDA:5447,626,1,0
BRDA:5472,627,0,0
BRDA:5472,628,0,0
BRDA:5472,629,0,0
BRDA:5472,630,0,0
BRDA:5485,631,0,0
BRDA:5485,631,1,0
BRDA:5485,631,2,0
BRDA:5485,631,3,0
BRDA:5489,632,0,0
BRDA:5489,632,1,0
BRDA:5497,633,0,0
BRDA:5497,633,1,0
BRDA:5501,634,0,0
BRDA:5501,634,1,0
BRDA:5520,635,0,0
BRDA:5520,635,1,0
BRDA:5521,636,0,0
BRDA:5521,636,1,0
BRDA:5534,637,0,0
BRDA:5534,637,1,0
BRDA:5534,638,0,0
BRDA:5534,638,1,0
BRDA:5545,639,0,0
BRDA:5545,639,1,0
BRDA:5548,640,0,0
BRDA:5548,640,1,0
BRDA:5586,641,0,0
BRDA:5586,641,1,0
BRDA:5583,642,0,0
BRDA:5583,642,1,0
BRDA:5583,643,0,0
BRDA:5583,643,1,0
BRDA:5561,644,0,0
BRDA:5561,644,1,0
BRDA:5564,645,0,0
BRDA:5564,645,1,0
BRDA:5590,646,0,0
BRDA:5590,646,1,0
BRDA:5592,647,0,0
BRDA:5592,647,1,0
BRDA:5598,648,0,0
BRDA:5598,648,1,0
BRDA:5597,649,0,0
BRDA:5597,649,1,0
BRDA:5619,650,0,0
BRDA:5619,650,1,0
BRDA:5620,651,0,0
BRDA:5620,651,1,0
BRDA:5620,651,2,0
BRDA:5629,652,0,0
BRDA:5629,652,1,0
BRDA:5630,653,0,0
BRDA:5630,653,1,0
BRDA:5630,653,2,0
BRDA:5635,654,0,0
BRDA:5635,654,1,0
BRDA:5645,655,0,0
BRDA:5645,655,1,0
BRDA:5646,656,0,0
BRDA:5646,656,1,0
BRDA:5647,657,0,0
BRDA:5647,657,1,0
BRDA:5650,658,0,0
BRDA:5650,658,1,0
BRDA:5651,659,0,0
BRDA:5651,659,1,0
BRDA:5656,660,0,0
BRDA:5656,660,1,0
BRDA:5659,661,0,0
BRDA:5659,661,1,0
BRDA:5662,662,0,0
BRDA:5662,662,1,0
BRDA:5665,663,0,0
BRDA:5665,663,1,0
BRDA:5668,664,0,0
BRDA:5668,664,1,0
BRDA:5671,665,0,0
BRDA:5671,665,1,0
BRDA:5674,666,0,0
BRDA:5674,666,1,0
BRDA:5677,667,0,0
BRDA:5677,667,1,0
BRDA:5680,668,0,0
BRDA:5680,668,1,0
BRDA:5683,669,0,0
BRDA:5683,669,1,0
BRDA:5689,670,0,0
BRDA:5689,670,1,0
BRDA:5695,671,0,0
BRDA:5695,671,1,0
BRDA:5702,672,0,0
BRDA:5702,672,1,0
BRDA:5705,673,0,0
BRDA:5705,673,1,0
BRDA:5709,674,0,0
BRDA:5709,674,1,0
BRDA:5714,675,0,0
BRDA:5714,675,1,0
BRDA:5718,676,0,0
BRDA:5718,676,1,0
BRDA:5725,677,0,0
BRDA:5725,677,1,0
BRDA:5729,678,0,0
BRDA:5729,678,1,0
BRDA:5750,679,0,0
BRDA:5750,679,1,0
BRDA:5754,680,0,0
BRDA:5754,680,1,0
BRDA:5763,681,0,0
BRDA:5763,681,1,0
BRDA:5765,682,0,0
BRDA:5765,682,1,0
BRDA:5767,683,0,0
BRDA:5767,683,1,0
BRDA:5774,684,0,0
BRDA:5774,684,1,0
BRDA:5777,685,0,0
BRDA:5777,685,1,0
BRDA:5778,686,0,0
BRDA:5778,686,1,0
BRDA:5783,687,0,0
BRDA:5783,687,1,0
BRDA:5785,688,0,0
BRDA:5785,688,1,0
BRDA:5801,689,0,0
BRDA:5801,689,1,0
BRDA:5810,690,0,0
BRDA:5810,690,1,0
BRDA:5813,691,0,0
BRDA:5813,691,1,0
BRDA:5813,692,0,0
BRDA:5813,692,1,0
BRDA:5813,692,2,0
BRDA:5823,693,0,0
BRDA:5823,693,1,0
BRDA:5824,694,0,0
BRDA:5824,694,1,0
BRDA:5828,695,0,0
BRDA:5828,695,1,0
BRDA:5827,696,0,0
BRDA:5827,696,1,0
BRDA:5844,697,0,0
BRDA:5844,697,1,0
BRDA:5845,698,0,0
BRDA:5845,698,1,0
BRDA:5856,699,0,0
BRDA:5856,699,1,0
BRDA:5870,700,0,0
BRDA:5870,700,1,0
BRDA:5872,701,0,0
BRDA:5872,701,1,0
BRDA:5874,702,0,0
BRDA:5874,702,1,0
BRDA:5874,702,2,0
BRDA:5874,702,3,0
BRDA:5885,703,0,0
BRDA:5885,703,1,0
BRDA:5885,704,0,0
BRDA:5885,704,1,0
BRDA:5889,705,0,0
BRDA:5889,705,1,0
BRDA:5889,706,0,0
BRDA:5889,706,1,0
BRDA:5893,707,0,0
BRDA:5893,707,1,0
BRDA:5896,708,0,0
BRDA:5896,708,1,0
BRDA:5901,709,0,0
BRDA:5901,709,1,0
BRDA:5901,710,0,0
BRDA:5901,710,1,0
BRDA:5905,711,0,0
BRDA:5905,711,1,0
BRDA:5913,712,0,0
BRDA:5913,712,1,0
BRDA:5913,713,0,0
BRDA:5913,713,1,0
BRDA:5923,714,0,0
BRDA:5923,714,1,0
BRDA:5921,715,0,0
BRDA:5921,715,1,0
BRDA:5927,716,0,0
BRDA:5927,716,1,0
BRDA:5925,717,0,0
BRDA:5925,717,1,0
BRDA:5934,718,0,0
BRDA:5934,718,1,0
BRDA:5956,719,0,0
BRDA:5956,719,1,0
BRDA:5956,720,0,0
BRDA:5956,720,1,0
BRDA:5959,721,0,0
BRDA:5959,721,1,0
BRDA:5959,722,0,0
BRDA:5959,722,1,0
BRDA:5962,723,0,0
BRDA:5962,723,1,0
BRDA:5967,724,0,0
BRDA:5967,724,1,0
BRDA:5967,724,2,0
BRDA:5989,725,0,0
BRDA:5989,725,1,0
BRDA:5989,725,2,0
BRDA:5989,725,3,0
BRDA:5989,725,4,0
BRDA:5989,725,5,0
BRDA:5989,725,6,0
BRDA:5989,725,7,0
BRDA:5989,725,8,0
BRDA:5989,725,9,0
BRDA:6008,726,0,0
BRDA:6008,726,1,0
BRDA:6014,727,0,0
BRDA:6014,727,1,0
BRDA:6092,728,0,0
BRDA:6092,728,1,0
BRDA:6092,729,0,0
BRDA:6092,729,1,0
BRDA:6107,730,0,0
BRDA:6107,730,1,0
BRDA:6130,731,0,0
BRDA:6130,731,1,0
BRDA:6158,732,0,0
BRDA:6158,732,1,0
BRDA:6166,733,0,0
BRDA:6166,733,1,0
BRDA:6178,734,0,0
BRDA:6185,735,0,0
BRDA:6185,735,1,0
BRDA:6219,736,0,0
BRDA:6219,736,1,0
BRDA:6221,737,0,0
BRDA:6221,737,1,0
BRDA:6227,738,0,0
BRDA:6227,738,1,0
BRDA:6228,739,0,0
BRDA:6228,739,1,0
BRDA:6251,740,0,0
BRDA:6251,740,1,0
BRDA:6253,741,0,0
BRDA:6253,741,1,0
BRDA:6284,742,0,0
BRDA:6284,742,1,0
BRDA:6286,743,0,0
BRDA:6286,743,1,0
BRDA:6286,743,2,0
BRDA:6286,743,3,0
BRDA:6298,744,0,0
BRDA:6298,744,1,0
BRDA:6302,745,0,0
BRDA:6302,745,1,0
BRDA:6369,746,0,0
BRDA:6369,746,1,0
BRDA:6370,747,0,0
BRDA:6370,747,1,0
BRDA:6402,748,0,0
BRDA:6402,748,1,0
BRDA:6545,749,0,0
BRDA:6545,749,1,0
BRDA:6547,750,0,0
BRDA:6547,750,1,0
BRDA:6545,751,0,0
BRDA:6545,751,1,0
BRDA:6548,752,0,0
BRDA:6548,752,1,0
BRDA:6560,753,0,0
BRDA:6560,753,1,0
BRDA:6562,754,0,0
BRDA:6562,754,1,0
BRDA:6562,754,2,0
BRDA:6775,755,0,0
BRDA:6775,755,1,0
BRDA:6775,756,0,0
BRDA:6775,756,1,0
BRDA:6781,757,0,0
BRDA:6781,757,1,0
BRDA:6791,758,0,0
BRDA:6791,758,1,0
BRDA:6792,759,0,0
BRDA:6792,759,1,0
BRF:1591
BRH:0
end_of_record
TN:
SF:docs/js/webpack:/node_modules/@vue/runtime-dom/dist/runtime-dom.esm-bundler.js
FN:10,(anonymous_531)
FN:13,(anonymous_532)
FN:19,(anonymous_533)
FN:22,(anonymous_534)
FN:23,(anonymous_535)
FN:24,(anonymous_536)
FN:27,(anonymous_537)
FN:30,(anonymous_538)
FN:31,(anonymous_539)
FN:32,(anonymous_540)
FN:33,(anonymous_541)
FN:36,(anonymous_542)
FN:43,(anonymous_543)
FN:63,qr
FN:84,Xr
FN:108,Yr
FN:110,(anonymous_547)
FN:131,Qr
FN:151,to
FN:175,no
FN:231,(anonymous_551)
FN:237,(anonymous_552)
FN:240,(anonymous_553)
FN:241,so
FN:244,lo
FN:247,uo
FN:270,po
FN:282,ho
FN:283,(anonymous_559)
FN:299,go
FN:302,(anonymous_561)
FN:306,(anonymous_562)
FN:306,(anonymous_563)
FN:314,(anonymous_564)
FN:315,(anonymous_565)
FN:350,yo
FN:455,(anonymous_567)
FN:476,jo
FN:491,(anonymous_569)
FN:496,(anonymous_570)
FN:501,(anonymous_571)
FN:502,(anonymous_572)
FN:504,(anonymous_573)
FN:506,(anonymous_574)
FN:521,(anonymous_575)
FN:526,(anonymous_576)
FN:533,(anonymous_577)
FN:534,(anonymous_578)
FN:537,(anonymous_579)
FN:551,(anonymous_580)
FN:555,(anonymous_581)
FN:559,(anonymous_582)
FN:565,_o
FN:577,Eo
FN:593,ko
FN:594,(anonymous_586)
FN:598,Ao
FN:599,(anonymous_588)
FN:608,To
FN:609,(anonymous_590)
FN:613,Co
FN:620,(anonymous_592)
FN:624,(anonymous_593)
FN:631,(anonymous_594)
FN:638,Fo
FN:641,(anonymous_596)
FN:689,Po
FN:693,(anonymous_598)
FN:699,Io
FN:1175,Ro
FN:1192,(anonymous_601)
FN:1198,(anonymous_602)
FN:1237,$o
FNF:73
FNH:0
FNDA:0,(anonymous_531)
FNDA:0,(anonymous_532)
FNDA:0,(anonymous_533)
FNDA:0,(anonymous_534)
FNDA:0,(anonymous_535)
FNDA:0,(anonymous_536)
FNDA:0,(anonymous_537)
FNDA:0,(anonymous_538)
FNDA:0,(anonymous_539)
FNDA:0,(anonymous_540)
FNDA:0,(anonymous_541)
FNDA:0,(anonymous_542)
FNDA:0,(anonymous_543)
FNDA:0,qr
FNDA:0,Xr
FNDA:0,Yr
FNDA:0,(anonymous_547)
FNDA:0,Qr
FNDA:0,to
FNDA:0,no
FNDA:0,(anonymous_551)
FNDA:0,(anonymous_552)
FNDA:0,(anonymous_553)
FNDA:0,so
FNDA:0,lo
FNDA:0,uo
FNDA:0,po
FNDA:0,ho
FNDA:0,(anonymous_559)
FNDA:0,go
FNDA:0,(anonymous_561)
FNDA:0,(anonymous_562)
FNDA:0,(anonymous_563)
FNDA:0,(anonymous_564)
FNDA:0,(anonymous_565)
FNDA:0,yo
FNDA:0,(anonymous_567)
FNDA:0,jo
FNDA:0,(anonymous_569)
FNDA:0,(anonymous_570)
FNDA:0,(anonymous_571)
FNDA:0,(anonymous_572)
FNDA:0,(anonymous_573)
FNDA:0,(anonymous_574)
FNDA:0,(anonymous_575)
FNDA:0,(anonymous_576)
FNDA:0,(anonymous_577)
FNDA:0,(anonymous_578)
FNDA:0,(anonymous_579)
FNDA:0,(anonymous_580)
FNDA:0,(anonymous_581)
FNDA:0,(anonymous_582)
FNDA:0,_o
FNDA:0,Eo
FNDA:0,ko
FNDA:0,(anonymous_586)
FNDA:0,Ao
FNDA:0,(anonymous_588)
FNDA:0,To
FNDA:0,(anonymous_590)
FNDA:0,Co
FNDA:0,(anonymous_592)
FNDA:0,(anonymous_593)
FNDA:0,(anonymous_594)
FNDA:0,Fo
FNDA:0,(anonymous_596)
FNDA:0,Po
FNDA:0,(anonymous_598)
FNDA:0,Io
FNDA:0,Ro
FNDA:0,(anonymous_601)
FNDA:0,(anonymous_602)
FNDA:0,$o
DA:5,0
DA:6,0
DA:9,0
DA:11,0
DA:14,0
DA:15,0
DA:19,0
DA:22,0
DA:23,0
DA:25,0
DA:28,0
DA:30,0
DA:31,0
DA:32,0
DA:34,0
DA:37,0
DA:44,0
DA:48,0
DA:49,0
DA:50,0
DA:51,0
DA:52,0
DA:53,0
DA:57,0
DA:67,0
DA:68,0
DA:74,0
DA:75,0
DA:85,0
DA:86,0
DA:87,0
DA:89,0
DA:90,0
DA:95,0
DA:96,0
DA:98,0
DA:99,0
DA:100,0
DA:107,0
DA:109,0
DA:110,0
DA:113,0
DA:115,0
DA:118,0
DA:119,0
DA:129,0
DA:130,0
DA:132,0
DA:133,0
DA:134,0
DA:136,0
DA:137,0
DA:138,0
DA:140,0
DA:141,0
DA:142,0
DA:143,0
DA:144,0
DA:147,0
DA:150,0
DA:152,0
DA:153,0
DA:163,0
DA:164,0
DA:180,0
DA:185,0
DA:187,0
DA:190,0
DA:191,0
DA:192,0
DA:197,0
DA:199,0
DA:201,0
DA:203,0
DA:208,0
DA:209,0
DA:212,0
DA:221,0
DA:226,0
DA:231,0
DA:235,0
DA:236,0
DA:237,0
DA:238,0
DA:240,0
DA:242,0
DA:245,0
DA:249,0
DA:250,0
DA:251,0
DA:253,0
DA:256,0
DA:257,0
DA:259,0
DA:260,0
DA:262,0
DA:269,0
DA:272,0
DA:273,0
DA:275,0
DA:276,0
DA:280,0
DA:283,0
DA:290,0
DA:291,0
DA:297,0
DA:300,0
DA:301,0
DA:303,0
DA:306,0
DA:309,0
DA:313,0
DA:314,0
DA:315,0
DA:316,0
DA:319,0
DA:320,0
DA:322,0
DA:323,0
DA:325,0
DA:347,0
DA:351,0
DA:451,0
DA:452,0
DA:455,0
DA:456,0
DA:457,0
DA:475,0
DA:477,0
DA:478,0
DA:479,0
DA:480,0
DA:484,0
DA:485,0
DA:487,0
DA:488,0
DA:489,0
DA:490,0
DA:491,0
DA:492,0
DA:496,0
DA:497,0
DA:501,0
DA:502,0
DA:503,0
DA:504,0
DA:505,0
DA:507,0
DA:520,0
DA:522,0
DA:527,0
DA:534,0
DA:535,0
DA:538,0
DA:552,0
DA:556,0
DA:560,0
DA:566,0
DA:567,0
DA:569,0
DA:570,0
DA:573,0
DA:574,0
DA:578,0
DA:581,0
DA:594,0
DA:599,0
DA:600,0
DA:601,0
DA:609,0
DA:610,0
DA:614,0
DA:615,0
DA:616,0
DA:618,0
DA:619,0
DA:620,0
DA:621,0
DA:624,0
DA:625,0
DA:631,0
DA:632,0
DA:639,0
DA:641,0
DA:642,0
DA:643,0
DA:644,0
DA:645,0
DA:646,0
DA:647,0
DA:648,0
DA:649,0
DA:650,0
DA:652,0
DA:680,0
DA:682,0
DA:690,0
DA:691,0
DA:693,0
DA:700,0
DA:707,0
DA:1170,0
DA:1176,0
DA:1192,0
DA:1193,0
DA:1197,0
DA:1199,0
DA:1200,0
DA:1201,0
DA:1202,0
DA:1203,0
DA:1208,0
DA:1211,0
DA:1213,0
DA:1238,0
DA:1239,0
DA:1243,0
DA:1245,0
LF:218
LH:0
BRDA:6,0,0,0
BRDA:6,0,1,0
BRDA:11,1,0,0
BRDA:11,1,1,0
BRDA:15,2,0,0
BRDA:15,2,1,0
BRDA:20,3,0,0
BRDA:20,3,1,0
BRDA:21,4,0,0
BRDA:21,4,1,0
BRDA:45,5,0,0
BRDA:45,5,1,0
BRDA:45,6,0,0
BRDA:45,6,1,0
BRDA:47,7,0,0
BRDA:47,7,1,0
BRDA:67,8,0,0
BRDA:67,8,1,0
BRDA:64,9,0,0
BRDA:64,9,1,0
BRDA:75,10,0,0
BRDA:75,10,1,0
BRDA:77,11,0,0
BRDA:77,11,1,0
BRDA:86,12,0,0
BRDA:86,12,1,0
BRDA:89,13,0,0
BRDA:89,13,1,0
BRDA:90,14,0,0
BRDA:90,14,1,0
BRDA:98,15,0,0
BRDA:98,15,1,0
BRDA:98,16,0,0
BRDA:98,16,1,0
BRDA:100,17,0,0
BRDA:100,17,1,0
BRDA:109,18,0,0
BRDA:109,18,1,0
BRDA:113,19,0,0
BRDA:113,19,1,0
BRDA:121,20,0,0
BRDA:121,20,1,0
BRDA:133,21,0,0
BRDA:133,21,1,0
BRDA:137,22,0,0
BRDA:137,22,1,0
BRDA:137,23,0,0
BRDA:137,23,1,0
BRDA:143,24,0,0
BRDA:143,24,1,0
BRDA:152,25,0,0
BRDA:152,25,1,0
BRDA:152,26,0,0
BRDA:152,26,1,0
BRDA:154,27,0,0
BRDA:154,27,1,0
BRDA:165,28,0,0
BRDA:165,28,1,0
BRDA:164,29,0,0
BRDA:164,29,1,0
BRDA:164,29,2,0
BRDA:168,30,0,0
BRDA:168,30,1,0
BRDA:180,31,0,0
BRDA:180,31,1,0
BRDA:180,32,0,0
BRDA:180,32,1,0
BRDA:181,33,0,0
BRDA:181,33,1,0
BRDA:184,34,0,0
BRDA:184,34,1,0
BRDA:187,35,0,0
BRDA:187,35,1,0
BRDA:187,36,0,0
BRDA:187,36,1,0
BRDA:197,37,0,0
BRDA:197,37,1,0
BRDA:197,38,0,0
BRDA:197,38,1,0
BRDA:201,39,0,0
BRDA:201,39,1,0
BRDA:201,40,0,0
BRDA:201,40,1,0
BRDA:191,41,0,0
BRDA:191,41,1,0
BRDA:192,42,0,0
BRDA:192,42,1,0
BRDA:226,43,0,0
BRDA:226,43,1,0
BRDA:226,43,2,0
BRDA:240,44,0,0
BRDA:240,44,1,0
BRDA:247,45,0,0
BRDA:249,46,0,0
BRDA:249,46,1,0
BRDA:251,47,0,0
BRDA:251,47,1,0
BRDA:251,48,0,0
BRDA:251,48,1,0
BRDA:257,49,0,0
BRDA:257,49,1,0
BRDA:262,50,0,0
BRDA:262,50,1,0
BRDA:272,51,0,0
BRDA:272,51,1,0
BRDA:290,52,0,0
BRDA:290,52,1,0
BRDA:291,53,0,0
BRDA:291,53,1,0
BRDA:300,54,0,0
BRDA:300,54,1,0
BRDA:306,55,0,0
BRDA:306,55,1,0
BRDA:315,56,0,0
BRDA:318,57,0,0
BRDA:318,57,1,0
BRDA:318,57,2,0
BRDA:327,58,0,0
BRDA:327,58,1,0
BRDA:327,59,0,0
BRDA:327,59,1,0
BRDA:332,60,0,0
BRDA:332,60,1,0
BRDA:340,61,0,0
BRDA:340,61,1,0
BRDA:342,62,0,0
BRDA:342,62,1,0
BRDA:354,63,0,0
BRDA:354,63,1,0
BRDA:354,64,0,0
BRDA:354,64,1,0
BRDA:358,65,0,0
BRDA:358,65,1,0
BRDA:358,65,2,0
BRDA:369,66,0,0
BRDA:369,66,1,0
BRDA:369,66,2,0
BRDA:369,66,3,0
BRDA:369,66,4,0
BRDA:369,66,5,0
BRDA:369,66,6,0
BRDA:369,66,7,0
BRDA:369,66,8,0
BRDA:477,67,0,0
BRDA:477,68,0,0
BRDA:477,69,0,0
BRDA:477,70,0,0
BRDA:477,71,0,0
BRDA:477,72,0,0
BRDA:477,73,0,0
BRDA:477,74,0,0
BRDA:477,75,0,0
BRDA:477,76,0,0
BRDA:477,77,0,0
BRDA:480,78,0,0
BRDA:480,78,1,0
BRDA:484,79,0,0
BRDA:484,79,1,0
BRDA:488,80,0,0
BRDA:488,80,1,0
BRDA:489,81,0,0
BRDA:489,81,1,0
BRDA:490,82,0,0
BRDA:490,83,0,0
BRDA:490,84,0,0
BRDA:492,85,0,0
BRDA:492,85,1,0
BRDA:493,86,0,0
BRDA:493,86,1,0
BRDA:494,87,0,0
BRDA:494,87,1,0
BRDA:499,88,0,0
BRDA:499,88,1,0
BRDA:503,89,0,0
BRDA:503,89,1,0
BRDA:505,90,0,0
BRDA:505,90,1,0
BRDA:507,91,0,0
BRDA:507,91,1,0
BRDA:508,92,0,0
BRDA:508,92,1,0
BRDA:509,93,0,0
BRDA:509,93,1,0
BRDA:509,93,2,0
BRDA:511,94,0,0
BRDA:511,94,1,0
BRDA:522,95,0,0
BRDA:522,95,1,0
BRDA:527,96,0,0
BRDA:527,96,1,0
BRDA:540,97,0,0
BRDA:540,97,1,0
BRDA:540,97,2,0
BRDA:542,98,0,0
BRDA:542,98,1,0
BRDA:549,99,0,0
BRDA:549,99,1,0
BRDA:553,100,0,0
BRDA:553,100,1,0
BRDA:557,101,0,0
BRDA:557,101,1,0
BRDA:561,102,0,0
BRDA:561,102,1,0
BRDA:566,103,0,0
BRDA:566,103,1,0
BRDA:569,104,0,0
BRDA:569,104,1,0
BRDA:594,105,0,0
BRDA:594,105,1,0
BRDA:595,106,0,0
BRDA:595,106,1,0
BRDA:599,107,0,0
BRDA:599,107,1,0
BRDA:601,108,0,0
BRDA:601,108,1,0
BRDA:603,109,0,0
BRDA:603,109,1,0
BRDA:615,110,0,0
BRDA:615,110,1,0
BRDA:625,111,0,0
BRDA:625,111,1,0
BRDA:625,111,2,0
BRDA:632,112,0,0
BRDA:632,112,1,0
BRDA:641,113,0,0
BRDA:641,113,1,0
BRDA:653,114,0,0
BRDA:653,114,1,0
BRDA:653,115,0,0
BRDA:653,115,1,0
BRDA:660,116,0,0
BRDA:660,116,1,0
BRDA:660,117,0,0
BRDA:660,117,1,0
BRDA:670,118,0,0
BRDA:670,118,1,0
BRDA:671,119,0,0
BRDA:671,119,1,0
BRDA:675,120,0,0
BRDA:675,120,1,0
BRDA:676,121,0,0
BRDA:676,121,1,0
BRDA:680,122,0,0
BRDA:680,122,1,0
BRDA:1176,123,0,0
BRDA:1176,123,1,0
BRDA:1200,124,0,0
BRDA:1200,124,1,0
BRDA:1203,125,0,0
BRDA:1203,125,1,0
BRDA:1203,125,2,0
BRDA:1203,125,3,0
BRDA:1238,126,0,0
BRDA:1238,126,1,0
BRF:254
BRH:0
end_of_record
TN:
SF:docs/js/webpack:/node_modules/@vue/shared/dist/shared.esm-bundler.js
FN:1,(anonymous_666)
FN:8,r
FN:14,(anonymous_668)
FN:14,(anonymous_669)
FN:150,s
FN:170,f
FN:172,(anonymous_711)
FN:196,p
FN:288,b
FN:297,m
FN:334,y
FN:335,(anonymous_716)
FN:342,(anonymous_717)
FN:349,(anonymous_718)
FN:352,(anonymous_719)
FN:384,(anonymous_720)
FN:388,(anonymous_721)
FN:390,(anonymous_722)
FN:391,(anonymous_723)
FN:393,(anonymous_724)
FN:400,(anonymous_725)
FN:402,(anonymous_726)
FN:403,(anonymous_727)
FN:404,(anonymous_728)
FN:405,(anonymous_729)
FN:406,(anonymous_730)
FN:407,(anonymous_731)
FN:408,(anonymous_732)
FN:409,(anonymous_733)
FN:413,(anonymous_734)
FN:414,(anonymous_735)
FN:418,(anonymous_736)
FN:419,(anonymous_737)
FN:429,(anonymous_738)
FN:431,(anonymous_739)
FN:440,(anonymous_740)
FN:441,(anonymous_741)
FN:447,(anonymous_742)
FN:451,(anonymous_743)
FN:455,(anonymous_744)
FN:457,(anonymous_745)
FN:458,(anonymous_746)
FN:463,(anonymous_747)
FN:470,(anonymous_748)
FN:475,(anonymous_749)
FNF:45
FNH:0
FNDA:0,(anonymous_666)
FNDA:0,r
FNDA:0,(anonymous_668)
FNDA:0,(anonymous_669)
FNDA:0,s
FNDA:0,f
FNDA:0,(anonymous_711)
FNDA:0,p
FNDA:0,b
FNDA:0,m
FNDA:0,y
FNDA:0,(anonymous_716)
FNDA:0,(anonymous_717)
FNDA:0,(anonymous_718)
FNDA:0,(anonymous_719)
FNDA:0,(anonymous_720)
FNDA:0,(anonymous_721)
FNDA:0,(anonymous_722)
FNDA:0,(anonymous_723)
FNDA:0,(anonymous_724)
FNDA:0,(anonymous_725)
FNDA:0,(anonymous_726)
FNDA:0,(anonymous_727)
FNDA:0,(anonymous_728)
FNDA:0,(anonymous_729)
FNDA:0,(anonymous_730)
FNDA:0,(anonymous_731)
FNDA:0,(anonymous_732)
FNDA:0,(anonymous_733)
FNDA:0,(anonymous_734)
FNDA:0,(anonymous_735)
FNDA:0,(anonymous_736)
FNDA:0,(anonymous_737)
FNDA:0,(anonymous_738)
FNDA:0,(anonymous_739)
FNDA:0,(anonymous_740)
FNDA:0,(anonymous_741)
FNDA:0,(anonymous_742)
FNDA:0,(anonymous_743)
FNDA:0,(anonymous_744)
FNDA:0,(anonymous_745)
FNDA:0,(anonymous_746)
FNDA:0,(anonymous_747)
FNDA:0,(anonymous_748)
FNDA:0,(anonymous_749)
DA:1,0
DA:9,0
DA:10,0
DA:11,0
DA:12,0
DA:14,0
DA:39,0
DA:42,0
DA:89,0
DA:90,0
DA:151,0
DA:152,0
DA:153,0
DA:154,0
DA:155,0
DA:156,0
[...]
BRDA:102,10,1,0
BRDA:102,10,2,0
BRDA:99,11,0,0
BRDA:99,11,1,0
BRDA:113,12,0,0
BRDA:113,12,1,0
BRDA:113,12,2,0
BRDA:119,13,0,0
BRDA:119,13,1,0
BRDA:125,14,0,0
BRDA:125,14,1,0
BRDA:125,14,2,0
BRDA:125,15,0,0
BRDA:125,15,1,0
BRDA:125,15,2,0
BRDA:126,16,0,0
BRDA:126,16,1,0
BRDA:126,16,2,0
BRDA:126,16,3,0
BRDA:126,16,4,0
BRDA:132,17,0,0
BRDA:132,17,1,0
BRDA:132,18,0,0
BRDA:132,18,1,0
BRDA:132,18,2,0
BRDA:137,19,0,0
BRDA:137,19,1,0
BRDA:137,19,2,0
BRDA:137,19,3,0
BRDA:137,19,4,0
BRDA:144,20,0,0
BRDA:144,20,1,0
BRDA:144,20,2,0
BRDA:151,21,0,0
BRDA:151,21,1,0
BRDA:153,22,0,0
BRDA:153,22,1,0
BRDA:153,22,2,0
BRDA:153,22,3,0
BRDA:272,23,0,0
BRDA:272,23,1,0
BRDA:163,24,0,0
BRDA:163,24,1,0
BRDA:165,25,0,0
BRDA:165,25,1,0
BRDA:166,26,0,0
BRDA:166,26,1,0
BRDA:166,27,0,0
BRDA:166,27,1,0
BRDA:169,28,0,0
BRDA:169,28,1,0
BRDA:170,29,0,0
BRDA:170,29,1,0
BRDA:170,29,2,0
BRDA:173,30,0,0
BRDA:173,30,1,0
BRDA:173,30,2,0
BRDA:195,31,0,0
BRDA:195,31,1,0
BRDA:203,32,0,0
BRDA:203,32,1,0
BRDA:222,33,0,0
BRDA:222,33,1,0
BRDA:231,34,0,0
BRDA:231,34,1,0
BRDA:232,35,0,0
BRDA:232,35,1,0
BRDA:273,36,0,0
BRDA:273,36,1,0
BRDA:276,37,0,0
BRDA:276,37,1,0
BRDA:276,37,2,0
BRDA:291,38,0,0
BRDA:291,38,1,0
BRDA:291,39,0,0
BRDA:291,39,1,0
BRDA:291,39,2,0
BRDA:292,40,0,0
BRDA:292,40,1,0
BRDA:294,41,0,0
BRDA:294,41,1,0
BRDA:293,42,0,0
BRDA:293,42,1,0
BRDA:304,43,0,0
BRDA:304,43,1,0
BRF:108
BRH:0
end_of_record
TN:
SF:docs/js/webpack:/node_modules/core-js/modules/web.dom-collections.iterator.js
FN:1,(anonymous_1021)
FNF:1
FNH:0
FNDA:0,(anonymous_1021)
DA:1,0
DA:2,0
DA:3,0
DA:4,0
DA:5,0
DA:7,0
DA:8,0
DA:9,0
DA:11,0
DA:12,0
DA:13,0
DA:14,0
DA:16,0
DA:17,0
DA:19,0
DA:24,0
DA:26,0
DA:27,0
DA:29,0
LF:19
LH:0
BRDA:13,0,0,0
BRDA:13,0,1,0
BRDA:14,1,0,0
BRDA:14,1,1,0
BRDA:16,2,0,0
BRDA:16,2,1,0
BRDA:24,3,0,0
BRDA:24,3,1,0
BRDA:21,4,0,0
BRDA:21,4,1,0
BRDA:26,5,0,0
BRDA:26,5,1,0
BRF:12
BRH:0
end_of_record
TN:
SF:docs/js/webpack:/node_modules/prismjs/prism.js
FN:8,(anonymous_925)
FN:24,(anonymous_926)
FN:66,e
FN:92,(anonymous_928)
FN:102,(anonymous_929)
FN:119,e
FN:148,(anonymous_931)
FN:167,(anonymous_932)
FN:184,(anonymous_933)
FN:238,(anonymous_934)
FN:291,(anonymous_935)
FN:376,(anonymous_936)
FN:404,(anonymous_937)
FN:414,e
FN:453,(anonymous_939)
FN:472,(anonymous_940)
FN:518,(anonymous_941)
FN:541,f
FN:571,(anonymous_943)
FN:606,(anonymous_944)
FN:642,(anonymous_945)
FN:680,(anonymous_946)
FN:697,(anonymous_947)
FN:731,o
FN:845,i
FN:1005,c
FN:1027,a
FN:1045,s
FN:1059,l
FN:791,e
FN:797,(anonymous_955)
FN:1078,(anonymous_956)
FN:1105,f
FN:1268,(anonymous_958)
FN:1287,(anonymous_959)
FN:1309,(anonymous_960)
FN:1333,(anonymous_961)
FN:1554,(anonymous_962)
FN:1562,(anonymous_963)
FN:1603,(anonymous_964)
FN:1607,(anonymous_965)
FN:1641,(anonymous_966)
FN:1675,(anonymous_967)
FN:1686,(anonymous_968)
FN:1596,p
FNF:45
FNH:0
FNDA:0,(anonymous_925)
FNDA:0,(anonymous_926)
FNDA:0,e
FNDA:0,(anonymous_928)
FNDA:0,(anonymous_929)
FNDA:0,e
FNDA:0,(anonymous_931)
FNDA:0,(anonymous_932)
FNDA:0,(anonymous_933)
FNDA:0,(anonymous_934)
FNDA:0,(anonymous_935)
FNDA:0,(anonymous_936)
FNDA:0,(anonymous_937)
FNDA:0,e
FNDA:0,(anonymous_939)
FNDA:0,(anonymous_940)
FNDA:0,(anonymous_941)
FNDA:0,f
FNDA:0,(anonymous_943)
FNDA:0,(anonymous_944)
FNDA:0,(anonymous_945)
FNDA:0,(anonymous_946)
FNDA:0,(anonymous_947)
FNDA:0,o
FNDA:0,i
FNDA:0,c
FNDA:0,a
FNDA:0,s
FNDA:0,l
FNDA:0,e
FNDA:0,(anonymous_955)
FNDA:0,(anonymous_956)
FNDA:0,f
FNDA:0,(anonymous_958)
FNDA:0,(anonymous_959)
FNDA:0,(anonymous_960)
FNDA:0,(anonymous_961)
FNDA:0,(anonymous_962)
FNDA:0,(anonymous_963)
FNDA:0,(anonymous_964)
FNDA:0,(anonymous_965)
FNDA:0,(anonymous_966)
FNDA:0,(anonymous_967)
FNDA:0,(anonymous_968)
FNDA:0,p
DA:8,0
DA:24,0
DA:27,0
DA:28,0
DA:31,0
DA:67,0
DA:93,0
DA:106,0
DA:123,0
DA:126,0
DA:127,0
DA:132,0
DA:133,0
DA:138,0
DA:142,0
DA:149,0
DA:155,0
DA:168,0
DA:169,0
DA:171,0
DA:185,0
DA:186,0
DA:188,0
DA:189,0
DA:196,0
DA:197,0
DA:206,0
DA:207,0
DA:208,0
DA:209,0
DA:210,0
DA:211,0
DA:215,0
DA:239,0
DA:241,0
DA:242,0
DA:243,0
DA:244,0
DA:246,0
DA:247,0
DA:249,0
DA:251,0
DA:292,0
DA:294,0
DA:295,0
DA:298,0
DA:377,0
DA:378,0
DA:380,0
DA:382,0
DA:383,0
DA:385,0
DA:386,0
DA:387,0
DA:394,0
DA:400,0
DA:405,0
DA:410,0
DA:415,0
DA:417,0
DA:419,0
DA:420,0
DA:421,0
DA:423,0
DA:424,0
DA:426,0
DA:454,0
DA:473,0
DA:479,0
DA:485,0
DA:486,0
DA:520,0
DA:521,0
DA:524,0
DA:527,0
DA:528,0
DA:532,0
DA:534,0
DA:542,0
DA:555,0
DA:558,0
DA:563,0
DA:564,0
DA:568,0
DA:569,0
DA:571,0
DA:572,0
DA:582,0
DA:607,0
DA:615,0
DA:643,0
DA:644,0
DA:645,0
DA:646,0
DA:652,0
DA:657,0
DA:681,0
DA:683,0
DA:698,0
DA:700,0
DA:704,0
DA:705,0
DA:741,0
DA:792,0
DA:793,0
DA:795,0
DA:796,0
DA:798,0
DA:800,0
DA:803,0
DA:812,0
DA:813,0
DA:823,0
DA:824,0
DA:825,0
DA:828,0
DA:846,0
DA:847,0
DA:851,0
DA:852,0
DA:854,0
DA:855,0
DA:856,0
DA:859,0
DA:860,0
DA:861,0
DA:862,0
DA:863,0
DA:864,0
DA:866,0
DA:868,0
DA:869,0
DA:873,0
DA:875,0
DA:876,0
DA:881,0
DA:882,0
DA:885,0
DA:887,0
DA:889,0
DA:892,0
DA:896,0
DA:898,0
DA:899,0
DA:900,0
DA:901,0
DA:902,0
DA:905,0
DA:906,0
DA:907,0
DA:910,0
DA:911,0
DA:912,0
DA:920,0
DA:921,0
DA:925,0
DA:926,0
DA:930,0
DA:933,0
DA:939,0
DA:941,0
DA:944,0
DA:948,0
DA:952,0
DA:953,0
DA:954,0
DA:956,0
DA:958,0
DA:959,0
DA:963,0
DA:965,0
DA:972,0
DA:973,0
DA:1007,0
DA:1009,0
DA:1010,0
DA:1029,0
DA:1031,0
DA:1036,0
DA:1046,0
DA:1047,0
DA:1048,0
DA:1050,0
DA:1060,0
DA:1061,0
DA:1062,0
DA:1063,0
DA:1066,0
DA:1070,0
DA:1071,0
DA:1079,0
DA:1080,0
DA:1081,0
DA:1082,0
DA:1084,0
DA:1095,0
DA:1106,0
DA:1111,0
DA:1118,0
DA:1119,0
DA:1130,0
DA:1134,0
DA:1270,0
DA:1288,0
DA:1289,0
DA:1296,0
DA:1302,0
DA:1307,0
DA:1308,0
DA:1309,0
DA:1335,0
DA:1337,0
DA:1381,0
DA:1382,0
DA:1555,0
DA:1559,0
DA:1561,0
DA:1562,0
DA:1563,0
DA:1565,0
DA:1567,0
DA:1579,0
DA:1580,0
DA:1581,0
DA:1582,0
DA:1584,0
DA:1587,0
DA:1597,0
DA:1598,0
DA:1603,0
DA:1604,0
DA:1608,0
DA:1609,0
DA:1610,0
DA:1615,0
DA:1616,0
DA:1618,0
DA:1620,0
DA:1621,0
DA:1624,0
DA:1625,0
DA:1629,0
DA:1633,0
DA:1634,0
DA:1639,0
DA:1640,0
DA:1642,0
DA:1676,0
DA:1678,0
DA:1679,0
DA:1684,0
DA:1686,0
DA:1687,0
LF:253
LH:0
BRDA:9,0,0,0
BRDA:9,0,1,0
BRDA:12,1,0,0
BRDA:12,1,1,0
BRDA:11,2,0,0
BRDA:11,2,1,0
BRDA:53,3,0,0
BRDA:53,3,1,0
BRDA:54,4,0,0
BRDA:54,4,1,0
BRDA:68,5,0,0
BRDA:68,5,1,0
BRDA:70,6,0,0
BRDA:70,6,1,0
BRDA:103,7,0,0
BRDA:103,7,1,0
BRDA:124,8,0,0
BRDA:124,8,1,0
BRDA:124,8,2,0
BRDA:120,9,0,0
BRDA:120,9,1,0
BRDA:126,10,0,0
BRDA:126,10,1,0
BRDA:133,11,0,0
BRDA:133,11,1,0
BRDA:143,12,0,0
BRDA:143,12,1,0
BRDA:168,13,0,0
BRDA:168,13,1,0
BRDA:171,14,0,0
BRDA:171,14,1,0
BRDA:172,15,0,0
BRDA:172,15,1,0
BRDA:185,16,0,0
BRDA:185,16,1,0
BRDA:188,17,0,0
BRDA:188,17,1,0
BRDA:206,18,0,0
BRDA:206,18,1,0
BRDA:207,19,0,0
BRDA:207,19,1,0
BRDA:210,20,0,0
BRDA:210,20,1,0
BRDA:243,21,0,0
BRDA:243,21,1,0
BRDA:246,22,0,0
BRDA:246,22,1,0
BRDA:377,23,0,0
BRDA:377,23,1,0
BRDA:383,24,0,0
BRDA:383,24,1,0
BRDA:385,25,0,0
BRDA:385,25,1,0
BRDA:387,26,0,0
BRDA:387,26,1,0
BRDA:394,27,0,0
BRDA:394,27,1,0
BRDA:405,28,0,0
BRDA:405,28,1,0
BRDA:405,28,2,0
BRDA:415,29,0,0
BRDA:415,29,1,0
BRDA:420,30,0,0
BRDA:420,30,1,0
BRDA:421,31,0,0
BRDA:421,31,1,0
BRDA:430,32,0,0
BRDA:430,32,1,0
BRDA:426,33,0,0
BRDA:426,33,1,0
BRDA:430,34,0,0
BRDA:430,34,1,0
BRDA:430,34,2,0
BRDA:528,35,0,0
BRDA:528,35,1,0
BRDA:528,35,2,0
BRDA:550,36,0,0
BRDA:550,36,1,0
BRDA:555,37,0,0
BRDA:555,37,1,0
BRDA:557,38,0,0
BRDA:557,38,1,0
BRDA:563,39,0,0
BRDA:563,39,1,0
BRDA:568,40,0,0
BRDA:568,40,1,0
BRDA:568,41,0,0
BRDA:568,41,1,0
BRDA:644,42,0,0
BRDA:644,42,1,0
BRDA:683,43,0,0
BRDA:683,43,1,0
BRDA:700,44,0,0
BRDA:700,44,1,0
BRDA:700,45,0,0
BRDA:700,45,1,0
BRDA:760,46,0,0
BRDA:760,46,1,0
BRDA:847,47,0,0
BRDA:847,47,1,0
BRDA:847,48,0,0
BRDA:847,48,1,0
BRDA:852,49,0,0
BRDA:852,49,1,0
BRDA:855,50,0,0
BRDA:855,50,1,0
BRDA:855,51,0,0
BRDA:855,51,1,0
BRDA:866,52,0,0
BRDA:866,52,1,0
BRDA:866,53,0,0
BRDA:866,53,1,0
BRDA:873,54,0,0
BRDA:873,54,1,0
BRDA:881,55,0,0
BRDA:881,55,1,0
BRDA:881,56,0,0
BRDA:881,56,1,0
BRDA:887,57,0,0
BRDA:887,57,1,0
BRDA:892,58,0,0
BRDA:892,58,1,0
BRDA:898,59,0,0
BRDA:898,59,1,0
BRDA:898,60,0,0
BRDA:898,60,1,0
BRDA:901,61,0,0
BRDA:901,61,1,0
BRDA:905,62,0,0
BRDA:905,62,1,0
BRDA:905,63,0,0
BRDA:905,63,1,0
BRDA:920,64,0,0
BRDA:920,64,1,0
BRDA:927,65,0,0
BRDA:927,65,1,0
BRDA:927,65,2,0
BRDA:944,66,0,0
BRDA:944,66,1,0
BRDA:948,67,0,0
BRDA:948,67,1,0
BRDA:949,68,0,0
BRDA:949,68,1,0
BRDA:959,69,0,0
BRDA:959,69,1,0
BRDA:959,69,2,0
BRDA:965,70,0,0
BRDA:965,70,1,0
BRDA:972,71,0,0
BRDA:972,71,1,0
BRDA:975,72,0,0
BRDA:975,72,1,0
BRDA:979,73,0,0
BRDA:979,73,1,0
BRDA:1047,74,0,0
BRDA:1047,74,1,0
BRDA:1070,75,0,0
BRDA:1070,75,1,0
BRDA:792,76,0,0
BRDA:792,76,1,0
BRDA:795,77,0,0
BRDA:795,77,1,0
BRDA:813,78,0,0
BRDA:813,78,1,0
BRDA:815,79,0,0
BRDA:815,79,1,0
BRDA:825,80,0,0
BRDA:825,80,1,0
BRDA:1076,81,0,0
BRDA:1076,81,1,0
BRDA:1076,82,0,0
BRDA:1076,82,1,0
BRDA:1085,83,0,0
BRDA:1085,83,1,0
BRDA:1106,84,0,0
BRDA:1106,84,1,0
BRDA:1111,85,0,0
BRDA:1111,85,1,0
BRDA:1097,86,0,0
BRDA:1097,86,1,0
BRDA:1100,87,0,0
BRDA:1100,87,1,0
BRDA:1120,88,0,0
BRDA:1120,88,1,0
BRDA:1119,89,0,0
BRDA:1119,89,1,0
BRDA:1119,89,2,0
BRDA:1119,89,3,0
BRDA:1123,90,0,0
BRDA:1123,90,1,0
BRDA:1134,91,0,0
BRDA:1134,91,1,0
BRDA:1139,92,0,0
BRDA:1139,92,1,0
BRDA:1270,93,0,0
BRDA:1270,93,1,0
BRDA:1382,94,0,0
BRDA:1382,94,1,0
BRDA:1543,95,0,0
BRDA:1543,95,1,0
BRDA:1555,96,0,0
BRDA:1555,96,1,0
BRDA:1555,97,0,0
BRDA:1555,97,1,0
BRDA:1555,97,2,0
BRDA:1609,98,0,0
BRDA:1609,98,1,0
BRDA:1621,99,0,0
BRDA:1621,99,1,0
BRDA:1624,100,0,0
BRDA:1624,100,1,0
BRDA:1625,101,0,0
BRDA:1625,101,1,0
BRDA:1634,102,0,0
BRDA:1634,102,1,0
BRDA:1642,103,0,0
BRDA:1642,103,1,0
BRDA:1645,104,0,0
BRDA:1645,104,1,0
BRDA:1643,105,0,0
BRDA:1643,105,1,0
BRDA:1656,106,0,0
BRDA:1656,106,1,0
BRDA:1676,107,0,0
BRDA:1676,107,1,0
BRDA:1687,108,0,0
BRDA:1687,108,1,0
BRF:227
BRH:0
end_of_record
TN:
SF:docs/js/webpack:/node_modules/prismjs/components/prism-bash.js
FN:1,(anonymous_623)
FNF:1
FNH:0
FNDA:0,(anonymous_623)
DA:1,0
DA:6,0
DA:8,0
DA:15,0
DA:70,0
DA:190,0
DA:206,0
DA:207,0
DA:208,0
DA:211,0
LF:10
LH:0
BRF:0
BRH:0
end_of_record
TN:
SF:docs/js/webpack:/node_modules/prismjs/plugins/normalize-whitespace/prism-normalize-whitespace.js
FN:1,(anonymous_157)
FN:3,(anonymous_159)
FN:11,n
FN:15,r
FN:16,(anonymous_162)
FN:21,o
FN:31,(anonymous_164)
FN:34,(anonymous_165)
FN:51,(anonymous_166)
FN:54,(anonymous_167)
FN:57,(anonymous_168)
FN:61,(anonymous_169)
FN:65,(anonymous_170)
FN:69,(anonymous_171)
FN:72,(anonymous_172)
FN:78,(anonymous_173)
FN:85,(anonymous_174)
FN:88,(anonymous_175)
FN:135,(anonymous_176)
FNF:19
FNH:0
FNDA:0,(anonymous_157)
FNDA:0,(anonymous_159)
FNDA:0,n
FNDA:0,r
FNDA:0,(anonymous_162)
FNDA:0,o
FNDA:0,(anonymous_164)
FNDA:0,(anonymous_165)
FNDA:0,(anonymous_166)
FNDA:0,(anonymous_167)
FNDA:0,(anonymous_168)
FNDA:0,(anonymous_169)
FNDA:0,(anonymous_170)
FNDA:0,(anonymous_171)
FNDA:0,(anonymous_172)
FNDA:0,(anonymous_173)
FNDA:0,(anonymous_174)
FNDA:0,(anonymous_175)
FNDA:0,(anonymous_176)
DA:1,0
DA:3,0
DA:4,0
DA:5,0
DA:8,0
DA:12,0
DA:16,0
DA:17,0
DA:22,0
DA:23,0
DA:24,0
DA:27,0
DA:30,0
DA:32,0
DA:37,0
DA:38,0
DA:39,0
DA:45,0
DA:52,0
DA:55,0
DA:59,0
DA:63,0
DA:66,0
DA:70,0
DA:73,0
DA:75,0
DA:78,0
DA:86,0
DA:89,0
DA:91,0
DA:92,0
DA:93,0
DA:96,0
DA:97,0
DA:99,0
DA:100,0
DA:101,0
DA:107,0
DA:109,0
DA:136,0
DA:139,0
DA:149,0
DA:150,0
DA:155,0
DA:156,0
DA:160,0
DA:161,0
DA:162,0
DA:163,0
DA:166,0
DA:167,0
DA:169,0
DA:183,0
DA:184,0
DA:188,0
DA:189,0
LF:56
LH:0
BRDA:3,0,0,0
BRDA:3,0,1,0
BRDA:5,1,0,0
BRDA:5,1,1,0
BRDA:24,2,0,0
BRDA:24,2,1,0
BRDA:39,3,0,0
BRDA:39,3,1,0
BRDA:39,3,2,0
BRDA:39,3,3,0
BRDA:39,3,4,0
BRDA:58,4,0,0
BRDA:58,4,1,0
BRDA:62,5,0,0
BRDA:62,5,1,0
BRDA:78,6,0,0
BRDA:78,6,1,0
BRDA:75,7,0,0
BRDA:75,7,1,0
BRDA:83,8,0,0
BRDA:83,8,1,0
BRDA:89,9,0,0
BRDA:89,9,1,0
BRDA:89,10,0,0
BRDA:89,10,1,0
BRDA:93,11,0,0
BRDA:93,11,1,0
BRDA:102,12,0,0
BRDA:102,12,1,0
BRDA:114,13,0,0
BRDA:114,13,1,0
BRDA:119,14,0,0
BRDA:119,14,1,0
BRDA:139,15,0,0
BRDA:139,15,1,0
BRDA:139,16,0,0
BRDA:139,16,1,0
BRDA:139,16,2,0
BRDA:149,17,0,0
BRDA:149,17,1,0
BRDA:149,18,0,0
BRDA:149,18,1,0
BRDA:149,18,2,0
BRDA:156,19,0,0
BRDA:156,19,1,0
BRDA:156,20,0,0
BRDA:156,20,1,0
BRDA:156,20,2,0
BRDA:170,21,0,0
BRDA:170,21,1,0
BRDA:171,22,0,0
BRDA:171,22,1,0
BRDA:173,23,0,0
BRDA:173,23,1,0
BRDA:183,24,0,0
BRDA:183,24,1,0
BRDA:183,25,0,0
BRDA:183,25,1,0
BRF:58
BRH:0
end_of_record
TN:
SF:docs/js/webpack:/src/App.vue
FN:26,(anonymous_43)
FN:51,(anonymous_59)
FNF:2
FNH:0
FNDA:0,(anonymous_43)
FNDA:0,(anonymous_59)
DA:2,0
DA:3,0
DA:4,0
DA:22,0
DA:23,0
DA:32,0
DA:33,0
DA:51,0
DA:55,0
DA:56,0
DA:59,0
LF:11
LH:0
BRF:0
BRH:0
end_of_record
TN:
SF:docs/js/webpack:/src/App.vue?69aa
FN:1,(anonymous_73)
FNF:1
FNH:0
FNDA:0,(anonymous_73)
DA:1,0
LF:1
LH:0
BRF:0
BRH:0
end_of_record
TN:
SF:docs/js/webpack:/src/App.vue?889f
FNF:0
FNH:0
DA:6,0
DA:8,0
LF:2
LH:0
BRF:0
BRH:0
end_of_record
TN:
SF:docs/js/webpack:/src/ExampleCard.vue
FN:2,w
FN:5,(anonymous_46)
FNF:2
FNH:0
FNDA:0,w
FNDA:0,(anonymous_46)
DA:2,0
DA:3,0
DA:5,0
DA:9,0
DA:10,0
DA:12,0
DA:14,0
DA:17,0
DA:19,0
DA:27,0
LF:10
LH:0
BRDA:5,0,0,0
BRDA:5,0,1,0
BRF:2
BRH:0
end_of_record
TN:
SF:docs/js/webpack:/src/ExampleCard.vue?730d
FNF:0
FNH:0
DA:4,0
DA:6,0
LF:2
LH:0
BRF:0
BRH:0
end_of_record
TN:
SF:docs/js/webpack:/src/InstalationCard.vue
FN:2,C
FNF:1
FNH:0
FNDA:0,C
DA:2,0
DA:3,0
DA:10,0
LF:3
LH:0
BRDA:10,0,0,0
BRF:1
BRH:0
end_of_record
TN:
SF:docs/js/webpack:/src/InstalationCard.vue?6100
FNF:0
FNH:0
DA:4,0
DA:6,0
LF:2
LH:0
BRF:0
BRH:0
end_of_record
TN:
SF:docs/js/webpack:/src/Prism.vue
FN:2,D
FN:18,(anonymous_62)
FN:15,(anonymous_64)
FN:35,(anonymous_66)
FN:37,(anonymous_67)
FNF:5
FNH:0
FNDA:0,D
FNDA:0,(anonymous_62)
FNDA:0,(anonymous_64)
FNDA:0,(anonymous_66)
FNDA:0,(anonymous_67)
DA:2,0
DA:3,0
DA:5,0
DA:15,0
DA:20,0
DA:23,0
DA:24,0
DA:28,0
DA:33,0
DA:34,0
DA:37,0
DA:38,0
LF:12
LH:0
BRF:0
BRH:0
end_of_record
TN:
SF:docs/js/webpack:/src/Prism.vue?89b5
FNF:0
FNH:0
DA:6,0
DA:8,0
LF:2
LH:0
BRF:0
BRH:0
end_of_record
TN:
SF:docs/js/webpack:/src/Prism.vue?b55e
FN:1,(anonymous_74)
FNF:1
FNH:0
FNDA:0,(anonymous_74)
DA:1,0
LF:1
LH:0
BRF:0
BRH:0
end_of_record
TN:
SF:docs/js/webpack:/src/examples.js
FN:4,(anonymous_48)
FN:17,(anonymous_49)
FN:30,(anonymous_50)
FN:43,(anonymous_51)
FNF:4
FNH:0
FNDA:0,(anonymous_48)
FNDA:0,(anonymous_49)
FNDA:0,(anonymous_50)
FNDA:0,(anonymous_51)
DA:3,0
DA:9,0
DA:22,0
DA:35,0
DA:48,0
LF:5
LH:0
BRF:0
BRH:0
end_of_record
TN:
SF:docs/js/webpack:/src/instalation.js
FN:4,(anonymous_52)
FN:15,(anonymous_53)
FN:32,(anonymous_54)
FN:50,(anonymous_55)
FN:82,(anonymous_56)
FN:99,(anonymous_57)
FN:113,(anonymous_58)
FNF:7
FNH:0
FNDA:0,(anonymous_52)
FNDA:0,(anonymous_53)
FNDA:0,(anonymous_54)
FNDA:0,(anonymous_55)
FNDA:0,(anonymous_56)
FNDA:0,(anonymous_57)
FNDA:0,(anonymous_58)
DA:3,0
DA:8,0
DA:19,0
DA:36,0
DA:54,0
DA:86,0
DA:103,0
DA:117,0
LF:8
LH:0
BRF:0
BRH:0
end_of_record
TN:
SF:docs/js/webpack:/src/main.js
FNF:0
FNH:0
DA:6,0
DA:8,0
LF:2
LH:0
BRF:0
BRH:0
end_of_record
TN:
SF:docs/js/webpack:/src/assets/normalizer.js
FN:1,(anonymous_38)
FNF:1
FNH:0
FNDA:0,(anonymous_38)
DA:1,0
DA:2,0
LF:2
LH:0
BRF:0
BRH:0
end_of_record
TN:
SF:docs/js/webpack:/webpack/bootstrap
FN:2,(anonymous_0)
FN:2,t
FN:34,n
FN:65,o
FN:96,(anonymous_4)
FN:103,(anonymous_5)
FN:115,(anonymous_6)
FN:122,(anonymous_7)
FN:127,(anonymous_8)
FN:129,(anonymous_9)
FN:130,(anonymous_10)
FN:136,(anonymous_11)
FNF:12
FNH:0
FNDA:0,(anonymous_0)
FNDA:0,t
FNDA:0,n
FNDA:0,o
FNDA:0,(anonymous_4)
FNDA:0,(anonymous_5)
FNDA:0,(anonymous_6)
FNDA:0,(anonymous_7)
FNDA:0,(anonymous_8)
FNDA:0,(anonymous_9)
FNDA:0,(anonymous_10)
FNDA:0,(anonymous_11)
DA:3,0
DA:4,0
DA:5,0
DA:9,0
DA:10,0
DA:11,0
DA:17,0
DA:18,0
DA:22,0
DA:24,0
DA:25,0
DA:32,0
DA:36,0
DA:37,0
DA:38,0
DA:39,0
DA:40,0
DA:41,0
DA:43,0
DA:49,0
DA:53,0
DA:58,0
DA:62,0
DA:68,0
DA:69,0
DA:72,0
DA:85,0
DA:90,0
DA:97,0
DA:104,0
DA:117,0
DA:118,0
DA:119,0
DA:122,0
DA:123,0
DA:128,0
DA:129,0
DA:130,0
DA:132,0
DA:136,0
DA:141,0
DA:142,0
DA:143,0
DA:145,0
DA:146,0
DA:150,0
LF:46
LH:0
BRDA:12,0,0,0
BRDA:12,0,1,0
BRDA:12,0,2,0
BRDA:18,1,0,0
BRDA:18,1,1,0
BRDA:22,2,0,0
BRDA:22,2,1,0
BRDA:29,3,0,0
BRDA:29,3,1,0
BRDA:41,4,0,0
BRDA:41,4,1,0
BRDA:43,5,0,0
BRDA:43,5,1,0
BRDA:68,6,0,0
BRDA:68,6,1,0
BRDA:97,7,0,0
BRDA:97,7,1,0
BRDA:104,8,0,0
BRDA:104,8,1,0
BRDA:104,8,2,0
BRDA:117,9,0,0
BRDA:117,9,1,0
BRDA:116,10,0,0
BRDA:116,10,1,0
BRDA:118,11,0,0
BRDA:118,11,1,0
BRDA:118,12,0,0
BRDA:118,12,1,0
BRDA:118,12,2,0
BRDA:118,12,3,0
BRDA:122,13,0,0
BRDA:122,13,1,0
BRDA:122,14,0,0
BRDA:122,14,1,0
BRDA:129,15,0,0
BRDA:129,15,1,0
BRDA:128,16,0,0
BRDA:128,16,1,0
BRDA:141,17,0,0
BRDA:141,17,1,0
BRF:40
BRH:0
end_of_record
TN:
SF:src/defaultOptions.js
FNF:0
FNH:0
DA:1,1
LF:1
LH:1
BRF:0
BRH:0
end_of_record
TN:
SF:src/index.js
FN:7,(anonymous_0)
FN:28,(anonymous_1)
FN:32,(anonymous_2)
FNF:3
FNH:0
FNDA:0,(anonymous_0)
FNDA:0,(anonymous_1)
FNDA:0,(anonymous_2)
DA:7,0
DA:8,0
DA:9,0
DA:11,0
DA:13,0
DA:17,0
DA:18,0
DA:19,0
DA:22,0
DA:23,0
DA:26,0
DA:29,0
DA:30,0
DA:33,0
DA:34,0
DA:41,0
DA:45,0
DA:46,0
DA:47,0
DA:48,0
DA:49,0
DA:51,0
DA:52,0
LF:23
LH:0
BRDA:8,0,0,0
BRDA:8,0,1,0
BRDA:17,1,0,0
BRDA:17,1,1,0
BRDA:28,2,0,0
BRDA:32,3,0,0
BRDA:46,4,0,0
BRDA:46,4,1,0
BRDA:48,5,0,0
BRDA:48,5,1,0
BRDA:51,6,0,0
BRDA:51,6,1,0
BRF:12
BRH:0
end_of_record
TN:
SF:src/utils.js
FN:14,(anonymous_0)
FN:30,(anonymous_1)
FN:42,(anonymous_2)
FN:43,(anonymous_3)
FN:51,(anonymous_4)
FN:62,onlyNumbers
FN:67,fixed
FN:71,numbersToCurrency
FN:77,addThousandSeparator
FN:81,joinIntegerAndDecimal
FN:85,toStr
FN:89,isNegative
FNF:12
FNH:9
FNDA:5,(anonymous_0)
FNDA:2,(anonymous_1)
FNDA:0,(anonymous_2)
FNDA:0,(anonymous_3)
FNDA:0,(anonymous_4)
FNDA:7,onlyNumbers
FNDA:11,fixed
FNDA:7,numbersToCurrency
FNDA:5,addThousandSeparator
FNDA:5,joinIntegerAndDecimal
FNDA:12,toStr
FNDA:7,isNegative
DA:12,1
DA:14,1
DA:15,5
DA:16,5
DA:17,4
DA:19,5
DA:20,5
DA:21,5
DA:22,5
DA:23,5
DA:24,5
DA:25,5
DA:26,5
DA:28,1
DA:30,1
DA:31,2
DA:32,2
DA:33,2
DA:34,2
DA:35,2
DA:36,0
DA:38,2
DA:40,1
DA:42,1
DA:43,0
DA:44,0
DA:45,0
DA:48,1
DA:51,1
DA:52,0
DA:53,0
DA:54,0
DA:55,0
DA:56,0
DA:57,0
DA:59,1
DA:63,7
DA:68,11
DA:72,7
DA:73,7
DA:74,7
DA:78,5
DA:82,5
DA:86,12
DA:90,7
DA:91,5
DA:92,5
DA:93,5
DA:94,5
LF:49
LH:39
BRDA:14,0,0,1
BRDA:16,1,0,4
BRDA:16,1,1,1
BRDA:16,2,0,5
BRDA:16,2,1,5
BRDA:19,3,0,0
BRDA:19,3,1,5
BRDA:30,4,0,1
BRDA:32,5,0,0
BRDA:32,5,1,2
BRDA:35,6,0,0
BRDA:35,6,1,2
BRDA:36,7,0,0
BRDA:36,7,1,0
BRDA:44,8,0,0
BRDA:44,8,1,0
BRDA:51,9,0,0
BRDA:63,10,0,7
BRDA:63,10,1,0
BRDA:82,11,0,5
BRDA:82,11,1,0
BRDA:86,12,0,12
BRDA:86,12,1,0
BRDA:89,13,0,0
BRDA:90,14,0,2
BRDA:90,14,1,5
BRDA:91,15,0,1
BRDA:91,15,1,4
BRDA:93,16,0,0
BRDA:93,16,1,5
BRDA:93,17,0,5
BRDA:93,17,1,5
BRDA:93,17,2,5
BRDA:94,18,0,0
BRDA:94,18,1,5
BRDA:94,19,0,5
BRDA:94,19,1,5
BRF:37
BRH:23
end_of_record
TN:
SF:src/docs/babel.config.js
FNF:0
FNH:0
DA:1,0
LF:1
LH:0
BRF:0
BRH:0
end_of_record
TN:
SF:src/docs/postcss.config.js
FN:23,(anonymous_0)
FNF:1
FNH:0
FNDA:0,(anonymous_0)
DA:1,0
DA:2,0
DA:4,0
DA:23,0
DA:29,0
LF:5
LH:0
BRDA:23,0,0,0
BRDA:23,0,1,0
BRDA:33,1,0,0
BRDA:33,1,1,0
BRF:4
BRH:0
end_of_record
TN:
SF:src/docs/tailwind.config.js
FNF:0
FNH:0
DA:2,0
LF:1
LH:0
BRF:0
BRH:0
end_of_record
TN:
SF:src/docs/vue.config.js
FNF:0
FNH:0
DA:1,0
LF:1
LH:0
BRF:0
BRH:0
end_of_record
TN:
SF:src/docs/src/examples.js
FN:8,(anonymous_0)
FN:21,(anonymous_1)
FN:34,(anonymous_2)
FN:47,(anonymous_3)
FNF:4
FNH:0
FNDA:0,(anonymous_0)
FNDA:0,(anonymous_1)
FNDA:0,(anonymous_2)
FNDA:0,(anonymous_3)
DA:9,0
DA:22,0
DA:35,0
DA:48,0
LF:4
LH:0
BRF:0
BRH:0
end_of_record
TN:
SF:src/docs/src/instalation.js
FN:7,(anonymous_0)
FN:18,(anonymous_1)
FN:35,(anonymous_2)
FN:53,(anonymous_3)
FN:85,(anonymous_4)
FN:102,(anonymous_5)
FN:116,(anonymous_6)
FNF:7
FNH:0
FNDA:0,(anonymous_0)
FNDA:0,(anonymous_1)
FNDA:0,(anonymous_2)
FNDA:0,(anonymous_3)
FNDA:0,(anonymous_4)
FNDA:0,(anonymous_5)
FNDA:0,(anonymous_6)
DA:8,0
DA:19,0
DA:36,0
DA:54,0
DA:86,0
DA:103,0
DA:117,0
LF:7
LH:0
BRF:0
BRH:0
end_of_record
TN:
SF:src/docs/src/main.js
FNF:0
FNH:0
DA:6,0
DA:8,0
DA:9,0
DA:11,0
LF:4
LH:0
BRF:0
BRH:0
end_of_record
TN:
SF:src/docs/src/assets/normalizer.js
FNF:0
FNH:0
DA:1,0
DA:2,0
LF:2
LH:0
BRF:0
BRH:0
end_of_record
